{"/Users/kevin/Desktop/Projets/CineConnect_Project/backend/src/app.ts": {"path":"/Users/kevin/Desktop/Projets/CineConnect_Project/backend/src/app.ts","statementMap":{"0":{"start":{"line":12,"column":0},"end":{"line":12,"column":16}},"1":{"start":{"line":57,"column":0},"end":{"line":57,"column":16}},"2":{"start":{"line":1,"column":0},"end":{"line":1,"column":24}},"3":{"start":{"line":2,"column":0},"end":{"line":2,"column":24}},"4":{"start":{"line":3,"column":0},"end":{"line":3,"column":30}},"5":{"start":{"line":4,"column":0},"end":{"line":4,"column":49}},"6":{"start":{"line":5,"column":0},"end":{"line":5,"column":33}},"7":{"start":{"line":6,"column":0},"end":{"line":6,"column":48}},"8":{"start":{"line":7,"column":0},"end":{"line":7,"column":50}},"9":{"start":{"line":8,"column":0},"end":{"line":8,"column":44}},"10":{"start":{"line":9,"column":0},"end":{"line":9,"column":44}},"11":{"start":{"line":10,"column":0},"end":{"line":10,"column":41}},"12":{"start":{"line":13,"column":14},"end":{"line":13,"column":23}},"13":{"start":{"line":14,"column":25},"end":{"line":14,"column":79}},"14":{"start":{"line":16,"column":2},"end":{"line":21,"column":4}},"15":{"start":{"line":23,"column":22},"end":{"line":23,"column":41}},"16":{"start":{"line":30,"column":4},"end":{"line":36,"column":7}},"17":{"start":{"line":31,"column":6},"end":{"line":31,"column":57}},"18":{"start":{"line":32,"column":22},"end":{"line":32,"column":70}},"19":{"start":{"line":33,"column":6},"end":{"line":35,"column":7}},"20":{"start":{"line":34,"column":8},"end":{"line":34,"column":71}},"21":{"start":{"line":40,"column":2},"end":{"line":40,"column":40}},"22":{"start":{"line":41,"column":2},"end":{"line":41,"column":47}},"23":{"start":{"line":43,"column":2},"end":{"line":43,"column":26}},"24":{"start":{"line":45,"column":2},"end":{"line":47,"column":5}},"25":{"start":{"line":46,"column":4},"end":{"line":46,"column":57}},"26":{"start":{"line":49,"column":2},"end":{"line":49,"column":41}},"27":{"start":{"line":50,"column":2},"end":{"line":50,"column":43}},"28":{"start":{"line":51,"column":2},"end":{"line":51,"column":37}},"29":{"start":{"line":52,"column":2},"end":{"line":52,"column":37}},"30":{"start":{"line":54,"column":2},"end":{"line":54,"column":13}},"31":{"start":{"line":58,"column":21},"end":{"line":58,"column":43}},"32":{"start":{"line":59,"column":2},"end":{"line":59,"column":25}},"33":{"start":{"line":60,"column":2},"end":{"line":60,"column":20}}},"fnMap":{"0":{"name":"createApp","decl":{"start":{"line":12,"column":16},"end":{"line":12,"column":25}},"loc":{"start":{"line":12,"column":25},"end":{"line":55,"column":1}}},"1":{"name":"wrapAuthHandler","decl":{"start":{"line":25,"column":11},"end":{"line":25,"column":26}},"loc":{"start":{"line":28,"column":31},"end":{"line":37,"column":3}}},"2":{"name":"(anonymous_3)","decl":{"start":{"line":30,"column":32},"end":{"line":30,"column":33}},"loc":{"start":{"line":30,"column":49},"end":{"line":36,"column":5}}},"3":{"name":"(anonymous_4)","decl":{"start":{"line":45,"column":15},"end":{"line":45,"column":16}},"loc":{"start":{"line":45,"column":29},"end":{"line":47,"column":3}}},"4":{"name":"createHttpServer","decl":{"start":{"line":57,"column":16},"end":{"line":57,"column":32}},"loc":{"start":{"line":57,"column":53},"end":{"line":61,"column":1}}}},"branchMap":{"0":{"loc":{"start":{"line":14,"column":25},"end":{"line":14,"column":79}},"type":"binary-expr","locations":[{"start":{"line":14,"column":25},"end":{"line":14,"column":52}},{"start":{"line":14,"column":56},"end":{"line":14,"column":79}}]},"1":{"loc":{"start":{"line":32,"column":22},"end":{"line":32,"column":70}},"type":"cond-expr","locations":[{"start":{"line":32,"column":45},"end":{"line":32,"column":56}},{"start":{"line":32,"column":59},"end":{"line":32,"column":70}}]},"2":{"loc":{"start":{"line":33,"column":6},"end":{"line":35,"column":7}},"type":"if","locations":[{"start":{"line":33,"column":6},"end":{"line":35,"column":7}},{"start":{},"end":{}}]}},"s":{"0":1,"1":1,"2":1,"3":1,"4":1,"5":1,"6":1,"7":1,"8":1,"9":1,"10":1,"11":1,"12":6,"13":6,"14":6,"15":6,"16":3,"17":3,"18":3,"19":3,"20":2,"21":6,"22":6,"23":6,"24":6,"25":1,"26":6,"27":6,"28":6,"29":6,"30":6,"31":1,"32":1,"33":1},"f":{"0":6,"1":3,"2":3,"3":1,"4":1},"b":{"0":[6,6],"1":[2,1],"2":[2,1]}}
,"/Users/kevin/Desktop/Projets/CineConnect_Project/backend/src/auth.ts": {"path":"/Users/kevin/Desktop/Projets/CineConnect_Project/backend/src/auth.ts","statementMap":{"0":{"start":{"line":1,"column":0},"end":{"line":1,"column":33}},"1":{"start":{"line":2,"column":0},"end":{"line":2,"column":41}},"2":{"start":{"line":3,"column":0},"end":{"line":3,"column":62}},"3":{"start":{"line":4,"column":0},"end":{"line":4,"column":35}},"4":{"start":{"line":5,"column":0},"end":{"line":5,"column":41}},"5":{"start":{"line":7,"column":0},"end":{"line":7,"column":16}},"6":{"start":{"line":9,"column":16},"end":{"line":9,"column":70}},"7":{"start":{"line":10,"column":15},"end":{"line":10,"column":45}},"8":{"start":{"line":12,"column":0},"end":{"line":16,"column":1}},"9":{"start":{"line":13,"column":2},"end":{"line":15,"column":4}},"10":{"start":{"line":22,"column":13},"end":{"line":48,"column":3}}},"fnMap":{},"branchMap":{"0":{"loc":{"start":{"line":9,"column":16},"end":{"line":9,"column":70}},"type":"binary-expr","locations":[{"start":{"line":9,"column":16},"end":{"line":9,"column":43}},{"start":{"line":9,"column":47},"end":{"line":9,"column":70}}]},"1":{"loc":{"start":{"line":12,"column":0},"end":{"line":16,"column":1}},"type":"if","locations":[{"start":{"line":12,"column":0},"end":{"line":16,"column":1}},{"start":{},"end":{}}]},"2":{"loc":{"start":{"line":12,"column":4},"end":{"line":12,"column":33}},"type":"binary-expr","locations":[{"start":{"line":12,"column":4},"end":{"line":12,"column":11}},{"start":{"line":12,"column":15},"end":{"line":12,"column":33}}]},"3":{"loc":{"start":{"line":24,"column":10},"end":{"line":24,"column":60}},"type":"binary-expr","locations":[{"start":{"line":24,"column":10},"end":{"line":24,"column":16}},{"start":{"line":24,"column":20},"end":{"line":24,"column":60}}]}},"s":{"0":4,"1":4,"2":4,"3":4,"4":4,"5":4,"6":4,"7":4,"8":4,"9":2,"10":4},"f":{},"b":{"0":[4,1],"1":[2,2],"2":[4,3],"3":[4,1]}}
,"/Users/kevin/Desktop/Projets/CineConnect_Project/backend/src/index.ts": {"path":"/Users/kevin/Desktop/Projets/CineConnect_Project/backend/src/index.ts","statementMap":{"0":{"start":{"line":6,"column":0},"end":{"line":6,"column":16}},"1":{"start":{"line":1,"column":0},"end":{"line":1,"column":33}},"2":{"start":{"line":2,"column":0},"end":{"line":2,"column":55}},"3":{"start":{"line":4,"column":0},"end":{"line":4,"column":16}},"4":{"start":{"line":7,"column":14},"end":{"line":7,"column":25}},"5":{"start":{"line":8,"column":21},"end":{"line":8,"column":42}},"6":{"start":{"line":9,"column":15},"end":{"line":9,"column":39}},"7":{"start":{"line":11,"column":2},"end":{"line":13,"column":5}},"8":{"start":{"line":12,"column":4},"end":{"line":12,"column":65}},"9":{"start":{"line":15,"column":2},"end":{"line":15,"column":29}},"10":{"start":{"line":18,"column":0},"end":{"line":20,"column":1}},"11":{"start":{"line":19,"column":2},"end":{"line":19,"column":16}}},"fnMap":{"0":{"name":"startServer","decl":{"start":{"line":6,"column":16},"end":{"line":6,"column":27}},"loc":{"start":{"line":6,"column":27},"end":{"line":16,"column":1}}},"1":{"name":"(anonymous_10)","decl":{"start":{"line":11,"column":26},"end":{"line":11,"column":29}},"loc":{"start":{"line":11,"column":31},"end":{"line":13,"column":3}}}},"branchMap":{"0":{"loc":{"start":{"line":9,"column":15},"end":{"line":9,"column":39}},"type":"binary-expr","locations":[{"start":{"line":9,"column":15},"end":{"line":9,"column":31}},{"start":{"line":9,"column":35},"end":{"line":9,"column":39}}]},"1":{"loc":{"start":{"line":18,"column":0},"end":{"line":20,"column":1}},"type":"if","locations":[{"start":{"line":18,"column":0},"end":{"line":20,"column":1}},{"start":{},"end":{}}]}},"s":{"0":4,"1":4,"2":4,"3":4,"4":3,"5":3,"6":3,"7":3,"8":3,"9":3,"10":4,"11":1},"f":{"0":3,"1":3},"b":{"0":[3,1],"1":[1,3]}}
,"/Users/kevin/Desktop/Projets/CineConnect_Project/backend/src/socket.ts": {"path":"/Users/kevin/Desktop/Projets/CineConnect_Project/backend/src/socket.ts","statementMap":{"0":{"start":{"line":11,"column":0},"end":{"line":11,"column":16}},"1":{"start":{"line":2,"column":0},"end":{"line":2,"column":51}},"2":{"start":{"line":3,"column":0},"end":{"line":3,"column":33}},"3":{"start":{"line":4,"column":0},"end":{"line":4,"column":65}},"4":{"start":{"line":12,"column":13},"end":{"line":20,"column":4}},"5":{"start":{"line":23,"column":2},"end":{"line":39,"column":5}},"6":{"start":{"line":24,"column":4},"end":{"line":38,"column":5}},"7":{"start":{"line":25,"column":21},"end":{"line":25,"column":58}},"8":{"start":{"line":26,"column":22},"end":{"line":26,"column":45}},"9":{"start":{"line":27,"column":26},"end":{"line":27,"column":64}},"10":{"start":{"line":29,"column":6},"end":{"line":31,"column":7}},"11":{"start":{"line":30,"column":8},"end":{"line":30,"column":50}},"12":{"start":{"line":33,"column":6},"end":{"line":33,"column":57}},"13":{"start":{"line":34,"column":6},"end":{"line":34,"column":59}},"14":{"start":{"line":35,"column":6},"end":{"line":35,"column":13}},"15":{"start":{"line":37,"column":6},"end":{"line":37,"column":52}},"16":{"start":{"line":41,"column":2},"end":{"line":77,"column":5}},"17":{"start":{"line":42,"column":20},"end":{"line":42,"column":53}},"18":{"start":{"line":45,"column":4},"end":{"line":45,"column":34}},"19":{"start":{"line":48,"column":4},"end":{"line":64,"column":7}},"20":{"start":{"line":49,"column":36},"end":{"line":49,"column":43}},"21":{"start":{"line":51,"column":6},"end":{"line":51,"column":48}},"22":{"start":{"line":51,"column":41},"end":{"line":51,"column":48}},"23":{"start":{"line":53,"column":6},"end":{"line":63,"column":7}},"24":{"start":{"line":54,"column":24},"end":{"line":54,"column":93}},"25":{"start":{"line":57,"column":8},"end":{"line":57,"column":62}},"26":{"start":{"line":60,"column":8},"end":{"line":60,"column":43}},"27":{"start":{"line":62,"column":8},"end":{"line":62,"column":79}},"28":{"start":{"line":67,"column":4},"end":{"line":69,"column":7}},"29":{"start":{"line":68,"column":6},"end":{"line":68,"column":80}},"30":{"start":{"line":71,"column":4},"end":{"line":73,"column":7}},"31":{"start":{"line":72,"column":6},"end":{"line":72,"column":46}},"32":{"start":{"line":76,"column":4},"end":{"line":76,"column":43}},"33":{"start":{"line":79,"column":2},"end":{"line":79,"column":12}}},"fnMap":{"0":{"name":"initSocket","decl":{"start":{"line":11,"column":16},"end":{"line":11,"column":26}},"loc":{"start":{"line":11,"column":49},"end":{"line":80,"column":1}}},"1":{"name":"(anonymous_10)","decl":{"start":{"line":23,"column":9},"end":{"line":23,"column":14}},"loc":{"start":{"line":23,"column":32},"end":{"line":39,"column":3}}},"2":{"name":"(anonymous_11)","decl":{"start":{"line":41,"column":22},"end":{"line":41,"column":23}},"loc":{"start":{"line":41,"column":33},"end":{"line":77,"column":3}}},"3":{"name":"(anonymous_12)","decl":{"start":{"line":48,"column":25},"end":{"line":48,"column":30}},"loc":{"start":{"line":48,"column":82},"end":{"line":64,"column":5}}},"4":{"name":"(anonymous_13)","decl":{"start":{"line":67,"column":25},"end":{"line":67,"column":26}},"loc":{"start":{"line":67,"column":61},"end":{"line":69,"column":5}}},"5":{"name":"(anonymous_14)","decl":{"start":{"line":71,"column":28},"end":{"line":71,"column":31}},"loc":{"start":{"line":71,"column":33},"end":{"line":73,"column":5}}}},"branchMap":{"0":{"loc":{"start":{"line":15,"column":8},"end":{"line":15,"column":62}},"type":"binary-expr","locations":[{"start":{"line":15,"column":8},"end":{"line":15,"column":35}},{"start":{"line":15,"column":39},"end":{"line":15,"column":62}}]},"1":{"loc":{"start":{"line":25,"column":21},"end":{"line":25,"column":58}},"type":"binary-expr","locations":[{"start":{"line":25,"column":21},"end":{"line":25,"column":52}},{"start":{"line":25,"column":56},"end":{"line":25,"column":58}}]},"2":{"loc":{"start":{"line":29,"column":6},"end":{"line":31,"column":7}},"type":"if","locations":[{"start":{"line":29,"column":6},"end":{"line":31,"column":7}},{"start":{},"end":{}}]},"3":{"loc":{"start":{"line":34,"column":29},"end":{"line":34,"column":58}},"type":"binary-expr","locations":[{"start":{"line":34,"column":29},"end":{"line":34,"column":50}},{"start":{"line":34,"column":54},"end":{"line":34,"column":58}}]},"4":{"loc":{"start":{"line":51,"column":6},"end":{"line":51,"column":48}},"type":"if","locations":[{"start":{"line":51,"column":6},"end":{"line":51,"column":48}},{"start":{},"end":{}}]},"5":{"loc":{"start":{"line":51,"column":10},"end":{"line":51,"column":39}},"type":"binary-expr","locations":[{"start":{"line":51,"column":10},"end":{"line":51,"column":19}},{"start":{"line":51,"column":23},"end":{"line":51,"column":39}}]}},"s":{"0":1,"1":1,"2":1,"3":1,"4":8,"5":8,"6":4,"7":4,"8":4,"9":4,"10":3,"11":1,"12":2,"13":2,"14":2,"15":1,"16":8,"17":4,"18":4,"19":4,"20":4,"21":4,"22":2,"23":2,"24":2,"25":1,"26":1,"27":1,"28":4,"29":1,"30":4,"31":1,"32":4,"33":8},"f":{"0":8,"1":4,"2":4,"3":4,"4":1,"5":1},"b":{"0":[8,8],"1":[4,2],"2":[1,2],"3":[2,1],"4":[2,2],"5":[4,3]}}
,"/Users/kevin/Desktop/Projets/CineConnect_Project/backend/src/db/index.ts": {"path":"/Users/kevin/Desktop/Projets/CineConnect_Project/backend/src/db/index.ts","statementMap":{"0":{"start":{"line":1,"column":0},"end":{"line":1,"column":52}},"1":{"start":{"line":2,"column":0},"end":{"line":2,"column":26}},"2":{"start":{"line":3,"column":0},"end":{"line":3,"column":35}},"3":{"start":{"line":4,"column":0},"end":{"line":4,"column":33}},"4":{"start":{"line":7,"column":0},"end":{"line":7,"column":16}},"5":{"start":{"line":10,"column":23},"end":{"line":12,"column":2}},"6":{"start":{"line":15,"column":13},"end":{"line":15,"column":54}}},"fnMap":{},"branchMap":{},"s":{"0":1,"1":1,"2":1,"3":1,"4":1,"5":1,"6":1},"f":{},"b":{}}
,"/Users/kevin/Desktop/Projets/CineConnect_Project/backend/src/middlewares/authMiddleware.ts": {"path":"/Users/kevin/Desktop/Projets/CineConnect_Project/backend/src/middlewares/authMiddleware.ts","statementMap":{"0":{"start":{"line":29,"column":0},"end":{"line":29,"column":7}},"1":{"start":{"line":53,"column":0},"end":{"line":53,"column":16}},"2":{"start":{"line":2,"column":0},"end":{"line":2,"column":34}},"3":{"start":{"line":17,"column":18},"end":{"line":17,"column":31}},"4":{"start":{"line":18,"column":2},"end":{"line":21,"column":3}},"5":{"start":{"line":19,"column":4},"end":{"line":20,"column":58}},"6":{"start":{"line":20,"column":6},"end":{"line":20,"column":58}},"7":{"start":{"line":22,"column":2},"end":{"line":22,"column":17}},"8":{"start":{"line":34,"column":2},"end":{"line":46,"column":3}},"9":{"start":{"line":35,"column":16},"end":{"line":35,"column":78}},"10":{"start":{"line":36,"column":4},"end":{"line":39,"column":5}},"11":{"start":{"line":37,"column":6},"end":{"line":37,"column":25}},"12":{"start":{"line":38,"column":6},"end":{"line":38,"column":20}},"13":{"start":{"line":40,"column":4},"end":{"line":43,"column":6}},"14":{"start":{"line":45,"column":4},"end":{"line":45,"column":23}},"15":{"start":{"line":47,"column":2},"end":{"line":47,"column":9}},"16":{"start":{"line":58,"column":2},"end":{"line":61,"column":3}},"17":{"start":{"line":59,"column":4},"end":{"line":59,"column":55}},"18":{"start":{"line":60,"column":4},"end":{"line":60,"column":11}},"19":{"start":{"line":62,"column":2},"end":{"line":62,"column":9}}},"fnMap":{"0":{"name":"toHeaders","decl":{"start":{"line":14,"column":9},"end":{"line":14,"column":18}},"loc":{"start":{"line":15,"column":23},"end":{"line":23,"column":1}}},"1":{"name":"attachSession","decl":{"start":{"line":29,"column":22},"end":{"line":29,"column":35}},"loc":{"start":{"line":32,"column":20},"end":{"line":48,"column":1}}},"2":{"name":"requireAuth","decl":{"start":{"line":53,"column":16},"end":{"line":53,"column":27}},"loc":{"start":{"line":56,"column":20},"end":{"line":63,"column":1}}}},"branchMap":{"0":{"loc":{"start":{"line":19,"column":4},"end":{"line":20,"column":58}},"type":"if","locations":[{"start":{"line":19,"column":4},"end":{"line":20,"column":58}},{"start":{},"end":{}}]},"1":{"loc":{"start":{"line":20,"column":21},"end":{"line":20,"column":56}},"type":"cond-expr","locations":[{"start":{"line":20,"column":40},"end":{"line":20,"column":52}},{"start":{"line":20,"column":55},"end":{"line":20,"column":56}}]},"2":{"loc":{"start":{"line":36,"column":4},"end":{"line":39,"column":5}},"type":"if","locations":[{"start":{"line":36,"column":4},"end":{"line":39,"column":5}},{"start":{},"end":{}}]},"3":{"loc":{"start":{"line":41,"column":34},"end":{"line":41,"column":56}},"type":"binary-expr","locations":[{"start":{"line":41,"column":34},"end":{"line":41,"column":48}},{"start":{"line":41,"column":52},"end":{"line":41,"column":56}}]},"4":{"loc":{"start":{"line":58,"column":2},"end":{"line":61,"column":3}},"type":"if","locations":[{"start":{"line":58,"column":2},"end":{"line":61,"column":3}},{"start":{},"end":{}}]}},"s":{"0":1,"1":1,"2":1,"3":3,"4":3,"5":3,"6":2,"7":3,"8":3,"9":3,"10":2,"11":1,"12":1,"13":1,"14":1,"15":2,"16":2,"17":1,"18":1,"19":1},"f":{"0":3,"1":3,"2":2},"b":{"0":[2,1],"1":[1,1],"2":[1,1],"3":[1,1],"4":[1,1]}}
,"/Users/kevin/Desktop/Projets/CineConnect_Project/backend/src/routes/films.ts": {"path":"/Users/kevin/Desktop/Projets/CineConnect_Project/backend/src/routes/films.ts","statementMap":{"0":{"start":{"line":1,"column":0},"end":{"line":1,"column":52}},"1":{"start":{"line":2,"column":0},"end":{"line":2,"column":null}},"2":{"start":{"line":8,"column":0},"end":{"line":8,"column":null}},"3":{"start":{"line":12,"column":0},"end":{"line":12,"column":null}},"4":{"start":{"line":16,"column":0},"end":{"line":16,"column":41}},"5":{"start":{"line":18,"column":15},"end":{"line":18,"column":23}},"6":{"start":{"line":23,"column":0},"end":{"line":45,"column":3}},"7":{"start":{"line":24,"column":16},"end":{"line":24,"column":37}},"8":{"start":{"line":25,"column":15},"end":{"line":25,"column":54}},"9":{"start":{"line":27,"column":2},"end":{"line":33,"column":3}},"10":{"start":{"line":28,"column":4},"end":{"line":31,"column":7}},"11":{"start":{"line":32,"column":4},"end":{"line":32,"column":11}},"12":{"start":{"line":35,"column":2},"end":{"line":44,"column":3}},"13":{"start":{"line":36,"column":17},"end":{"line":36,"column":54}},"14":{"start":{"line":37,"column":4},"end":{"line":37,"column":19}},"15":{"start":{"line":39,"column":4},"end":{"line":39,"column":41}},"16":{"start":{"line":40,"column":4},"end":{"line":43,"column":7}},"17":{"start":{"line":50,"column":0},"end":{"line":63,"column":3}},"18":{"start":{"line":51,"column":16},"end":{"line":51,"column":57}},"19":{"start":{"line":53,"column":2},"end":{"line":62,"column":3}},"20":{"start":{"line":54,"column":17},"end":{"line":54,"column":45}},"21":{"start":{"line":55,"column":4},"end":{"line":55,"column":19}},"22":{"start":{"line":57,"column":4},"end":{"line":57,"column":43}},"23":{"start":{"line":58,"column":4},"end":{"line":61,"column":7}},"24":{"start":{"line":68,"column":0},"end":{"line":81,"column":3}},"25":{"start":{"line":69,"column":16},"end":{"line":69,"column":57}},"26":{"start":{"line":71,"column":2},"end":{"line":80,"column":3}},"27":{"start":{"line":72,"column":17},"end":{"line":72,"column":46}},"28":{"start":{"line":73,"column":4},"end":{"line":73,"column":19}},"29":{"start":{"line":75,"column":4},"end":{"line":75,"column":44}},"30":{"start":{"line":76,"column":4},"end":{"line":79,"column":7}},"31":{"start":{"line":83,"column":0},"end":{"line":96,"column":3}},"32":{"start":{"line":84,"column":16},"end":{"line":84,"column":67}},"33":{"start":{"line":86,"column":2},"end":{"line":95,"column":3}},"34":{"start":{"line":87,"column":17},"end":{"line":87,"column":55}},"35":{"start":{"line":88,"column":4},"end":{"line":88,"column":19}},"36":{"start":{"line":90,"column":4},"end":{"line":90,"column":52}},"37":{"start":{"line":91,"column":4},"end":{"line":94,"column":7}},"38":{"start":{"line":98,"column":0},"end":{"line":98,"column":46}},"39":{"start":{"line":104,"column":0},"end":{"line":140,"column":2}},"40":{"start":{"line":108,"column":19},"end":{"line":108,"column":36}},"41":{"start":{"line":109,"column":19},"end":{"line":109,"column":75}},"42":{"start":{"line":111,"column":4},"end":{"line":138,"column":5}},"43":{"start":{"line":112,"column":19},"end":{"line":112,"column":46}},"44":{"start":{"line":113,"column":6},"end":{"line":119,"column":7}},"45":{"start":{"line":114,"column":8},"end":{"line":117,"column":11}},"46":{"start":{"line":118,"column":8},"end":{"line":118,"column":15}},"47":{"start":{"line":121,"column":28},"end":{"line":124,"column":8}},"48":{"start":{"line":126,"column":6},"end":{"line":131,"column":9}},"49":{"start":{"line":133,"column":6},"end":{"line":133,"column":44}},"50":{"start":{"line":134,"column":6},"end":{"line":137,"column":9}},"51":{"start":{"line":142,"column":0},"end":{"line":142,"column":22}}},"fnMap":{"0":{"name":"(anonymous_1)","decl":{"start":{"line":23,"column":22},"end":{"line":23,"column":27}},"loc":{"start":{"line":23,"column":60},"end":{"line":45,"column":1}}},"1":{"name":"(anonymous_2)","decl":{"start":{"line":50,"column":24},"end":{"line":50,"column":29}},"loc":{"start":{"line":50,"column":62},"end":{"line":63,"column":1}}},"2":{"name":"(anonymous_3)","decl":{"start":{"line":68,"column":25},"end":{"line":68,"column":30}},"loc":{"start":{"line":68,"column":63},"end":{"line":81,"column":1}}},"3":{"name":"(anonymous_4)","decl":{"start":{"line":83,"column":33},"end":{"line":83,"column":38}},"loc":{"start":{"line":83,"column":71},"end":{"line":96,"column":1}}},"4":{"name":"(anonymous_5)","decl":{"start":{"line":107,"column":2},"end":{"line":107,"column":7}},"loc":{"start":{"line":107,"column":51},"end":{"line":139,"column":3}}}},"branchMap":{"0":{"loc":{"start":{"line":25,"column":15},"end":{"line":25,"column":54}},"type":"binary-expr","locations":[{"start":{"line":25,"column":15},"end":{"line":25,"column":49}},{"start":{"line":25,"column":53},"end":{"line":25,"column":54}}]},"1":{"loc":{"start":{"line":27,"column":2},"end":{"line":33,"column":3}},"type":"if","locations":[{"start":{"line":27,"column":2},"end":{"line":33,"column":3}},{"start":{},"end":{}}]},"2":{"loc":{"start":{"line":27,"column":6},"end":{"line":27,"column":39}},"type":"binary-expr","locations":[{"start":{"line":27,"column":6},"end":{"line":27,"column":12}},{"start":{"line":27,"column":16},"end":{"line":27,"column":39}}]},"3":{"loc":{"start":{"line":51,"column":16},"end":{"line":51,"column":57}},"type":"binary-expr","locations":[{"start":{"line":51,"column":16},"end":{"line":51,"column":51}},{"start":{"line":51,"column":55},"end":{"line":51,"column":57}}]},"4":{"loc":{"start":{"line":69,"column":16},"end":{"line":69,"column":57}},"type":"binary-expr","locations":[{"start":{"line":69,"column":16},"end":{"line":69,"column":51}},{"start":{"line":69,"column":55},"end":{"line":69,"column":57}}]},"5":{"loc":{"start":{"line":84,"column":16},"end":{"line":84,"column":67}},"type":"binary-expr","locations":[{"start":{"line":84,"column":16},"end":{"line":84,"column":62}},{"start":{"line":84,"column":66},"end":{"line":84,"column":67}}]},"6":{"loc":{"start":{"line":109,"column":42},"end":{"line":109,"column":69}},"type":"binary-expr","locations":[{"start":{"line":109,"column":42},"end":{"line":109,"column":63}},{"start":{"line":109,"column":67},"end":{"line":109,"column":69}}]},"7":{"loc":{"start":{"line":113,"column":6},"end":{"line":119,"column":7}},"type":"if","locations":[{"start":{"line":113,"column":6},"end":{"line":119,"column":7}},{"start":{},"end":{}}]},"8":{"loc":{"start":{"line":123,"column":16},"end":{"line":123,"column":57}},"type":"cond-expr","locations":[{"start":{"line":123,"column":39},"end":{"line":123,"column":48}},{"start":{"line":123,"column":51},"end":{"line":123,"column":57}}]}},"s":{"0":1,"1":1,"2":1,"3":1,"4":1,"5":1,"6":1,"7":3,"8":3,"9":3,"10":1,"11":1,"12":2,"13":2,"14":1,"15":1,"16":1,"17":1,"18":2,"19":2,"20":2,"21":1,"22":1,"23":1,"24":1,"25":2,"26":2,"27":2,"28":1,"29":1,"30":1,"31":1,"32":2,"33":2,"34":2,"35":1,"36":1,"37":1,"38":1,"39":1,"40":5,"41":5,"42":5,"43":5,"44":4,"45":1,"46":1,"47":3,"48":3,"49":1,"50":1,"51":1},"f":{"0":3,"1":2,"2":2,"3":2,"4":5},"b":{"0":[3,2],"1":[1,2],"2":[3,3],"3":[2,1],"4":[2,1],"5":[2,1],"6":[5,1],"7":[1,3],"8":[2,1]}}
,"/Users/kevin/Desktop/Projets/CineConnect_Project/backend/src/routes/friends.ts": {"path":"/Users/kevin/Desktop/Projets/CineConnect_Project/backend/src/routes/friends.ts","statementMap":{"0":{"start":{"line":1,"column":0},"end":{"line":1,"column":33}},"1":{"start":{"line":2,"column":0},"end":{"line":2,"column":null}},"2":{"start":{"line":7,"column":0},"end":{"line":7,"column":64}},"3":{"start":{"line":9,"column":15},"end":{"line":9,"column":23}},"4":{"start":{"line":11,"column":0},"end":{"line":11,"column":39}},"5":{"start":{"line":14,"column":0},"end":{"line":22,"column":3}},"6":{"start":{"line":15,"column":2},"end":{"line":21,"column":3}},"7":{"start":{"line":16,"column":19},"end":{"line":16,"column":49}},"8":{"start":{"line":17,"column":17},"end":{"line":17,"column":56}},"9":{"start":{"line":18,"column":4},"end":{"line":18,"column":19}},"10":{"start":{"line":20,"column":4},"end":{"line":20,"column":54}},"11":{"start":{"line":25,"column":0},"end":{"line":33,"column":3}},"12":{"start":{"line":26,"column":2},"end":{"line":32,"column":3}},"13":{"start":{"line":27,"column":19},"end":{"line":27,"column":49}},"14":{"start":{"line":28,"column":17},"end":{"line":28,"column":64}},"15":{"start":{"line":29,"column":4},"end":{"line":29,"column":19}},"16":{"start":{"line":31,"column":4},"end":{"line":31,"column":54}},"17":{"start":{"line":36,"column":0},"end":{"line":63,"column":3}},"18":{"start":{"line":37,"column":16},"end":{"line":37,"column":36}},"19":{"start":{"line":38,"column":17},"end":{"line":38,"column":40}},"20":{"start":{"line":39,"column":27},"end":{"line":39,"column":64}},"21":{"start":{"line":41,"column":2},"end":{"line":44,"column":3}},"22":{"start":{"line":42,"column":4},"end":{"line":42,"column":73}},"23":{"start":{"line":43,"column":4},"end":{"line":43,"column":11}},"24":{"start":{"line":47,"column":4},"end":{"line":49,"column":38}},"25":{"start":{"line":51,"column":2},"end":{"line":54,"column":3}},"26":{"start":{"line":52,"column":4},"end":{"line":52,"column":73}},"27":{"start":{"line":53,"column":4},"end":{"line":53,"column":11}},"28":{"start":{"line":56,"column":2},"end":{"line":62,"column":3}},"29":{"start":{"line":57,"column":19},"end":{"line":57,"column":75}},"30":{"start":{"line":58,"column":4},"end":{"line":58,"column":33}},"31":{"start":{"line":60,"column":20},"end":{"line":60,"column":73}},"32":{"start":{"line":61,"column":4},"end":{"line":61,"column":45}},"33":{"start":{"line":66,"column":0},"end":{"line":83,"column":3}},"34":{"start":{"line":67,"column":2},"end":{"line":82,"column":3}},"35":{"start":{"line":68,"column":19},"end":{"line":68,"column":49}},"36":{"start":{"line":69,"column":29},"end":{"line":69,"column":65}},"37":{"start":{"line":70,"column":4},"end":{"line":73,"column":5}},"38":{"start":{"line":71,"column":6},"end":{"line":71,"column":61}},"39":{"start":{"line":72,"column":6},"end":{"line":72,"column":13}},"40":{"start":{"line":74,"column":19},"end":{"line":76,"column":null}},"41":{"start":{"line":78,"column":4},"end":{"line":78,"column":21}},"42":{"start":{"line":80,"column":20},"end":{"line":80,"column":73}},"43":{"start":{"line":81,"column":4},"end":{"line":81,"column":45}},"44":{"start":{"line":86,"column":0},"end":{"line":103,"column":3}},"45":{"start":{"line":87,"column":2},"end":{"line":102,"column":3}},"46":{"start":{"line":88,"column":19},"end":{"line":88,"column":49}},"47":{"start":{"line":89,"column":29},"end":{"line":89,"column":65}},"48":{"start":{"line":90,"column":4},"end":{"line":93,"column":5}},"49":{"start":{"line":91,"column":6},"end":{"line":91,"column":61}},"50":{"start":{"line":92,"column":6},"end":{"line":92,"column":13}},"51":{"start":{"line":94,"column":19},"end":{"line":96,"column":null}},"52":{"start":{"line":98,"column":4},"end":{"line":98,"column":21}},"53":{"start":{"line":100,"column":20},"end":{"line":100,"column":73}},"54":{"start":{"line":101,"column":4},"end":{"line":101,"column":45}},"55":{"start":{"line":106,"column":0},"end":{"line":115,"column":3}},"56":{"start":{"line":107,"column":2},"end":{"line":114,"column":3}},"57":{"start":{"line":108,"column":19},"end":{"line":108,"column":49}},"58":{"start":{"line":109,"column":25},"end":{"line":109,"column":66}},"59":{"start":{"line":110,"column":4},"end":{"line":110,"column":60}},"60":{"start":{"line":111,"column":4},"end":{"line":111,"column":27}},"61":{"start":{"line":113,"column":4},"end":{"line":113,"column":54}},"62":{"start":{"line":117,"column":0},"end":{"line":117,"column":22}}},"fnMap":{"0":{"name":"(anonymous_9)","decl":{"start":{"line":14,"column":16},"end":{"line":14,"column":21}},"loc":{"start":{"line":14,"column":55},"end":{"line":22,"column":1}}},"1":{"name":"(anonymous_10)","decl":{"start":{"line":25,"column":23},"end":{"line":25,"column":28}},"loc":{"start":{"line":25,"column":62},"end":{"line":33,"column":1}}},"2":{"name":"(anonymous_11)","decl":{"start":{"line":36,"column":24},"end":{"line":36,"column":29}},"loc":{"start":{"line":36,"column":63},"end":{"line":63,"column":1}}},"3":{"name":"(anonymous_12)","decl":{"start":{"line":66,"column":23},"end":{"line":66,"column":28}},"loc":{"start":{"line":66,"column":62},"end":{"line":83,"column":1}}},"4":{"name":"(anonymous_13)","decl":{"start":{"line":86,"column":23},"end":{"line":86,"column":28}},"loc":{"start":{"line":86,"column":62},"end":{"line":103,"column":1}}},"5":{"name":"(anonymous_14)","decl":{"start":{"line":106,"column":32},"end":{"line":106,"column":37}},"loc":{"start":{"line":106,"column":71},"end":{"line":115,"column":1}}}},"branchMap":{"0":{"loc":{"start":{"line":41,"column":2},"end":{"line":44,"column":3}},"type":"if","locations":[{"start":{"line":41,"column":2},"end":{"line":44,"column":3}},{"start":{},"end":{}}]},"1":{"loc":{"start":{"line":47,"column":4},"end":{"line":49,"column":38}},"type":"cond-expr","locations":[{"start":{"line":48,"column":8},"end":{"line":48,"column":20}},{"start":{"line":49,"column":8},"end":{"line":49,"column":38}}]},"2":{"loc":{"start":{"line":51,"column":2},"end":{"line":54,"column":3}},"type":"if","locations":[{"start":{"line":51,"column":2},"end":{"line":54,"column":3}},{"start":{},"end":{}}]},"3":{"loc":{"start":{"line":51,"column":6},"end":{"line":51,"column":34}},"type":"binary-expr","locations":[{"start":{"line":51,"column":6},"end":{"line":51,"column":15}},{"start":{"line":51,"column":19},"end":{"line":51,"column":34}}]},"4":{"loc":{"start":{"line":60,"column":20},"end":{"line":60,"column":73}},"type":"cond-expr","locations":[{"start":{"line":60,"column":43},"end":{"line":60,"column":54}},{"start":{"line":60,"column":57},"end":{"line":60,"column":73}}]},"5":{"loc":{"start":{"line":70,"column":4},"end":{"line":73,"column":5}},"type":"if","locations":[{"start":{"line":70,"column":4},"end":{"line":73,"column":5}},{"start":{},"end":{}}]},"6":{"loc":{"start":{"line":80,"column":20},"end":{"line":80,"column":73}},"type":"cond-expr","locations":[{"start":{"line":80,"column":43},"end":{"line":80,"column":54}},{"start":{"line":80,"column":57},"end":{"line":80,"column":73}}]},"7":{"loc":{"start":{"line":90,"column":4},"end":{"line":93,"column":5}},"type":"if","locations":[{"start":{"line":90,"column":4},"end":{"line":93,"column":5}},{"start":{},"end":{}}]},"8":{"loc":{"start":{"line":100,"column":20},"end":{"line":100,"column":73}},"type":"cond-expr","locations":[{"start":{"line":100,"column":43},"end":{"line":100,"column":54}},{"start":{"line":100,"column":57},"end":{"line":100,"column":73}}]}},"s":{"0":1,"1":1,"2":1,"3":1,"4":1,"5":1,"6":2,"7":2,"8":2,"9":1,"10":1,"11":1,"12":2,"13":2,"14":2,"15":1,"16":1,"17":1,"18":5,"19":5,"20":5,"21":5,"22":1,"23":1,"24":4,"25":4,"26":1,"27":1,"28":3,"29":3,"30":1,"31":2,"32":2,"33":1,"34":4,"35":4,"36":4,"37":4,"38":1,"39":1,"40":3,"41":1,"42":2,"43":2,"44":1,"45":4,"46":4,"47":4,"48":4,"49":1,"50":1,"51":3,"52":1,"53":2,"54":2,"55":1,"56":2,"57":2,"58":2,"59":2,"60":1,"61":1,"62":1},"f":{"0":2,"1":2,"2":5,"3":4,"4":4,"5":2},"b":{"0":[1,4],"1":[3,1],"2":[1,3],"3":[4,3],"4":[1,1],"5":[1,3],"6":[1,1],"7":[1,3],"8":[1,1]}}
,"/Users/kevin/Desktop/Projets/CineConnect_Project/backend/src/routes/messages.ts": {"path":"/Users/kevin/Desktop/Projets/CineConnect_Project/backend/src/routes/messages.ts","statementMap":{"0":{"start":{"line":1,"column":0},"end":{"line":1,"column":33}},"1":{"start":{"line":2,"column":0},"end":{"line":2,"column":null}},"2":{"start":{"line":7,"column":0},"end":{"line":7,"column":66}},"3":{"start":{"line":9,"column":15},"end":{"line":9,"column":23}},"4":{"start":{"line":11,"column":0},"end":{"line":11,"column":39}},"5":{"start":{"line":14,"column":0},"end":{"line":31,"column":3}},"6":{"start":{"line":15,"column":2},"end":{"line":30,"column":3}},"7":{"start":{"line":16,"column":17},"end":{"line":16,"column":47}},"8":{"start":{"line":17,"column":20},"end":{"line":17,"column":55}},"9":{"start":{"line":18,"column":17},"end":{"line":18,"column":60}},"10":{"start":{"line":19,"column":18},"end":{"line":19,"column":63}},"11":{"start":{"line":21,"column":17},"end":{"line":25,"column":null}},"12":{"start":{"line":27,"column":4},"end":{"line":27,"column":19}},"13":{"start":{"line":29,"column":4},"end":{"line":29,"column":54}},"14":{"start":{"line":34,"column":0},"end":{"line":42,"column":3}},"15":{"start":{"line":35,"column":2},"end":{"line":41,"column":3}},"16":{"start":{"line":36,"column":17},"end":{"line":36,"column":47}},"17":{"start":{"line":37,"column":17},"end":{"line":37,"column":67}},"18":{"start":{"line":38,"column":4},"end":{"line":38,"column":19}},"19":{"start":{"line":40,"column":4},"end":{"line":40,"column":54}},"20":{"start":{"line":45,"column":0},"end":{"line":54,"column":3}},"21":{"start":{"line":46,"column":2},"end":{"line":53,"column":3}},"22":{"start":{"line":47,"column":17},"end":{"line":47,"column":47}},"23":{"start":{"line":48,"column":18},"end":{"line":48,"column":63}},"24":{"start":{"line":49,"column":17},"end":{"line":49,"column":71}},"25":{"start":{"line":50,"column":4},"end":{"line":50,"column":19}},"26":{"start":{"line":52,"column":4},"end":{"line":52,"column":54}},"27":{"start":{"line":57,"column":0},"end":{"line":79,"column":3}},"28":{"start":{"line":58,"column":2},"end":{"line":78,"column":3}},"29":{"start":{"line":59,"column":21},"end":{"line":59,"column":51}},"30":{"start":{"line":60,"column":36},"end":{"line":60,"column":null}},"31":{"start":{"line":65,"column":4},"end":{"line":68,"column":5}},"32":{"start":{"line":66,"column":6},"end":{"line":66,"column":70}},"33":{"start":{"line":67,"column":6},"end":{"line":67,"column":13}},"34":{"start":{"line":70,"column":20},"end":{"line":73,"column":null}},"35":{"start":{"line":75,"column":4},"end":{"line":75,"column":34}},"36":{"start":{"line":77,"column":4},"end":{"line":77,"column":54}},"37":{"start":{"line":81,"column":0},"end":{"line":81,"column":22}}},"fnMap":{"0":{"name":"(anonymous_9)","decl":{"start":{"line":14,"column":28},"end":{"line":14,"column":33}},"loc":{"start":{"line":14,"column":67},"end":{"line":31,"column":1}}},"1":{"name":"(anonymous_10)","decl":{"start":{"line":34,"column":29},"end":{"line":34,"column":34}},"loc":{"start":{"line":34,"column":68},"end":{"line":42,"column":1}}},"2":{"name":"(anonymous_11)","decl":{"start":{"line":45,"column":24},"end":{"line":45,"column":29}},"loc":{"start":{"line":45,"column":63},"end":{"line":54,"column":1}}},"3":{"name":"(anonymous_12)","decl":{"start":{"line":57,"column":17},"end":{"line":57,"column":22}},"loc":{"start":{"line":57,"column":56},"end":{"line":79,"column":1}}}},"branchMap":{"0":{"loc":{"start":{"line":18,"column":27},"end":{"line":18,"column":59}},"type":"binary-expr","locations":[{"start":{"line":18,"column":27},"end":{"line":18,"column":52}},{"start":{"line":18,"column":56},"end":{"line":18,"column":59}}]},"1":{"loc":{"start":{"line":19,"column":28},"end":{"line":19,"column":62}},"type":"binary-expr","locations":[{"start":{"line":19,"column":28},"end":{"line":19,"column":54}},{"start":{"line":19,"column":58},"end":{"line":19,"column":62}}]},"2":{"loc":{"start":{"line":48,"column":28},"end":{"line":48,"column":62}},"type":"binary-expr","locations":[{"start":{"line":48,"column":28},"end":{"line":48,"column":54}},{"start":{"line":48,"column":58},"end":{"line":48,"column":62}}]},"3":{"loc":{"start":{"line":65,"column":4},"end":{"line":68,"column":5}},"type":"if","locations":[{"start":{"line":65,"column":4},"end":{"line":68,"column":5}},{"start":{},"end":{}}]},"4":{"loc":{"start":{"line":65,"column":8},"end":{"line":65,"column":39}},"type":"binary-expr","locations":[{"start":{"line":65,"column":8},"end":{"line":65,"column":19}},{"start":{"line":65,"column":23},"end":{"line":65,"column":39}}]}},"s":{"0":1,"1":1,"2":1,"3":1,"4":1,"5":1,"6":2,"7":2,"8":2,"9":2,"10":2,"11":2,"12":1,"13":1,"14":1,"15":2,"16":2,"17":2,"18":1,"19":1,"20":1,"21":2,"22":2,"23":2,"24":2,"25":1,"26":1,"27":1,"28":3,"29":3,"30":3,"31":3,"32":1,"33":1,"34":2,"35":1,"36":1,"37":1},"f":{"0":2,"1":2,"2":2,"3":3},"b":{"0":[2,1],"1":[2,1],"2":[2,1],"3":[1,2],"4":[3,2]}}
,"/Users/kevin/Desktop/Projets/CineConnect_Project/backend/src/routes/reviews.ts": {"path":"/Users/kevin/Desktop/Projets/CineConnect_Project/backend/src/routes/reviews.ts","statementMap":{"0":{"start":{"line":1,"column":0},"end":{"line":1,"column":33}},"1":{"start":{"line":2,"column":0},"end":{"line":2,"column":null}},"2":{"start":{"line":7,"column":0},"end":{"line":7,"column":null}},"3":{"start":{"line":21,"column":15},"end":{"line":21,"column":44}},"4":{"start":{"line":24,"column":2},"end":{"line":24,"column":48}},"5":{"start":{"line":28,"column":2},"end":{"line":28,"column":50}},"6":{"start":{"line":31,"column":0},"end":{"line":48,"column":3}},"7":{"start":{"line":32,"column":17},"end":{"line":32,"column":31}},"8":{"start":{"line":33,"column":2},"end":{"line":36,"column":3}},"9":{"start":{"line":34,"column":4},"end":{"line":34,"column":55}},"10":{"start":{"line":35,"column":4},"end":{"line":35,"column":11}},"11":{"start":{"line":38,"column":2},"end":{"line":47,"column":3}},"12":{"start":{"line":39,"column":21},"end":{"line":39,"column":50}},"13":{"start":{"line":40,"column":4},"end":{"line":40,"column":23}},"14":{"start":{"line":42,"column":4},"end":{"line":45,"column":5}},"15":{"start":{"line":43,"column":6},"end":{"line":43,"column":53}},"16":{"start":{"line":44,"column":6},"end":{"line":44,"column":13}},"17":{"start":{"line":46,"column":4},"end":{"line":46,"column":54}},"18":{"start":{"line":50,"column":0},"end":{"line":81,"column":2}},"19":{"start":{"line":54,"column":19},"end":{"line":54,"column":33}},"20":{"start":{"line":55,"column":4},"end":{"line":58,"column":5}},"21":{"start":{"line":56,"column":6},"end":{"line":56,"column":57}},"22":{"start":{"line":57,"column":6},"end":{"line":57,"column":13}},"23":{"start":{"line":60,"column":26},"end":{"line":60,"column":47}},"24":{"start":{"line":61,"column":19},"end":{"line":61,"column":67}},"25":{"start":{"line":63,"column":4},"end":{"line":79,"column":5}},"26":{"start":{"line":64,"column":22},"end":{"line":67,"column":8}},"27":{"start":{"line":68,"column":6},"end":{"line":68,"column":24}},"28":{"start":{"line":70,"column":6},"end":{"line":73,"column":7}},"29":{"start":{"line":71,"column":8},"end":{"line":71,"column":55}},"30":{"start":{"line":72,"column":8},"end":{"line":72,"column":15}},"31":{"start":{"line":74,"column":6},"end":{"line":77,"column":7}},"32":{"start":{"line":75,"column":8},"end":{"line":75,"column":55}},"33":{"start":{"line":76,"column":8},"end":{"line":76,"column":15}},"34":{"start":{"line":78,"column":6},"end":{"line":78,"column":56}},"35":{"start":{"line":83,"column":0},"end":{"line":118,"column":2}},"36":{"start":{"line":88,"column":19},"end":{"line":88,"column":33}},"37":{"start":{"line":89,"column":4},"end":{"line":92,"column":5}},"38":{"start":{"line":90,"column":6},"end":{"line":90,"column":57}},"39":{"start":{"line":91,"column":6},"end":{"line":91,"column":13}},"40":{"start":{"line":94,"column":19},"end":{"line":94,"column":60}},"41":{"start":{"line":95,"column":23},"end":{"line":95,"column":54}},"42":{"start":{"line":97,"column":4},"end":{"line":100,"column":5}},"43":{"start":{"line":98,"column":6},"end":{"line":98,"column":68}},"44":{"start":{"line":99,"column":6},"end":{"line":99,"column":13}},"45":{"start":{"line":102,"column":4},"end":{"line":116,"column":5}},"46":{"start":{"line":103,"column":6},"end":{"line":103,"column":57}},"47":{"start":{"line":104,"column":22},"end":{"line":104,"column":68}},"48":{"start":{"line":105,"column":6},"end":{"line":105,"column":24}},"49":{"start":{"line":107,"column":6},"end":{"line":110,"column":7}},"50":{"start":{"line":108,"column":8},"end":{"line":108,"column":55}},"51":{"start":{"line":109,"column":8},"end":{"line":109,"column":15}},"52":{"start":{"line":111,"column":6},"end":{"line":114,"column":7}},"53":{"start":{"line":112,"column":8},"end":{"line":112,"column":55}},"54":{"start":{"line":113,"column":8},"end":{"line":113,"column":15}},"55":{"start":{"line":115,"column":6},"end":{"line":115,"column":56}},"56":{"start":{"line":120,"column":0},"end":{"line":162,"column":2}},"57":{"start":{"line":125,"column":19},"end":{"line":125,"column":33}},"58":{"start":{"line":126,"column":4},"end":{"line":129,"column":5}},"59":{"start":{"line":127,"column":6},"end":{"line":127,"column":57}},"60":{"start":{"line":128,"column":6},"end":{"line":128,"column":13}},"61":{"start":{"line":131,"column":19},"end":{"line":131,"column":53}},"62":{"start":{"line":132,"column":32},"end":{"line":132,"column":null}},"63":{"start":{"line":137,"column":4},"end":{"line":140,"column":5}},"64":{"start":{"line":138,"column":6},"end":{"line":138,"column":69}},"65":{"start":{"line":139,"column":6},"end":{"line":139,"column":13}},"66":{"start":{"line":142,"column":4},"end":{"line":160,"column":5}},"67":{"start":{"line":143,"column":22},"end":{"line":148,"column":8}},"68":{"start":{"line":149,"column":6},"end":{"line":149,"column":36}},"69":{"start":{"line":151,"column":6},"end":{"line":154,"column":7}},"70":{"start":{"line":152,"column":8},"end":{"line":152,"column":55}},"71":{"start":{"line":153,"column":8},"end":{"line":153,"column":15}},"72":{"start":{"line":155,"column":6},"end":{"line":158,"column":7}},"73":{"start":{"line":156,"column":8},"end":{"line":156,"column":55}},"74":{"start":{"line":157,"column":8},"end":{"line":157,"column":15}},"75":{"start":{"line":159,"column":6},"end":{"line":159,"column":56}},"76":{"start":{"line":164,"column":0},"end":{"line":212,"column":2}},"77":{"start":{"line":169,"column":19},"end":{"line":169,"column":33}},"78":{"start":{"line":170,"column":21},"end":{"line":170,"column":56}},"79":{"start":{"line":172,"column":4},"end":{"line":175,"column":5}},"80":{"start":{"line":173,"column":6},"end":{"line":173,"column":62}},"81":{"start":{"line":174,"column":6},"end":{"line":174,"column":13}},"82":{"start":{"line":177,"column":19},"end":{"line":177,"column":53}},"83":{"start":{"line":178,"column":24},"end":{"line":178,"column":56}},"84":{"start":{"line":180,"column":4},"end":{"line":183,"column":5}},"85":{"start":{"line":181,"column":6},"end":{"line":181,"column":69}},"86":{"start":{"line":182,"column":6},"end":{"line":182,"column":13}},"87":{"start":{"line":185,"column":4},"end":{"line":210,"column":5}},"88":{"start":{"line":186,"column":22},"end":{"line":191,"column":8}},"89":{"start":{"line":192,"column":6},"end":{"line":192,"column":36}},"90":{"start":{"line":194,"column":6},"end":{"line":200,"column":7}},"91":{"start":{"line":198,"column":8},"end":{"line":198,"column":55}},"92":{"start":{"line":199,"column":8},"end":{"line":199,"column":15}},"93":{"start":{"line":201,"column":6},"end":{"line":204,"column":7}},"94":{"start":{"line":202,"column":8},"end":{"line":202,"column":55}},"95":{"start":{"line":203,"column":8},"end":{"line":203,"column":15}},"96":{"start":{"line":205,"column":6},"end":{"line":208,"column":7}},"97":{"start":{"line":206,"column":8},"end":{"line":206,"column":55}},"98":{"start":{"line":207,"column":8},"end":{"line":207,"column":15}},"99":{"start":{"line":209,"column":6},"end":{"line":209,"column":56}},"100":{"start":{"line":214,"column":0},"end":{"line":257,"column":2}},"101":{"start":{"line":219,"column":19},"end":{"line":219,"column":33}},"102":{"start":{"line":220,"column":21},"end":{"line":220,"column":56}},"103":{"start":{"line":222,"column":4},"end":{"line":225,"column":5}},"104":{"start":{"line":223,"column":6},"end":{"line":223,"column":62}},"105":{"start":{"line":224,"column":6},"end":{"line":224,"column":13}},"106":{"start":{"line":227,"column":19},"end":{"line":227,"column":53}},"107":{"start":{"line":228,"column":24},"end":{"line":228,"column":56}},"108":{"start":{"line":230,"column":4},"end":{"line":233,"column":5}},"109":{"start":{"line":231,"column":6},"end":{"line":231,"column":69}},"110":{"start":{"line":232,"column":6},"end":{"line":232,"column":13}},"111":{"start":{"line":235,"column":4},"end":{"line":255,"column":5}},"112":{"start":{"line":236,"column":6},"end":{"line":236,"column":71}},"113":{"start":{"line":237,"column":6},"end":{"line":237,"column":29}},"114":{"start":{"line":239,"column":6},"end":{"line":245,"column":7}},"115":{"start":{"line":243,"column":8},"end":{"line":243,"column":55}},"116":{"start":{"line":244,"column":8},"end":{"line":244,"column":15}},"117":{"start":{"line":246,"column":6},"end":{"line":249,"column":7}},"118":{"start":{"line":247,"column":8},"end":{"line":247,"column":55}},"119":{"start":{"line":248,"column":8},"end":{"line":248,"column":15}},"120":{"start":{"line":250,"column":6},"end":{"line":253,"column":7}},"121":{"start":{"line":251,"column":8},"end":{"line":251,"column":55}},"122":{"start":{"line":252,"column":8},"end":{"line":252,"column":15}},"123":{"start":{"line":254,"column":6},"end":{"line":254,"column":56}},"124":{"start":{"line":259,"column":0},"end":{"line":292,"column":2}},"125":{"start":{"line":264,"column":19},"end":{"line":264,"column":33}},"126":{"start":{"line":265,"column":21},"end":{"line":265,"column":56}},"127":{"start":{"line":267,"column":4},"end":{"line":270,"column":5}},"128":{"start":{"line":268,"column":6},"end":{"line":268,"column":62}},"129":{"start":{"line":269,"column":6},"end":{"line":269,"column":13}},"130":{"start":{"line":272,"column":19},"end":{"line":272,"column":53}},"131":{"start":{"line":274,"column":4},"end":{"line":290,"column":5}},"132":{"start":{"line":275,"column":6},"end":{"line":275,"column":62}},"133":{"start":{"line":276,"column":6},"end":{"line":276,"column":29}},"134":{"start":{"line":278,"column":6},"end":{"line":284,"column":7}},"135":{"start":{"line":282,"column":8},"end":{"line":282,"column":55}},"136":{"start":{"line":283,"column":8},"end":{"line":283,"column":15}},"137":{"start":{"line":285,"column":6},"end":{"line":288,"column":7}},"138":{"start":{"line":286,"column":8},"end":{"line":286,"column":55}},"139":{"start":{"line":287,"column":8},"end":{"line":287,"column":15}},"140":{"start":{"line":289,"column":6},"end":{"line":289,"column":56}},"141":{"start":{"line":294,"column":0},"end":{"line":294,"column":22}}},"fnMap":{"0":{"name":"getOmdbId","decl":{"start":{"line":23,"column":9},"end":{"line":23,"column":18}},"loc":{"start":{"line":23,"column":42},"end":{"line":25,"column":1}}},"1":{"name":"getNumberParam","decl":{"start":{"line":27,"column":9},"end":{"line":27,"column":23}},"loc":{"start":{"line":27,"column":60},"end":{"line":29,"column":1}}},"2":{"name":"(anonymous_2)","decl":{"start":{"line":31,"column":16},"end":{"line":31,"column":21}},"loc":{"start":{"line":31,"column":35},"end":{"line":48,"column":1}}},"3":{"name":"(anonymous_3)","decl":{"start":{"line":53,"column":2},"end":{"line":53,"column":7}},"loc":{"start":{"line":53,"column":41},"end":{"line":80,"column":3}}},"4":{"name":"(anonymous_4)","decl":{"start":{"line":87,"column":2},"end":{"line":87,"column":7}},"loc":{"start":{"line":87,"column":41},"end":{"line":117,"column":3}}},"5":{"name":"(anonymous_5)","decl":{"start":{"line":124,"column":2},"end":{"line":124,"column":7}},"loc":{"start":{"line":124,"column":41},"end":{"line":161,"column":3}}},"6":{"name":"(anonymous_6)","decl":{"start":{"line":168,"column":2},"end":{"line":168,"column":7}},"loc":{"start":{"line":168,"column":41},"end":{"line":211,"column":3}}},"7":{"name":"(anonymous_7)","decl":{"start":{"line":218,"column":2},"end":{"line":218,"column":7}},"loc":{"start":{"line":218,"column":41},"end":{"line":256,"column":3}}},"8":{"name":"(anonymous_8)","decl":{"start":{"line":263,"column":2},"end":{"line":263,"column":7}},"loc":{"start":{"line":263,"column":41},"end":{"line":291,"column":3}}}},"branchMap":{"0":{"loc":{"start":{"line":24,"column":16},"end":{"line":24,"column":39}},"type":"binary-expr","locations":[{"start":{"line":24,"column":16},"end":{"line":24,"column":33}},{"start":{"line":24,"column":37},"end":{"line":24,"column":39}}]},"1":{"loc":{"start":{"line":28,"column":32},"end":{"line":28,"column":43}},"type":"binary-expr","locations":[{"start":{"line":28,"column":32},"end":{"line":28,"column":37}},{"start":{"line":28,"column":41},"end":{"line":28,"column":43}}]},"2":{"loc":{"start":{"line":33,"column":2},"end":{"line":36,"column":3}},"type":"if","locations":[{"start":{"line":33,"column":2},"end":{"line":36,"column":3}},{"start":{},"end":{}}]},"3":{"loc":{"start":{"line":42,"column":4},"end":{"line":45,"column":5}},"type":"if","locations":[{"start":{"line":42,"column":4},"end":{"line":45,"column":5}},{"start":{},"end":{}}]},"4":{"loc":{"start":{"line":55,"column":4},"end":{"line":58,"column":5}},"type":"if","locations":[{"start":{"line":55,"column":4},"end":{"line":58,"column":5}},{"start":{},"end":{}}]},"5":{"loc":{"start":{"line":61,"column":42},"end":{"line":61,"column":61}},"type":"binary-expr","locations":[{"start":{"line":61,"column":42},"end":{"line":61,"column":55}},{"start":{"line":61,"column":59},"end":{"line":61,"column":61}}]},"6":{"loc":{"start":{"line":66,"column":16},"end":{"line":66,"column":57}},"type":"cond-expr","locations":[{"start":{"line":66,"column":39},"end":{"line":66,"column":48}},{"start":{"line":66,"column":51},"end":{"line":66,"column":57}}]},"7":{"loc":{"start":{"line":70,"column":6},"end":{"line":73,"column":7}},"type":"if","locations":[{"start":{"line":70,"column":6},"end":{"line":73,"column":7}},{"start":{},"end":{}}]},"8":{"loc":{"start":{"line":74,"column":6},"end":{"line":77,"column":7}},"type":"if","locations":[{"start":{"line":74,"column":6},"end":{"line":77,"column":7}},{"start":{},"end":{}}]},"9":{"loc":{"start":{"line":89,"column":4},"end":{"line":92,"column":5}},"type":"if","locations":[{"start":{"line":89,"column":4},"end":{"line":92,"column":5}},{"start":{},"end":{}}]},"10":{"loc":{"start":{"line":97,"column":4},"end":{"line":100,"column":5}},"type":"if","locations":[{"start":{"line":97,"column":4},"end":{"line":100,"column":5}},{"start":{},"end":{}}]},"11":{"loc":{"start":{"line":107,"column":6},"end":{"line":110,"column":7}},"type":"if","locations":[{"start":{"line":107,"column":6},"end":{"line":110,"column":7}},{"start":{},"end":{}}]},"12":{"loc":{"start":{"line":111,"column":6},"end":{"line":114,"column":7}},"type":"if","locations":[{"start":{"line":111,"column":6},"end":{"line":114,"column":7}},{"start":{},"end":{}}]},"13":{"loc":{"start":{"line":126,"column":4},"end":{"line":129,"column":5}},"type":"if","locations":[{"start":{"line":126,"column":4},"end":{"line":129,"column":5}},{"start":{},"end":{}}]},"14":{"loc":{"start":{"line":137,"column":4},"end":{"line":140,"column":5}},"type":"if","locations":[{"start":{"line":137,"column":4},"end":{"line":140,"column":5}},{"start":{},"end":{}}]},"15":{"loc":{"start":{"line":151,"column":6},"end":{"line":154,"column":7}},"type":"if","locations":[{"start":{"line":151,"column":6},"end":{"line":154,"column":7}},{"start":{},"end":{}}]},"16":{"loc":{"start":{"line":155,"column":6},"end":{"line":158,"column":7}},"type":"if","locations":[{"start":{"line":155,"column":6},"end":{"line":158,"column":7}},{"start":{},"end":{}}]},"17":{"loc":{"start":{"line":172,"column":4},"end":{"line":175,"column":5}},"type":"if","locations":[{"start":{"line":172,"column":4},"end":{"line":175,"column":5}},{"start":{},"end":{}}]},"18":{"loc":{"start":{"line":172,"column":8},"end":{"line":172,"column":41}},"type":"binary-expr","locations":[{"start":{"line":172,"column":8},"end":{"line":172,"column":15}},{"start":{"line":172,"column":19},"end":{"line":172,"column":41}}]},"19":{"loc":{"start":{"line":180,"column":4},"end":{"line":183,"column":5}},"type":"if","locations":[{"start":{"line":180,"column":4},"end":{"line":183,"column":5}},{"start":{},"end":{}}]},"20":{"loc":{"start":{"line":194,"column":6},"end":{"line":200,"column":7}},"type":"if","locations":[{"start":{"line":194,"column":6},"end":{"line":200,"column":7}},{"start":{},"end":{}}]},"21":{"loc":{"start":{"line":195,"column":8},"end":{"line":196,"column":44}},"type":"binary-expr","locations":[{"start":{"line":195,"column":8},"end":{"line":195,"column":42}},{"start":{"line":196,"column":8},"end":{"line":196,"column":44}}]},"22":{"loc":{"start":{"line":201,"column":6},"end":{"line":204,"column":7}},"type":"if","locations":[{"start":{"line":201,"column":6},"end":{"line":204,"column":7}},{"start":{},"end":{}}]},"23":{"loc":{"start":{"line":205,"column":6},"end":{"line":208,"column":7}},"type":"if","locations":[{"start":{"line":205,"column":6},"end":{"line":208,"column":7}},{"start":{},"end":{}}]},"24":{"loc":{"start":{"line":222,"column":4},"end":{"line":225,"column":5}},"type":"if","locations":[{"start":{"line":222,"column":4},"end":{"line":225,"column":5}},{"start":{},"end":{}}]},"25":{"loc":{"start":{"line":222,"column":8},"end":{"line":222,"column":41}},"type":"binary-expr","locations":[{"start":{"line":222,"column":8},"end":{"line":222,"column":15}},{"start":{"line":222,"column":19},"end":{"line":222,"column":41}}]},"26":{"loc":{"start":{"line":230,"column":4},"end":{"line":233,"column":5}},"type":"if","locations":[{"start":{"line":230,"column":4},"end":{"line":233,"column":5}},{"start":{},"end":{}}]},"27":{"loc":{"start":{"line":239,"column":6},"end":{"line":245,"column":7}},"type":"if","locations":[{"start":{"line":239,"column":6},"end":{"line":245,"column":7}},{"start":{},"end":{}}]},"28":{"loc":{"start":{"line":240,"column":8},"end":{"line":241,"column":44}},"type":"binary-expr","locations":[{"start":{"line":240,"column":8},"end":{"line":240,"column":42}},{"start":{"line":241,"column":8},"end":{"line":241,"column":44}}]},"29":{"loc":{"start":{"line":246,"column":6},"end":{"line":249,"column":7}},"type":"if","locations":[{"start":{"line":246,"column":6},"end":{"line":249,"column":7}},{"start":{},"end":{}}]},"30":{"loc":{"start":{"line":250,"column":6},"end":{"line":253,"column":7}},"type":"if","locations":[{"start":{"line":250,"column":6},"end":{"line":253,"column":7}},{"start":{},"end":{}}]},"31":{"loc":{"start":{"line":267,"column":4},"end":{"line":270,"column":5}},"type":"if","locations":[{"start":{"line":267,"column":4},"end":{"line":270,"column":5}},{"start":{},"end":{}}]},"32":{"loc":{"start":{"line":267,"column":8},"end":{"line":267,"column":41}},"type":"binary-expr","locations":[{"start":{"line":267,"column":8},"end":{"line":267,"column":15}},{"start":{"line":267,"column":19},"end":{"line":267,"column":41}}]},"33":{"loc":{"start":{"line":278,"column":6},"end":{"line":284,"column":7}},"type":"if","locations":[{"start":{"line":278,"column":6},"end":{"line":284,"column":7}},{"start":{},"end":{}}]},"34":{"loc":{"start":{"line":279,"column":8},"end":{"line":280,"column":44}},"type":"binary-expr","locations":[{"start":{"line":279,"column":8},"end":{"line":279,"column":42}},{"start":{"line":280,"column":8},"end":{"line":280,"column":44}}]},"35":{"loc":{"start":{"line":285,"column":6},"end":{"line":288,"column":7}},"type":"if","locations":[{"start":{"line":285,"column":6},"end":{"line":288,"column":7}},{"start":{},"end":{}}]}},"s":{"0":1,"1":1,"2":1,"3":1,"4":40,"5":19,"6":1,"7":4,"8":4,"9":1,"10":1,"11":3,"12":3,"13":1,"14":2,"15":1,"16":1,"17":1,"18":1,"19":5,"20":5,"21":1,"22":1,"23":4,"24":4,"25":4,"26":4,"27":1,"28":3,"29":1,"30":1,"31":2,"32":1,"33":1,"34":1,"35":1,"36":6,"37":6,"38":1,"39":1,"40":5,"41":5,"42":5,"43":1,"44":1,"45":4,"46":4,"47":1,"48":1,"49":3,"50":1,"51":1,"52":2,"53":1,"54":1,"55":1,"56":1,"57":6,"58":6,"59":1,"60":1,"61":5,"62":5,"63":5,"64":1,"65":1,"66":4,"67":4,"68":1,"69":3,"70":1,"71":1,"72":2,"73":1,"74":1,"75":1,"76":1,"77":7,"78":7,"79":7,"80":1,"81":1,"82":6,"83":6,"84":6,"85":1,"86":1,"87":5,"88":5,"89":1,"90":4,"91":1,"92":1,"93":3,"94":1,"95":1,"96":2,"97":1,"98":1,"99":1,"100":1,"101":7,"102":7,"103":7,"104":1,"105":1,"106":6,"107":6,"108":6,"109":1,"110":1,"111":5,"112":5,"113":1,"114":4,"115":1,"116":1,"117":3,"118":1,"119":1,"120":2,"121":1,"122":1,"123":1,"124":1,"125":5,"126":5,"127":5,"128":1,"129":1,"130":4,"131":4,"132":4,"133":1,"134":3,"135":1,"136":1,"137":2,"138":1,"139":1,"140":1,"141":1},"f":{"0":40,"1":19,"2":4,"3":5,"4":6,"5":6,"6":7,"7":7,"8":5},"b":{"0":[40,0],"1":[19,0],"2":[1,3],"3":[1,1],"4":[1,4],"5":[4,0],"6":[0,4],"7":[1,2],"8":[1,1],"9":[1,5],"10":[1,4],"11":[1,2],"12":[1,1],"13":[1,5],"14":[1,4],"15":[1,2],"16":[1,1],"17":[1,6],"18":[7,7],"19":[1,5],"20":[1,3],"21":[4,4],"22":[1,2],"23":[1,1],"24":[1,6],"25":[7,7],"26":[1,5],"27":[1,3],"28":[4,4],"29":[1,2],"30":[1,1],"31":[1,4],"32":[5,5],"33":[1,2],"34":[3,3],"35":[1,1]}}
,"/Users/kevin/Desktop/Projets/CineConnect_Project/backend/src/routes/users.ts": {"path":"/Users/kevin/Desktop/Projets/CineConnect_Project/backend/src/routes/users.ts","statementMap":{"0":{"start":{"line":1,"column":0},"end":{"line":1,"column":33}},"1":{"start":{"line":2,"column":0},"end":{"line":2,"column":null}},"2":{"start":{"line":7,"column":0},"end":{"line":7,"column":36}},"3":{"start":{"line":8,"column":0},"end":{"line":8,"column":64}},"4":{"start":{"line":9,"column":0},"end":{"line":9,"column":77}},"5":{"start":{"line":10,"column":0},"end":{"line":10,"column":81}},"6":{"start":{"line":12,"column":15},"end":{"line":12,"column":23}},"7":{"start":{"line":14,"column":0},"end":{"line":14,"column":39}},"8":{"start":{"line":17,"column":0},"end":{"line":57,"column":3}},"9":{"start":{"line":18,"column":2},"end":{"line":56,"column":3}},"10":{"start":{"line":19,"column":17},"end":{"line":19,"column":55}},"11":{"start":{"line":21,"column":17},"end":{"line":41,"column":15}},"12":{"start":{"line":43,"column":4},"end":{"line":53,"column":6}},"13":{"start":{"line":44,"column":25},"end":{"line":52,"column":8}},"14":{"start":{"line":55,"column":4},"end":{"line":55,"column":54}},"15":{"start":{"line":60,"column":0},"end":{"line":101,"column":3}},"16":{"start":{"line":61,"column":2},"end":{"line":100,"column":3}},"17":{"start":{"line":62,"column":17},"end":{"line":62,"column":55}},"18":{"start":{"line":64,"column":17},"end":{"line":84,"column":15}},"19":{"start":{"line":86,"column":4},"end":{"line":97,"column":6}},"20":{"start":{"line":87,"column":25},"end":{"line":96,"column":8}},"21":{"start":{"line":99,"column":4},"end":{"line":99,"column":54}},"22":{"start":{"line":104,"column":0},"end":{"line":118,"column":3}},"23":{"start":{"line":105,"column":2},"end":{"line":117,"column":3}},"24":{"start":{"line":106,"column":17},"end":{"line":106,"column":55}},"25":{"start":{"line":107,"column":18},"end":{"line":107,"column":63}},"26":{"start":{"line":109,"column":17},"end":{"line":112,"column":6}},"27":{"start":{"line":114,"column":4},"end":{"line":114,"column":19}},"28":{"start":{"line":116,"column":4},"end":{"line":116,"column":54}},"29":{"start":{"line":121,"column":0},"end":{"line":185,"column":3}},"30":{"start":{"line":122,"column":2},"end":{"line":184,"column":3}},"31":{"start":{"line":123,"column":17},"end":{"line":123,"column":55}},"32":{"start":{"line":124,"column":19},"end":{"line":124,"column":62}},"33":{"start":{"line":126,"column":4},"end":{"line":129,"column":5}},"34":{"start":{"line":127,"column":6},"end":{"line":127,"column":19}},"35":{"start":{"line":128,"column":6},"end":{"line":128,"column":13}},"36":{"start":{"line":131,"column":20},"end":{"line":142,"column":16}},"37":{"start":{"line":144,"column":19},"end":{"line":144,"column":55}},"38":{"start":{"line":144,"column":41},"end":{"line":144,"column":54}},"39":{"start":{"line":145,"column":4},"end":{"line":148,"column":5}},"40":{"start":{"line":146,"column":6},"end":{"line":146,"column":19}},"41":{"start":{"line":147,"column":6},"end":{"line":147,"column":13}},"42":{"start":{"line":151,"column":21},"end":{"line":151,"column":44}},"43":{"start":{"line":151,"column":39},"end":{"line":151,"column":43}},"44":{"start":{"line":152,"column":22},"end":{"line":166,"column":null}},"45":{"start":{"line":170,"column":22},"end":{"line":170,"column":47}},"46":{"start":{"line":171,"column":4},"end":{"line":174,"column":5}},"47":{"start":{"line":172,"column":22},"end":{"line":172,"column":77}},"48":{"start":{"line":173,"column":6},"end":{"line":173,"column":54}},"49":{"start":{"line":176,"column":4},"end":{"line":181,"column":6}},"50":{"start":{"line":177,"column":25},"end":{"line":180,"column":8}},"51":{"start":{"line":183,"column":4},"end":{"line":183,"column":54}},"52":{"start":{"line":187,"column":0},"end":{"line":187,"column":22}}},"fnMap":{"0":{"name":"(anonymous_0)","decl":{"start":{"line":17,"column":33},"end":{"line":17,"column":38}},"loc":{"start":{"line":17,"column":72},"end":{"line":57,"column":1}}},"1":{"name":"(anonymous_1)","decl":{"start":{"line":44,"column":15},"end":{"line":44,"column":16}},"loc":{"start":{"line":44,"column":25},"end":{"line":52,"column":8}}},"2":{"name":"(anonymous_2)","decl":{"start":{"line":60,"column":34},"end":{"line":60,"column":39}},"loc":{"start":{"line":60,"column":73},"end":{"line":101,"column":1}}},"3":{"name":"(anonymous_3)","decl":{"start":{"line":87,"column":15},"end":{"line":87,"column":16}},"loc":{"start":{"line":87,"column":25},"end":{"line":96,"column":8}}},"4":{"name":"(anonymous_4)","decl":{"start":{"line":104,"column":34},"end":{"line":104,"column":39}},"loc":{"start":{"line":104,"column":73},"end":{"line":118,"column":1}}},"5":{"name":"(anonymous_5)","decl":{"start":{"line":121,"column":16},"end":{"line":121,"column":21}},"loc":{"start":{"line":121,"column":55},"end":{"line":185,"column":1}}},"6":{"name":"(anonymous_6)","decl":{"start":{"line":144,"column":34},"end":{"line":144,"column":35}},"loc":{"start":{"line":144,"column":41},"end":{"line":144,"column":54}}},"7":{"name":"(anonymous_7)","decl":{"start":{"line":151,"column":32},"end":{"line":151,"column":33}},"loc":{"start":{"line":151,"column":39},"end":{"line":151,"column":43}}},"8":{"name":"(anonymous_8)","decl":{"start":{"line":177,"column":17},"end":{"line":177,"column":18}},"loc":{"start":{"line":177,"column":25},"end":{"line":180,"column":8}}}},"branchMap":{"0":{"loc":{"start":{"line":51,"column":19},"end":{"line":51,"column":69}},"type":"cond-expr","locations":[{"start":{"line":51,"column":35},"end":{"line":51,"column":62}},{"start":{"line":51,"column":65},"end":{"line":51,"column":69}}]},"1":{"loc":{"start":{"line":93,"column":17},"end":{"line":93,"column":34}},"type":"binary-expr","locations":[{"start":{"line":93,"column":17},"end":{"line":93,"column":28}},{"start":{"line":93,"column":32},"end":{"line":93,"column":34}}]},"2":{"loc":{"start":{"line":95,"column":19},"end":{"line":95,"column":69}},"type":"cond-expr","locations":[{"start":{"line":95,"column":35},"end":{"line":95,"column":62}},{"start":{"line":95,"column":65},"end":{"line":95,"column":69}}]},"3":{"loc":{"start":{"line":107,"column":28},"end":{"line":107,"column":62}},"type":"binary-expr","locations":[{"start":{"line":107,"column":28},"end":{"line":107,"column":54}},{"start":{"line":107,"column":58},"end":{"line":107,"column":62}}]},"4":{"loc":{"start":{"line":124,"column":21},"end":{"line":124,"column":54}},"type":"binary-expr","locations":[{"start":{"line":124,"column":21},"end":{"line":124,"column":48}},{"start":{"line":124,"column":52},"end":{"line":124,"column":54}}]},"5":{"loc":{"start":{"line":126,"column":4},"end":{"line":129,"column":5}},"type":"if","locations":[{"start":{"line":126,"column":4},"end":{"line":129,"column":5}},{"start":{},"end":{}}]},"6":{"loc":{"start":{"line":145,"column":4},"end":{"line":148,"column":5}},"type":"if","locations":[{"start":{"line":145,"column":4},"end":{"line":148,"column":5}},{"start":{},"end":{}}]},"7":{"loc":{"start":{"line":172,"column":22},"end":{"line":172,"column":77}},"type":"cond-expr","locations":[{"start":{"line":172,"column":45},"end":{"line":172,"column":63}},{"start":{"line":172,"column":66},"end":{"line":172,"column":77}}]},"8":{"loc":{"start":{"line":173,"column":29},"end":{"line":173,"column":52}},"type":"binary-expr","locations":[{"start":{"line":173,"column":29},"end":{"line":173,"column":39}},{"start":{"line":173,"column":43},"end":{"line":173,"column":52}}]},"9":{"loc":{"start":{"line":179,"column":24},"end":{"line":179,"column":51}},"type":"binary-expr","locations":[{"start":{"line":179,"column":24},"end":{"line":179,"column":43}},{"start":{"line":179,"column":47},"end":{"line":179,"column":51}}]}},"s":{"0":1,"1":1,"2":1,"3":1,"4":1,"5":1,"6":1,"7":1,"8":1,"9":3,"10":3,"11":3,"12":2,"13":2,"14":1,"15":1,"16":3,"17":3,"18":3,"19":2,"20":2,"21":1,"22":1,"23":2,"24":2,"25":2,"26":2,"27":1,"28":1,"29":1,"30":6,"31":6,"32":6,"33":6,"34":2,"35":2,"36":4,"37":3,"38":6,"39":3,"40":1,"41":1,"42":2,"43":3,"44":2,"45":2,"46":2,"47":2,"48":2,"49":2,"50":3,"51":1,"52":1},"f":{"0":3,"1":2,"2":3,"3":2,"4":2,"5":6,"6":6,"7":3,"8":3},"b":{"0":[1,1],"1":[2,1],"2":[1,1],"3":[2,1],"4":[6,1],"5":[2,4],"6":[1,2],"7":[1,1],"8":[2,1],"9":[3,1]}}
,"/Users/kevin/Desktop/Projets/CineConnect_Project/backend/src/services/filmsService.ts": {"path":"/Users/kevin/Desktop/Projets/CineConnect_Project/backend/src/services/filmsService.ts","statementMap":{"0":{"start":{"line":173,"column":0},"end":{"line":173,"column":7}},"1":{"start":{"line":225,"column":0},"end":{"line":225,"column":7}},"2":{"start":{"line":243,"column":0},"end":{"line":243,"column":7}},"3":{"start":{"line":277,"column":0},"end":{"line":277,"column":7}},"4":{"start":{"line":1,"column":0},"end":{"line":1,"column":36}},"5":{"start":{"line":2,"column":0},"end":{"line":2,"column":49}},"6":{"start":{"line":3,"column":0},"end":{"line":3,"column":null}},"7":{"start":{"line":20,"column":21},"end":{"line":20,"column":45}},"8":{"start":{"line":21,"column":22},"end":{"line":21,"column":47}},"9":{"start":{"line":60,"column":2},"end":{"line":60,"column":71}},"10":{"start":{"line":60,"column":59},"end":{"line":60,"column":71}},"11":{"start":{"line":61,"column":2},"end":{"line":61,"column":16}},"12":{"start":{"line":65,"column":2},"end":{"line":65,"column":43}},"13":{"start":{"line":65,"column":31},"end":{"line":65,"column":43}},"14":{"start":{"line":67,"column":17},"end":{"line":67,"column":47}},"15":{"start":{"line":68,"column":2},"end":{"line":68,"column":39}},"16":{"start":{"line":74,"column":2},"end":{"line":74,"column":36}},"17":{"start":{"line":74,"column":24},"end":{"line":74,"column":36}},"18":{"start":{"line":75,"column":2},"end":{"line":75,"column":14}},"19":{"start":{"line":83,"column":2},"end":{"line":83,"column":73}},"20":{"start":{"line":83,"column":21},"end":{"line":83,"column":73}},"21":{"start":{"line":85,"column":14},"end":{"line":85,"column":111}},"22":{"start":{"line":86,"column":14},"end":{"line":86,"column":30}},"23":{"start":{"line":87,"column":2},"end":{"line":87,"column":65}},"24":{"start":{"line":87,"column":15},"end":{"line":87,"column":65}},"25":{"start":{"line":88,"column":2},"end":{"line":88,"column":26}},"26":{"start":{"line":92,"column":2},"end":{"line":92,"column":73}},"27":{"start":{"line":92,"column":21},"end":{"line":92,"column":73}},"28":{"start":{"line":94,"column":14},"end":{"line":94,"column":78}},"29":{"start":{"line":95,"column":14},"end":{"line":95,"column":30}},"30":{"start":{"line":96,"column":2},"end":{"line":96,"column":65}},"31":{"start":{"line":96,"column":15},"end":{"line":96,"column":65}},"32":{"start":{"line":97,"column":2},"end":{"line":97,"column":26}},"33":{"start":{"line":102,"column":17},"end":{"line":114,"column":4}},"34":{"start":{"line":116,"column":17},"end":{"line":123,"column":16}},"35":{"start":{"line":125,"column":2},"end":{"line":125,"column":33}},"36":{"start":{"line":129,"column":2},"end":{"line":129,"column":39}},"37":{"start":{"line":129,"column":26},"end":{"line":129,"column":39}},"38":{"start":{"line":131,"column":18},"end":{"line":131,"column":51}},"39":{"start":{"line":131,"column":38},"end":{"line":131,"column":50}},"40":{"start":{"line":133,"column":21},"end":{"line":147,"column":29}},"41":{"start":{"line":149,"column":23},"end":{"line":149,"column":78}},"42":{"start":{"line":149,"column":56},"end":{"line":149,"column":76}},"43":{"start":{"line":151,"column":2},"end":{"line":169,"column":5}},"44":{"start":{"line":152,"column":22},"end":{"line":152,"column":52}},"45":{"start":{"line":153,"column":4},"end":{"line":159,"column":5}},"46":{"start":{"line":154,"column":6},"end":{"line":158,"column":8}},"47":{"start":{"line":161,"column":4},"end":{"line":168,"column":6}},"48":{"start":{"line":177,"column":21},"end":{"line":177,"column":55}},"49":{"start":{"line":179,"column":2},"end":{"line":181,"column":3}},"50":{"start":{"line":180,"column":4},"end":{"line":180,"column":50}},"51":{"start":{"line":183,"column":23},"end":{"line":183,"column":65}},"52":{"start":{"line":184,"column":18},"end":{"line":184,"column":62}},"53":{"start":{"line":184,"column":50},"end":{"line":184,"column":61}},"54":{"start":{"line":187,"column":24},"end":{"line":190,"column":43}},"55":{"start":{"line":192,"column":22},"end":{"line":192,"column":66}},"56":{"start":{"line":192,"column":55},"end":{"line":192,"column":64}},"57":{"start":{"line":194,"column":21},"end":{"line":194,"column":65}},"58":{"start":{"line":194,"column":44},"end":{"line":194,"column":64}},"59":{"start":{"line":196,"column":27},"end":{"line":203,"column":56}},"60":{"start":{"line":198,"column":21},"end":{"line":198,"column":50}},"61":{"start":{"line":199,"column":6},"end":{"line":199,"column":51}},"62":{"start":{"line":199,"column":39},"end":{"line":199,"column":51}},"63":{"start":{"line":200,"column":6},"end":{"line":200,"column":58}},"64":{"start":{"line":200,"column":46},"end":{"line":200,"column":58}},"65":{"start":{"line":201,"column":6},"end":{"line":201,"column":46}},"66":{"start":{"line":203,"column":22},"end":{"line":203,"column":55}},"67":{"start":{"line":205,"column":19},"end":{"line":205,"column":71}},"68":{"start":{"line":206,"column":18},"end":{"line":206,"column":62}},"69":{"start":{"line":206,"column":46},"end":{"line":206,"column":60}},"70":{"start":{"line":208,"column":38},"end":{"line":220,"column":42}},"71":{"start":{"line":210,"column":19},"end":{"line":210,"column":34}},"72":{"start":{"line":211,"column":6},"end":{"line":211,"column":29}},"73":{"start":{"line":211,"column":17},"end":{"line":211,"column":29}},"74":{"start":{"line":212,"column":6},"end":{"line":218,"column":35}},"75":{"start":{"line":222,"column":2},"end":{"line":222,"column":41}},"76":{"start":{"line":226,"column":21},"end":{"line":230,"column":13}},"77":{"start":{"line":232,"column":2},"end":{"line":234,"column":3}},"78":{"start":{"line":233,"column":4},"end":{"line":233,"column":76}},"79":{"start":{"line":236,"column":17},"end":{"line":236,"column":46}},"80":{"start":{"line":237,"column":2},"end":{"line":237,"column":47}},"81":{"start":{"line":237,"column":35},"end":{"line":237,"column":47}},"82":{"start":{"line":238,"column":2},"end":{"line":238,"column":54}},"83":{"start":{"line":238,"column":42},"end":{"line":238,"column":54}},"84":{"start":{"line":240,"column":2},"end":{"line":240,"column":42}},"85":{"start":{"line":244,"column":17},"end":{"line":249,"column":17}},"86":{"start":{"line":251,"column":2},"end":{"line":251,"column":59}},"87":{"start":{"line":258,"column":19},"end":{"line":271,"column":11}},"88":{"start":{"line":280,"column":35},"end":{"line":280,"column":37}},"89":{"start":{"line":282,"column":2},"end":{"line":299,"column":3}},"90":{"start":{"line":283,"column":19},"end":{"line":288,"column":27}},"91":{"start":{"line":290,"column":4},"end":{"line":298,"column":5}},"92":{"start":{"line":291,"column":31},"end":{"line":292,"column":null}},"93":{"start":{"line":294,"column":6},"end":{"line":297,"column":9}},"94":{"start":{"line":301,"column":2},"end":{"line":301,"column":18}}},"fnMap":{"0":{"name":"cleanPoster","decl":{"start":{"line":59,"column":9},"end":{"line":59,"column":20}},"loc":{"start":{"line":59,"column":47},"end":{"line":62,"column":1}}},"1":{"name":"parseYear","decl":{"start":{"line":64,"column":9},"end":{"line":64,"column":18}},"loc":{"start":{"line":64,"column":43},"end":{"line":69,"column":1}}},"2":{"name":"parseType","decl":{"start":{"line":71,"column":9},"end":{"line":71,"column":18}},"loc":{"start":{"line":72,"column":26},"end":{"line":76,"column":1}}},"3":{"name":"fetchOmdbSearch","decl":{"start":{"line":79,"column":15},"end":{"line":79,"column":30}},"loc":{"start":{"line":81,"column":14},"end":{"line":89,"column":1}}},"4":{"name":"fetchOmdbDetail","decl":{"start":{"line":91,"column":15},"end":{"line":91,"column":30}},"loc":{"start":{"line":91,"column":45},"end":{"line":98,"column":1}}},"5":{"name":"upsertFilmFromOmdbDetail","decl":{"start":{"line":101,"column":15},"end":{"line":101,"column":39}},"loc":{"start":{"line":101,"column":62},"end":{"line":126,"column":1}}},"6":{"name":"withCommunityRatings","decl":{"start":{"line":128,"column":15},"end":{"line":128,"column":35}},"loc":{"start":{"line":128,"column":49},"end":{"line":170,"column":1}}},"7":{"name":"(anonymous_7)","decl":{"start":{"line":131,"column":28},"end":{"line":131,"column":29}},"loc":{"start":{"line":131,"column":38},"end":{"line":131,"column":50}}},"8":{"name":"(anonymous_8)","decl":{"start":{"line":149,"column":46},"end":{"line":149,"column":47}},"loc":{"start":{"line":149,"column":56},"end":{"line":149,"column":76}}},"9":{"name":"(anonymous_9)","decl":{"start":{"line":151,"column":19},"end":{"line":151,"column":20}},"loc":{"start":{"line":151,"column":28},"end":{"line":169,"column":3}}},"10":{"name":"searchFilms","decl":{"start":{"line":173,"column":22},"end":{"line":173,"column":33}},"loc":{"start":{"line":175,"column":10},"end":{"line":223,"column":1}}},"11":{"name":"(anonymous_11)","decl":{"start":{"line":184,"column":40},"end":{"line":184,"column":41}},"loc":{"start":{"line":184,"column":50},"end":{"line":184,"column":61}}},"12":{"name":"(anonymous_12)","decl":{"start":{"line":192,"column":48},"end":{"line":192,"column":49}},"loc":{"start":{"line":192,"column":55},"end":{"line":192,"column":64}}},"13":{"name":"(anonymous_13)","decl":{"start":{"line":194,"column":36},"end":{"line":194,"column":37}},"loc":{"start":{"line":194,"column":44},"end":{"line":194,"column":64}}},"14":{"name":"(anonymous_14)","decl":{"start":{"line":197,"column":19},"end":{"line":197,"column":24}},"loc":{"start":{"line":197,"column":36},"end":{"line":202,"column":5}}},"15":{"name":"(anonymous_15)","decl":{"start":{"line":203,"column":9},"end":{"line":203,"column":10}},"loc":{"start":{"line":203,"column":22},"end":{"line":203,"column":55}}},"16":{"name":"(anonymous_16)","decl":{"start":{"line":206,"column":39},"end":{"line":206,"column":40}},"loc":{"start":{"line":206,"column":46},"end":{"line":206,"column":60}}},"17":{"name":"(anonymous_17)","decl":{"start":{"line":209,"column":9},"end":{"line":209,"column":10}},"loc":{"start":{"line":209,"column":16},"end":{"line":219,"column":5}}},"18":{"name":"getFilmDetail","decl":{"start":{"line":225,"column":22},"end":{"line":225,"column":35}},"loc":{"start":{"line":225,"column":50},"end":{"line":241,"column":1}}},"19":{"name":"getTopRatedFilms","decl":{"start":{"line":243,"column":22},"end":{"line":243,"column":38}},"loc":{"start":{"line":243,"column":49},"end":{"line":252,"column":1}}},"20":{"name":"getFilmsByGenre","decl":{"start":{"line":277,"column":22},"end":{"line":277,"column":37}},"loc":{"start":{"line":278,"column":20},"end":{"line":302,"column":1}}}},"branchMap":{"0":{"loc":{"start":{"line":60,"column":2},"end":{"line":60,"column":71}},"type":"if","locations":[{"start":{"line":60,"column":2},"end":{"line":60,"column":71}},{"start":{},"end":{}}]},"1":{"loc":{"start":{"line":60,"column":6},"end":{"line":60,"column":57}},"type":"binary-expr","locations":[{"start":{"line":60,"column":6},"end":{"line":60,"column":13}},{"start":{"line":60,"column":17},"end":{"line":60,"column":33}},{"start":{"line":60,"column":37},"end":{"line":60,"column":57}}]},"2":{"loc":{"start":{"line":65,"column":2},"end":{"line":65,"column":43}},"type":"if","locations":[{"start":{"line":65,"column":2},"end":{"line":65,"column":43}},{"start":{},"end":{}}]},"3":{"loc":{"start":{"line":65,"column":6},"end":{"line":65,"column":29}},"type":"binary-expr","locations":[{"start":{"line":65,"column":6},"end":{"line":65,"column":11}},{"start":{"line":65,"column":15},"end":{"line":65,"column":29}}]},"4":{"loc":{"start":{"line":68,"column":9},"end":{"line":68,"column":38}},"type":"cond-expr","locations":[{"start":{"line":68,"column":25},"end":{"line":68,"column":29}},{"start":{"line":68,"column":32},"end":{"line":68,"column":38}}]},"5":{"loc":{"start":{"line":74,"column":2},"end":{"line":74,"column":36}},"type":"if","locations":[{"start":{"line":74,"column":2},"end":{"line":74,"column":36}},{"start":{},"end":{}}]},"6":{"loc":{"start":{"line":83,"column":2},"end":{"line":83,"column":73}},"type":"if","locations":[{"start":{"line":83,"column":2},"end":{"line":83,"column":73}},{"start":{},"end":{}}]},"7":{"loc":{"start":{"line":87,"column":2},"end":{"line":87,"column":65}},"type":"if","locations":[{"start":{"line":87,"column":2},"end":{"line":87,"column":65}},{"start":{},"end":{}}]},"8":{"loc":{"start":{"line":92,"column":2},"end":{"line":92,"column":73}},"type":"if","locations":[{"start":{"line":92,"column":2},"end":{"line":92,"column":73}},{"start":{},"end":{}}]},"9":{"loc":{"start":{"line":96,"column":2},"end":{"line":96,"column":65}},"type":"if","locations":[{"start":{"line":96,"column":2},"end":{"line":96,"column":65}},{"start":{},"end":{}}]},"10":{"loc":{"start":{"line":107,"column":14},"end":{"line":107,"column":72}},"type":"cond-expr","locations":[{"start":{"line":107,"column":46},"end":{"line":107,"column":65}},{"start":{"line":107,"column":68},"end":{"line":107,"column":72}}]},"11":{"loc":{"start":{"line":109,"column":11},"end":{"line":109,"column":63}},"type":"cond-expr","locations":[{"start":{"line":109,"column":40},"end":{"line":109,"column":56}},{"start":{"line":109,"column":59},"end":{"line":109,"column":63}}]},"12":{"loc":{"start":{"line":110,"column":10},"end":{"line":110,"column":60}},"type":"cond-expr","locations":[{"start":{"line":110,"column":38},"end":{"line":110,"column":53}},{"start":{"line":110,"column":56},"end":{"line":110,"column":60}}]},"13":{"loc":{"start":{"line":111,"column":13},"end":{"line":111,"column":69}},"type":"cond-expr","locations":[{"start":{"line":111,"column":44},"end":{"line":111,"column":62}},{"start":{"line":111,"column":65},"end":{"line":111,"column":69}}]},"14":{"loc":{"start":{"line":112,"column":17},"end":{"line":112,"column":79}},"type":"cond-expr","locations":[{"start":{"line":112,"column":51},"end":{"line":112,"column":72}},{"start":{"line":112,"column":75},"end":{"line":112,"column":79}}]},"15":{"loc":{"start":{"line":113,"column":12},"end":{"line":113,"column":66}},"type":"cond-expr","locations
[...]
91":{"start":{"line":466,"column":2},"end":{"line":466,"column":40}},"92":{"start":{"line":466,"column":30},"end":{"line":466,"column":40}},"93":{"start":{"line":468,"column":15},"end":{"line":491,"column":27}},"94":{"start":{"line":493,"column":2},"end":{"line":507,"column":8}},"95":{"start":{"line":494,"column":21},"end":{"line":494,"column":50}},"96":{"start":{"line":495,"column":19},"end":{"line":507,"column":6}},"97":{"start":{"line":516,"column":17},"end":{"line":516,"column":54}},"98":{"start":{"line":518,"column":17},"end":{"line":518,"column":59}},"99":{"start":{"line":519,"column":2},"end":{"line":521,"column":3}},"100":{"start":{"line":520,"column":4},"end":{"line":520,"column":68}},"101":{"start":{"line":523,"column":2},"end":{"line":525,"column":3}},"102":{"start":{"line":524,"column":4},"end":{"line":524,"column":78}},"103":{"start":{"line":527,"column":18},"end":{"line":527,"column":39}},"104":{"start":{"line":528,"column":2},"end":{"line":528,"column":68}},"105":{"start":{"line":528,"column":16},"end":{"line":528,"column":68}},"106":{"start":{"line":530,"column":21},"end":{"line":539,"column":48}},"107":{"start":{"line":541,"column":20},"end":{"line":557,"column":13}},"108":{"start":{"line":559,"column":17},"end":{"line":559,"column":53}},"109":{"start":{"line":560,"column":2},"end":{"line":563,"column":4}},"110":{"start":{"line":572,"column":17},"end":{"line":572,"column":54}},"111":{"start":{"line":574,"column":19},"end":{"line":574,"column":55}},"112":{"start":{"line":575,"column":2},"end":{"line":577,"column":3}},"113":{"start":{"line":576,"column":4},"end":{"line":576,"column":61}},"114":{"start":{"line":579,"column":2},"end":{"line":581,"column":3}},"115":{"start":{"line":580,"column":4},"end":{"line":580,"column":65}},"116":{"start":{"line":583,"column":18},"end":{"line":583,"column":39}},"117":{"start":{"line":584,"column":2},"end":{"line":584,"column":72}},"118":{"start":{"line":584,"column":16},"end":{"line":584,"column":72}},"119":{"start":{"line":586,"column":2},"end":{"line":594,"column":6}},"120":{"start":{"line":602,"column":17},"end":{"line":602,"column":54}},"121":{"start":{"line":604,"column":19},"end":{"line":604,"column":55}},"122":{"start":{"line":605,"column":2},"end":{"line":607,"column":3}},"123":{"start":{"line":606,"column":4},"end":{"line":606,"column":61}},"124":{"start":{"line":609,"column":2},"end":{"line":611,"column":3}},"125":{"start":{"line":610,"column":4},"end":{"line":610,"column":65}},"126":{"start":{"line":613,"column":2},"end":{"line":617,"column":6}}},"fnMap":{"0":{"name":"normalizeRating","decl":{"start":{"line":91,"column":9},"end":{"line":91,"column":24}},"loc":{"start":{"line":91,"column":38},"end":{"line":97,"column":1}}},"1":{"name":"normalizeOptionalRating","decl":{"start":{"line":99,"column":9},"end":{"line":99,"column":32}},"loc":{"start":{"line":99,"column":58},"end":{"line":102,"column":1}}},"2":{"name":"getFilmIdByOmdbId","decl":{"start":{"line":104,"column":15},"end":{"line":104,"column":32}},"loc":{"start":{"line":104,"column":47},"end":{"line":112,"column":1}}},"3":{"name":"mapReviewRow","decl":{"start":{"line":114,"column":9},"end":{"line":114,"column":21}},"loc":{"start":{"line":114,"column":38},"end":{"line":129,"column":1}}},"4":{"name":"getReviewById","decl":{"start":{"line":131,"column":15},"end":{"line":131,"column":28}},"loc":{"start":{"line":131,"column":45},"end":{"line":146,"column":1}}},"5":{"name":"getParentReviewByUserAndFilm","decl":{"start":{"line":148,"column":15},"end":{"line":148,"column":43}},"loc":{"start":{"line":151,"column":1},"end":{"line":172,"column":1}}},"6":{"name":"getReviewWithAuthorById","decl":{"start":{"line":174,"column":15},"end":{"line":174,"column":38}},"loc":{"start":{"line":174,"column":55},"end":{"line":194,"column":1}}},"7":{"name":"ensureFilmExists","decl":{"start":{"line":196,"column":15},"end":{"line":196,"column":31}},"loc":{"start":{"line":196,"column":46},"end":{"line":200,"column":1}}},"8":{"name":"getFilmComments","decl":{"start":{"line":202,"column":22},"end":{"line":202,"column":37}},"loc":{"start":{"line":203,"column":16},"end":{"line":272,"column":1}}},"9":{"name":"(anonymous_9)","decl":{"start":{"line":226,"column":4},"end":{"line":226,"column":5}},"loc":{"start":{"line":227,"column":6},"end":{"line":227,"column":74}}},"10":{"name":"(anonymous_10)","decl":{"start":{"line":229,"column":32},"end":{"line":229,"column":33}},"loc":{"start":{"line":229,"column":41},"end":{"line":229,"column":54}}},"11":{"name":"(anonymous_11)","decl":{"start":{"line":267,"column":40},"end":{"line":267,"column":41}},"loc":{"start":{"line":267,"column":50},"end":{"line":271,"column":4}}},"12":{"name":"createFilmComment","decl":{"start":{"line":274,"column":22},"end":{"line":274,"column":39}},"loc":{"start":{"line":279,"column":1},"end":{"line":327,"column":1}}},"13":{"name":"upsertFilmRating","decl":{"start":{"line":329,"column":22},"end":{"line":329,"column":38}},"loc":{"start":{"line":333,"column":1},"end":{"line":360,"column":1}}},"14":{"name":"getFilmRatingSummary","decl":{"start":{"line":362,"column":22},"end":{"line":362,"column":42}},"loc":{"start":{"line":365,"column":1},"end":{"line":400,"column":1}}},"15":{"name":"getLatestCommunityReviews","decl":{"start":{"line":402,"column":22},"end":{"line":402,"column":47}},"loc":{"start":{"line":403,"column":11},"end":{"line":447,"column":1}}},"16":{"name":"(anonymous_16)","decl":{"start":{"line":432,"column":18},"end":{"line":432,"column":19}},"loc":{"start":{"line":432,"column":28},"end":{"line":446,"column":4}}},"17":{"name":"getUserCommentReplyNotifications","decl":{"start":{"line":449,"column":22},"end":{"line":449,"column":54}},"loc":{"start":{"line":452,"column":1},"end":{"line":508,"column":1}}},"18":{"name":"(anonymous_18)","decl":{"start":{"line":465,"column":35},"end":{"line":465,"column":36}},"loc":{"start":{"line":465,"column":44},"end":{"line":465,"column":57}}},"19":{"name":"(anonymous_19)","decl":{"start":{"line":494,"column":12},"end":{"line":494,"column":13}},"loc":{"start":{"line":494,"column":21},"end":{"line":494,"column":50}}},"20":{"name":"(anonymous_20)","decl":{"start":{"line":495,"column":9},"end":{"line":495,"column":10}},"loc":{"start":{"line":495,"column":19},"end":{"line":507,"column":6}}},"21":{"name":"createReviewReply","decl":{"start":{"line":510,"column":22},"end":{"line":510,"column":39}},"loc":{"start":{"line":515,"column":1},"end":{"line":564,"column":1}}},"22":{"name":"updateReviewComment","decl":{"start":{"line":566,"column":22},"end":{"line":566,"column":41}},"loc":{"start":{"line":571,"column":1},"end":{"line":595,"column":1}}},"23":{"name":"deleteReviewComment","decl":{"start":{"line":597,"column":22},"end":{"line":597,"column":41}},"loc":{"start":{"line":601,"column":1},"end":{"line":618,"column":1}}}},"branchMap":{"0":{"loc":{"start":{"line":93,"column":2},"end":{"line":95,"column":3}},"type":"if","locations":[{"start":{"line":93,"column":2},"end":{"line":95,"column":3}},{"start":{},"end":{}}]},"1":{"loc":{"start":{"line":93,"column":6},"end":{"line":93,"column":54}},"type":"binary-expr","locations":[{"start":{"line":93,"column":6},"end":{"line":93,"column":26}},{"start":{"line":93,"column":30},"end":{"line":93,"column":40}},{"start":{"line":93,"column":44},"end":{"line":93,"column":54}}]},"2":{"loc":{"start":{"line":100,"column":2},"end":{"line":100,"column":45}},"type":"if","locations":[{"start":{"line":100,"column":2},"end":{"line":100,"column":45}},{"start":{},"end":{}}]},"3":{"loc":{"start":{"line":111,"column":9},"end":{"line":111,"column":30}},"type":"binary-expr","locations":[{"start":{"line":111,"column":9},"end":{"line":111,"column":22}},{"start":{"line":111,"column":26},"end":{"line":111,"column":30}}]},"4":{"loc":{"start":{"line":120,"column":13},"end":{"line":120,"column":30}},"type":"binary-expr","locations":[{"start":{"line":120,"column":13},"end":{"line":120,"column":24}},{"start":{"line":120,"column":28},"end":{"line":120,"column":30}}]},"5":{"loc":{"start":{"line":121,"column":15},"end":{"line":121,"column":67}},"type":"cond-expr","locations":[{"start":{"line":121,"column":32},"end":{"line":121,"column":60}},{"start":{"line":121,"column":63},"end":{"line":121,"column":67}}]},"6":{"loc":{"start":{"line":122,"column":15},"end":{"line":122,"column":67}},"type":"cond-expr","locations":[{"start":{"line":122,"column":32},"end":{"line":122,"column":60}},{"start":{"line":122,"column":63},"end":{"line":122,"column":67}}]},"7":{"loc":{"start":{"line":125,"column":12},"end":{"line":125,"column":42}},"type":"binary-expr","locations":[{"start":{"line":125,"column":12},"end":{"line":125,"column":25}},{"start":{"line":125,"column":29},"end":{"line":125,"column":42}}]},"8":{"loc":{"start":{"line":145,"column":9},"end":{"line":145,"column":25}},"type":"binary-expr","locations":[{"start":{"line":145,"column":9},"end":{"line":145,"column":17}},{"start":{"line":145,"column":21},"end":{"line":145,"column":25}}]},"9":{"loc":{"start":{"line":171,"column":9},"end":{"line":171,"column":25}},"type":"binary-expr","locations":[{"start":{"line":171,"column":9},"end":{"line":171,"column":17}},{"start":{"line":171,"column":21},"end":{"line":171,"column":25}}]},"10":{"loc":{"start":{"line":198,"column":2},"end":{"line":198,"column":73}},"type":"if","locations":[{"start":{"line":198,"column":2},"end":{"line":198,"column":73}},{"start":{},"end":{}}]},"11":{"loc":{"start":{"line":227,"column":6},"end":{"line":227,"column":74}},"type":"binary-expr","locations":[{"start":{"line":227,"column":6},"end":{"line":227,"column":35}},{"start":{"line":227,"column":39},"end":{"line":227,"column":74}}]},"12":{"loc":{"start":{"line":227,"column":48},"end":{"line":227,"column":65}},"type":"binary-expr","locations":[{"start":{"line":227,"column":48},"end":{"line":227,"column":59}},{"start":{"line":227,"column":63},"end":{"line":227,"column":65}}]},"13":{"loc":{"start":{"line":232,"column":4},"end":{"line":250,"column":43}},"type":"cond-expr","locations":[{"start":{"line":233,"column":8},"end":{"line":233,"column":10}},{"start":{"line":234,"column":8},"end":{"line":250,"column":43}}]},"14":{"loc":{"start":{"line":255,"column":4},"end":{"line":255,"column":50}},"type":"if","locations":[{"start":{"line":255,"column":4},"end":{"line":255,"column":50}},{"start":{},"end":{}}]},"15":{"loc":{"start":{"line":262,"column":21},"end":{"line":262,"column":70}},"type":"binary-expr","locations":[{"start":{"line":262,"column":21},"end":{"line":262,"column":64}},{"start":{"line":262,"column":68},"end":{"line":262,"column":70}}]},"16":{"loc":{"start":{"line":270,"column":13},"end":{"line":270,"column":53}},"type":"binary-expr","locations":[{"start":{"line":270,"column":13},"end":{"line":270,"column":47}},{"start":{"line":270,"column":51},"end":{"line":270,"column":53}}]},"17":{"loc":{"start":{"line":283,"column":2},"end":{"line":283,"column":72}},"type":"if","locations":[{"start":{"line":283,"column":2},"end":{"line":283,"column":72}},{"start":{},"end":{}}]},"18":{"loc":{"start":{"line":293,"column":2},"end":{"line":318,"column":3}},"type":"if","locations":[{"start":{"line":293,"column":2},"end":{"line":318,"column":3}},{"start":{"line":305,"column":9},"end":{"line":318,"column":3}}]},"19":{"loc":{"start":{"line":299,"column":10},"end":{"line":299,"column":74}},"type":"cond-expr","locations":[{"start":{"line":299,"column":36},"end":{"line":299,"column":50}},{"start":{"line":299,"column":53},"end":{"line":299,"column":74}}]},"20":{"loc":{"start":{"line":312,"column":16},"end":{"line":312,"column":35}},"type":"binary-expr","locations":[{"start":{"line":312,"column":16},"end":{"line":312,"column":30}},{"start":{"line":312,"column":34},"end":{"line":312,"column":35}}]},"21":{"loc":{"start":{"line":321,"column":2},"end":{"line":323,"column":3}},"type":"if","locations":[{"start":{"line":321,"column":2},"end":{"line":323,"column":3}},{"start":{},"end":{}}]},"22":{"loc":{"start":{"line":342,"column":2},"end":{"line":351,"column":3}},"type":"if","locations":[{"start":{"line":342,"column":2},"end":{"line":351,"column":3}},{"start":{},"end":{}}]},"23":{"loc":{"start":{"line":383,"column":2},"end":{"line":389,"column":3}},"type":"if","locations":[{"start":{"line":383,"column":2},"end":{"line":389,"column":3}},{"start":{},"end":{}}]},"24":{"loc":{"start":{"line":388,"column":17},"end":{"line":388,"column":79}},"type":"cond-expr","locations":[{"start":{"line":388,"column":55},"end":{"line":388,"column":72}},{"start":{"line":388,"column":75},"end":{"line":388,"column":79}}]},"25":{"loc":{"start":{"line":388,"column":17},"end":{"line":388,"column":52}},"type":"binary-expr","locations":[{"start":{"line":388,"column":17},"end":{"line":388,"column":27}},{"start":{"line":388,"column":31},"end":{"line":388,"column":52}}]},"26":{"loc":{"start":{"line":393,"column":6},"end":{"line":396,"column":41}},"type":"cond-expr","locations":[{"start":{"line":395,"column":10},"end":{"line":395,"column":14}},{"start":{"line":396,"column":10},"end":{"line":396,"column":41}}]},"27":{"loc":{"start":{"line":393,"column":6},"end":{"line":394,"column":44}},"type":"binary-expr","locations":[{"start":{"line":393,"column":6},"end":{"line":393,"column":39}},{"start":{"line":394,"column":6},"end":{"line":394,"column":44}}]},"28":{"loc":{"start":{"line":397,"column":25},"end":{"line":397,"column":53}},"type":"binary-expr","locations":[{"start":{"line":397,"column":25},"end":{"line":397,"column":48}},{"start":{"line":397,"column":52},"end":{"line":397,"column":53}}]},"29":{"loc":{"start":{"line":403,"column":2},"end":{"line":403,"column":11}},"type":"default-arg","locations":[{"start":{"line":403,"column":10},"end":{"line":403,"column":11}}]},"30":{"loc":{"start":{"line":435,"column":13},"end":{"line":435,"column":30}},"type":"binary-expr","locations":[{"start":{"line":435,"column":13},"end":{"line":435,"column":24}},{"start":{"line":435,"column":28},"end":{"line":435,"column":30}}]},"31":{"loc":{"start":{"line":436,"column":15},"end":{"line":436,"column":67}},"type":"cond-expr","locations":[{"start":{"line":436,"column":32},"end":{"line":436,"column":60}},{"start":{"line":436,"column":63},"end":{"line":436,"column":67}}]},"32":{"loc":{"start":{"line":439,"column":12},"end":{"line":439,"column":42}},"type":"binary-expr","locations":[{"start":{"line":439,"column":12},"end":{"line":439,"column":25}},{"start":{"line":439,"column":29},"end":{"line":439,"column":42}}]},"33":{"loc":{"start":{"line":443,"column":14},"end":{"line":443,"column":36}},"type":"binary-expr","locations":[{"start":{"line":443,"column":14},"end":{"line":443,"column":30}},{"start":{"line":443,"column":34},"end":{"line":443,"column":36}}]},"34":{"loc":{"start":{"line":454,"column":24},"end":{"line":454,"column":42}},"type":"binary-expr","locations":[{"start":{"line":454,"column":24},"end":{"line":454,"column":36}},{"start":{"line":454,"column":40},"end":{"line":454,"column":42}}]},"35":{"loc":{"start":{"line":466,"column":2},"end":{"line":466,"column":40}},"type":"if","locations":[{"start":{"line":466,"column":2},"end":{"line":466,"column":40}},{"start":{},"end":{}}]},"36":{"loc":{"start":{"line":498,"column":14},"end":{"line":498,"column":36}},"type":"binary-expr","locations":[{"start":{"line":498,"column":14},"end":{"line":498,"column":30}},{"start":{"line":498,"column":34},"end":{"line":498,"column":36}}]},"37":{"loc":{"start":{"line":502,"column":14},"end":{"line":502,"column":47}},"type":"binary-expr","locations":[{"start":{"line":502,"column":14},"end":{"line":502,"column":30}},{"start":{"line":502,"column":34},"end":{"line":502,"column":47}}]},"38":{"loc":{"start":{"line":505,"column":15},"end":{"line":505,"column":32}},"type":"binary-expr","locations":[{"start":{"line":505,"column":15},"end":{"line":505,"column":26}},{"start":{"line":505,"column":30},"end":{"line":505,"column":32}}]},"39":{"loc":{"start":{"line":506,"column":17},"end":{"line":506,"column":69}},"type":"cond-expr","locations":[{"start":{"line":506,"column":34},"end":{"line":506,"column":62}},{"start":{"line":506,"column":65},"end":{"line":506,"column":69}}]},"40":{"loc":{"start":{"line":519,"column":2},"end":{"line":521,"column":3}},"type":"if","locations":[{"start":{"line":519,"column":2},"end":{"line":521,"column":3}},{"start":{},"end":{}}]},"41":{"loc":{"start":{"line":519,"column":6},"end":{"line":519,"column":42}},"type":"binary-expr","locations":[{"start":{"line":519,"column":6},"end":{"line":519,"column":13}},{"start":{"line":519,"column":17},"end":{"line":519,"column":42}}]},"42":{"loc":{"start":{"line":523,"column":2},"end":{"line":525,"column":3}},"type":"if","locations":[{"start":{"line":523,"column":2},"end":{"line":525,"column":3}},{"start":{},"end":{}}]},"43":{"loc":{"start":{"line":528,"column":2},"end":{"line":528,"column":68}},"type":"if","locations":[{"start":{"line":528,"column":2},"end":{"line":528,"column":68}},{"start":{},"end":{}}]},"44":{"loc":{"start":{"line":575,"column":2},"end":{"line":577,"column":3}},"type":"if","locations":[{"start":{"line":575,"column":2},"end":{"line":577,"column":3}},{"start":{},"end":{}}]},"45":{"loc":{"start":{"line":575,"column":6},"end":{"line":575,"column":46}},"type":"binary-expr","locations":[{"start":{"line":575,"column":6},"end":{"line":575,"column":15}},{"start":{"line":575,"column":19},"end":{"line":575,"column":46}}]},"46":{"loc":{"start":{"line":579,"column":2},"end":{"line":581,"column":3}},"type":"if","locations":[{"start":{"line":579,"column":2},"end":{"line":581,"column":3}},{"start":{},"end":{}}]},"47":{"loc":{"start":{"line":584,"column":2},"end":{"line":584,"column":72}},"type":"if","locations":[{"start":{"line":584,"column":2},"end":{"line":584,"column":72}},{"start":{},"end":{}}]},"48":{"loc":{"start":{"line":605,"column":2},"end":{"line":607,"column":3}},"type":"if","locations":[{"start":{"line":605,"column":2},"end":{"line":607,"column":3}},{"start":{},"end":{}}]},"49":{"loc":{"start":{"line":605,"column":6},"end":{"line":605,"column":46}},"type":"binary-expr","locations":[{"start":{"line":605,"column":6},"end":{"line":605,"column":15}},{"start":{"line":605,"column":19},"end":{"line":605,"column":46}}]},"50":{"loc":{"start":{"line":609,"column":2},"end":{"line":611,"column":3}},"type":"if","locations":[{"start":{"line":609,"column":2},"end":{"line":611,"column":3}},{"start":{},"end":{}}]}},"s":{"0":1,"1":1,"2":1,"3":1,"4":1,"5":1,"6":1,"7":1,"8":1,"9":1,"10":1,"11":1,"12":1,"13":1,"14":1,"15":1,"16":4,"17":4,"18":1,"19":3,"20":4,"21":3,"22":1,"23":28,"24":28,"25":7,"26":11,"27":11,"28":8,"29":8,"30":4,"31":4,"32":28,"33":28,"34":1,"35":27,"36":5,"37":4,"38":4,"39":5,"40":4,"41":2,"42":4,"43":4,"44":4,"45":2,"46":1,"47":1,"48":1,"49":1,"50":1,"51":4,"52":2,"53":5,"54":5,"55":5,"56":1,"57":4,"58":4,"59":4,"60":2,"61":2,"62":2,"63":2,"64":4,"65":4,"66":1,"67":3,"68":3,"69":3,"70":3,"71":2,"72":2,"73":1,"74":1,"75":1,"76":4,"77":4,"78":4,"79":4,"80":2,"81":2,"82":4,"83":2,"84":2,"85":2,"86":2,"87":3,"88":3,"89":3,"90":2,"91":3,"92":1,"93":2,"94":2,"95":3,"96":2,"97":4,"98":4,"99":4,"100":1,"101":3,"102":1,"103":2,"104":2,"105":1,"106":1,"107":1,"108":1,"109":1,"110":4,"111":4,"112":4,"113":1,"114":3,"115":1,"116":2,"117":2,"118":1,"119":1,"120":3,"121":3,"122":3,"123":1,"124":2,"125":1,"126":1},"f":{"0":4,"1":4,"2":28,"3":7,"4":11,"5":8,"6":4,"7":28,"8":5,"9":5,"10":2,"11":2,"12":5,"13":3,"14":4,"15":2,"16":2,"17":3,"18":2,"19":3,"20":2,"21":4,"22":4,"23":3},"b":{"0":[1,3],"1":[4,4,4],"2":[3,1],"3":[28,1],"4":[7,1],"5":[6,1],"6":[6,1],"7":[7,2],"8":[11,3],"9":[8,3],"10":[1,27],"11":[5,5],"12":[5,1],"13":[2,2],"14":[1,1],"15":[1,1],"16":[2,1],"17":[1,4],"18":[2,2],"19":[1,1],"20":[2,2],"21":[1,3],"22":[1,1],"23":[2,2],"24":[1,1],"25":[2,2],"26":[2,2],"27":[4,3],"28":[4,1],"29":[1],"30":[2,1],"31":[1,1],"32":[2,1],"33":[2,1],"34":[3,1],"35":[1,2],"36":[2,1],"37":[2,1],"38":[2,1],"39":[1,1],"40":[1,3],"41":[4,3],"42":[1,2],"43":[1,1],"44":[1,3],"45":[4,3],"46":[1,2],"47":[1,1],"48":[1,2],"49":[3,2],"50":[1,1]}}
}
