{"/Users/kevin/Desktop/Projets/CineConnect_Project/backend/src/app.ts": {"path":"/Users/kevin/Desktop/Projets/CineConnect_Project/backend/src/app.ts","statementMap":{"0":{"start":{"line":12,"column":0},"end":{"line":12,"column":16}},"1":{"start":{"line":57,"column":0},"end":{"line":57,"column":16}},"2":{"start":{"line":1,"column":0},"end":{"line":1,"column":24}},"3":{"start":{"line":2,"column":0},"end":{"line":2,"column":24}},"4":{"start":{"line":3,"column":0},"end":{"line":3,"column":30}},"5":{"start":{"line":4,"column":0},"end":{"line":4,"column":49}},"6":{"start":{"line":5,"column":0},"end":{"line":5,"column":33}},"7":{"start":{"line":6,"column":0},"end":{"line":6,"column":48}},"8":{"start":{"line":7,"column":0},"end":{"line":7,"column":50}},"9":{"start":{"line":8,"column":0},"end":{"line":8,"column":44}},"10":{"start":{"line":9,"column":0},"end":{"line":9,"column":44}},"11":{"start":{"line":10,"column":0},"end":{"line":10,"column":41}},"12":{"start":{"line":13,"column":14},"end":{"line":13,"column":23}},"13":{"start":{"line":14,"column":25},"end":{"line":14,"column":79}},"14":{"start":{"line":16,"column":2},"end":{"line":21,"column":4}},"15":{"start":{"line":23,"column":22},"end":{"line":23,"column":41}},"16":{"start":{"line":30,"column":4},"end":{"line":36,"column":7}},"17":{"start":{"line":31,"column":6},"end":{"line":31,"column":57}},"18":{"start":{"line":32,"column":22},"end":{"line":32,"column":70}},"19":{"start":{"line":33,"column":6},"end":{"line":35,"column":7}},"20":{"start":{"line":34,"column":8},"end":{"line":34,"column":71}},"21":{"start":{"line":40,"column":2},"end":{"line":40,"column":40}},"22":{"start":{"line":41,"column":2},"end":{"line":41,"column":47}},"23":{"start":{"line":43,"column":2},"end":{"line":43,"column":42}},"24":{"start":{"line":45,"column":2},"end":{"line":47,"column":5}},"25":{"start":{"line":46,"column":4},"end":{"line":46,"column":57}},"26":{"start":{"line":49,"column":2},"end":{"line":49,"column":41}},"27":{"start":{"line":50,"column":2},"end":{"line":50,"column":43}},"28":{"start":{"line":51,"column":2},"end":{"line":51,"column":37}},"29":{"start":{"line":52,"column":2},"end":{"line":52,"column":37}},"30":{"start":{"line":54,"column":2},"end":{"line":54,"column":13}},"31":{"start":{"line":58,"column":21},"end":{"line":58,"column":43}},"32":{"start":{"line":59,"column":2},"end":{"line":59,"column":25}},"33":{"start":{"line":60,"column":2},"end":{"line":60,"column":20}}},"fnMap":{"0":{"name":"createApp","decl":{"start":{"line":12,"column":16},"end":{"line":12,"column":25}},"loc":{"start":{"line":12,"column":25},"end":{"line":55,"column":1}}},"1":{"name":"wrapAuthHandler","decl":{"start":{"line":25,"column":11},"end":{"line":25,"column":26}},"loc":{"start":{"line":28,"column":31},"end":{"line":37,"column":3}}},"2":{"name":"(anonymous_3)","decl":{"start":{"line":30,"column":32},"end":{"line":30,"column":33}},"loc":{"start":{"line":30,"column":49},"end":{"line":36,"column":5}}},"3":{"name":"(anonymous_4)","decl":{"start":{"line":45,"column":15},"end":{"line":45,"column":16}},"loc":{"start":{"line":45,"column":29},"end":{"line":47,"column":3}}},"4":{"name":"createHttpServer","decl":{"start":{"line":57,"column":16},"end":{"line":57,"column":32}},"loc":{"start":{"line":57,"column":53},"end":{"line":61,"column":1}}}},"branchMap":{"0":{"loc":{"start":{"line":14,"column":25},"end":{"line":14,"column":79}},"type":"binary-expr","locations":[{"start":{"line":14,"column":25},"end":{"line":14,"column":52}},{"start":{"line":14,"column":56},"end":{"line":14,"column":79}}]},"1":{"loc":{"start":{"line":32,"column":22},"end":{"line":32,"column":70}},"type":"cond-expr","locations":[{"start":{"line":32,"column":45},"end":{"line":32,"column":56}},{"start":{"line":32,"column":59},"end":{"line":32,"column":70}}]},"2":{"loc":{"start":{"line":33,"column":6},"end":{"line":35,"column":7}},"type":"if","locations":[{"start":{"line":33,"column":6},"end":{"line":35,"column":7}},{"start":{},"end":{}}]}},"s":{"0":0,"1":0,"2":0,"3":0,"4":0,"5":0,"6":0,"7":0,"8":0,"9":0,"10":0,"11":0,"12":0,"13":0,"14":0,"15":0,"16":0,"17":0,"18":0,"19":0,"20":0,"21":0,"22":0,"23":0,"24":0,"25":0,"26":0,"27":0,"28":0,"29":0,"30":0,"31":0,"32":0,"33":0},"f":{"0":0,"1":0,"2":0,"3":0,"4":0},"b":{"0":[0,0],"1":[0,0],"2":[0,0]}}
,"/Users/kevin/Desktop/Projets/CineConnect_Project/backend/src/auth.ts": {"path":"/Users/kevin/Desktop/Projets/CineConnect_Project/backend/src/auth.ts","statementMap":{"0":{"start":{"line":1,"column":0},"end":{"line":1,"column":33}},"1":{"start":{"line":2,"column":0},"end":{"line":2,"column":41}},"2":{"start":{"line":3,"column":0},"end":{"line":3,"column":62}},"3":{"start":{"line":4,"column":0},"end":{"line":4,"column":35}},"4":{"start":{"line":5,"column":0},"end":{"line":5,"column":41}},"5":{"start":{"line":7,"column":0},"end":{"line":7,"column":16}},"6":{"start":{"line":9,"column":16},"end":{"line":9,"column":70}},"7":{"start":{"line":10,"column":15},"end":{"line":10,"column":45}},"8":{"start":{"line":12,"column":0},"end":{"line":16,"column":1}},"9":{"start":{"line":13,"column":2},"end":{"line":15,"column":4}},"10":{"start":{"line":22,"column":13},"end":{"line":53,"column":3}}},"fnMap":{},"branchMap":{"0":{"loc":{"start":{"line":9,"column":16},"end":{"line":9,"column":70}},"type":"binary-expr","locations":[{"start":{"line":9,"column":16},"end":{"line":9,"column":43}},{"start":{"line":9,"column":47},"end":{"line":9,"column":70}}]},"1":{"loc":{"start":{"line":12,"column":0},"end":{"line":16,"column":1}},"type":"if","locations":[{"start":{"line":12,"column":0},"end":{"line":16,"column":1}},{"start":{},"end":{}}]},"2":{"loc":{"start":{"line":12,"column":4},"end":{"line":12,"column":33}},"type":"binary-expr","locations":[{"start":{"line":12,"column":4},"end":{"line":12,"column":11}},{"start":{"line":12,"column":15},"end":{"line":12,"column":33}}]},"3":{"loc":{"start":{"line":24,"column":10},"end":{"line":24,"column":60}},"type":"binary-expr","locations":[{"start":{"line":24,"column":10},"end":{"line":24,"column":16}},{"start":{"line":24,"column":20},"end":{"line":24,"column":60}}]}},"s":{"0":0,"1":0,"2":0,"3":0,"4":0,"5":0,"6":0,"7":0,"8":0,"9":0,"10":0},"f":{},"b":{"0":[0,0],"1":[0,0],"2":[0,0],"3":[0,0]}}
,"/Users/kevin/Desktop/Projets/CineConnect_Project/backend/src/index.ts": {"path":"/Users/kevin/Desktop/Projets/CineConnect_Project/backend/src/index.ts","statementMap":{"0":{"start":{"line":6,"column":0},"end":{"line":6,"column":16}},"1":{"start":{"line":1,"column":0},"end":{"line":1,"column":33}},"2":{"start":{"line":2,"column":0},"end":{"line":2,"column":55}},"3":{"start":{"line":4,"column":0},"end":{"line":4,"column":16}},"4":{"start":{"line":7,"column":14},"end":{"line":7,"column":25}},"5":{"start":{"line":8,"column":21},"end":{"line":8,"column":42}},"6":{"start":{"line":9,"column":15},"end":{"line":9,"column":39}},"7":{"start":{"line":11,"column":2},"end":{"line":13,"column":5}},"8":{"start":{"line":12,"column":4},"end":{"line":12,"column":65}},"9":{"start":{"line":15,"column":2},"end":{"line":15,"column":29}},"10":{"start":{"line":18,"column":0},"end":{"line":20,"column":1}},"11":{"start":{"line":19,"column":2},"end":{"line":19,"column":16}}},"fnMap":{"0":{"name":"startServer","decl":{"start":{"line":6,"column":16},"end":{"line":6,"column":27}},"loc":{"start":{"line":6,"column":27},"end":{"line":16,"column":1}}},"1":{"name":"(anonymous_10)","decl":{"start":{"line":11,"column":26},"end":{"line":11,"column":29}},"loc":{"start":{"line":11,"column":31},"end":{"line":13,"column":3}}}},"branchMap":{"0":{"loc":{"start":{"line":9,"column":15},"end":{"line":9,"column":39}},"type":"binary-expr","locations":[{"start":{"line":9,"column":15},"end":{"line":9,"column":31}},{"start":{"line":9,"column":35},"end":{"line":9,"column":39}}]},"1":{"loc":{"start":{"line":18,"column":0},"end":{"line":20,"column":1}},"type":"if","locations":[{"start":{"line":18,"column":0},"end":{"line":20,"column":1}},{"start":{},"end":{}}]}},"s":{"0":0,"1":0,"2":0,"3":0,"4":0,"5":0,"6":0,"7":0,"8":0,"9":0,"10":0,"11":0},"f":{"0":0,"1":0},"b":{"0":[0,0],"1":[0,0]}}
,"/Users/kevin/Desktop/Projets/CineConnect_Project/backend/src/socket.ts": {"path":"/Users/kevin/Desktop/Projets/CineConnect_Project/backend/src/socket.ts","statementMap":{"0":{"start":{"line":11,"column":0},"end":{"line":11,"column":16}},"1":{"start":{"line":2,"column":0},"end":{"line":2,"column":51}},"2":{"start":{"line":3,"column":0},"end":{"line":3,"column":33}},"3":{"start":{"line":4,"column":0},"end":{"line":4,"column":65}},"4":{"start":{"line":12,"column":13},"end":{"line":20,"column":4}},"5":{"start":{"line":23,"column":2},"end":{"line":39,"column":5}},"6":{"start":{"line":24,"column":4},"end":{"line":38,"column":5}},"7":{"start":{"line":25,"column":21},"end":{"line":25,"column":58}},"8":{"start":{"line":26,"column":22},"end":{"line":26,"column":45}},"9":{"start":{"line":27,"column":26},"end":{"line":27,"column":64}},"10":{"start":{"line":29,"column":6},"end":{"line":31,"column":7}},"11":{"start":{"line":30,"column":8},"end":{"line":30,"column":50}},"12":{"start":{"line":33,"column":6},"end":{"line":33,"column":57}},"13":{"start":{"line":34,"column":6},"end":{"line":34,"column":59}},"14":{"start":{"line":35,"column":6},"end":{"line":35,"column":13}},"15":{"start":{"line":37,"column":6},"end":{"line":37,"column":52}},"16":{"start":{"line":41,"column":2},"end":{"line":77,"column":5}},"17":{"start":{"line":42,"column":20},"end":{"line":42,"column":53}},"18":{"start":{"line":45,"column":4},"end":{"line":45,"column":34}},"19":{"start":{"line":48,"column":4},"end":{"line":64,"column":7}},"20":{"start":{"line":49,"column":36},"end":{"line":49,"column":43}},"21":{"start":{"line":51,"column":6},"end":{"line":51,"column":48}},"22":{"start":{"line":51,"column":41},"end":{"line":51,"column":48}},"23":{"start":{"line":53,"column":6},"end":{"line":63,"column":7}},"24":{"start":{"line":54,"column":24},"end":{"line":54,"column":93}},"25":{"start":{"line":57,"column":8},"end":{"line":57,"column":62}},"26":{"start":{"line":60,"column":8},"end":{"line":60,"column":43}},"27":{"start":{"line":62,"column":8},"end":{"line":62,"column":79}},"28":{"start":{"line":67,"column":4},"end":{"line":69,"column":7}},"29":{"start":{"line":68,"column":6},"end":{"line":68,"column":80}},"30":{"start":{"line":71,"column":4},"end":{"line":73,"column":7}},"31":{"start":{"line":72,"column":6},"end":{"line":72,"column":46}},"32":{"start":{"line":76,"column":4},"end":{"line":76,"column":43}},"33":{"start":{"line":79,"column":2},"end":{"line":79,"column":12}}},"fnMap":{"0":{"name":"initSocket","decl":{"start":{"line":11,"column":16},"end":{"line":11,"column":26}},"loc":{"start":{"line":11,"column":49},"end":{"line":80,"column":1}}},"1":{"name":"(anonymous_10)","decl":{"start":{"line":23,"column":9},"end":{"line":23,"column":14}},"loc":{"start":{"line":23,"column":32},"end":{"line":39,"column":3}}},"2":{"name":"(anonymous_11)","decl":{"start":{"line":41,"column":22},"end":{"line":41,"column":23}},"loc":{"start":{"line":41,"column":33},"end":{"line":77,"column":3}}},"3":{"name":"(anonymous_12)","decl":{"start":{"line":48,"column":25},"end":{"line":48,"column":30}},"loc":{"start":{"line":48,"column":82},"end":{"line":64,"column":5}}},"4":{"name":"(anonymous_13)","decl":{"start":{"line":67,"column":25},"end":{"line":67,"column":26}},"loc":{"start":{"line":67,"column":61},"end":{"line":69,"column":5}}},"5":{"name":"(anonymous_14)","decl":{"start":{"line":71,"column":28},"end":{"line":71,"column":31}},"loc":{"start":{"line":71,"column":33},"end":{"line":73,"column":5}}}},"branchMap":{"0":{"loc":{"start":{"line":15,"column":8},"end":{"line":15,"column":62}},"type":"binary-expr","locations":[{"start":{"line":15,"column":8},"end":{"line":15,"column":35}},{"start":{"line":15,"column":39},"end":{"line":15,"column":62}}]},"1":{"loc":{"start":{"line":25,"column":21},"end":{"line":25,"column":58}},"type":"binary-expr","locations":[{"start":{"line":25,"column":21},"end":{"line":25,"column":52}},{"start":{"line":25,"column":56},"end":{"line":25,"column":58}}]},"2":{"loc":{"start":{"line":29,"column":6},"end":{"line":31,"column":7}},"type":"if","locations":[{"start":{"line":29,"column":6},"end":{"line":31,"column":7}},{"start":{},"end":{}}]},"3":{"loc":{"start":{"line":34,"column":29},"end":{"line":34,"column":58}},"type":"binary-expr","locations":[{"start":{"line":34,"column":29},"end":{"line":34,"column":50}},{"start":{"line":34,"column":54},"end":{"line":34,"column":58}}]},"4":{"loc":{"start":{"line":51,"column":6},"end":{"line":51,"column":48}},"type":"if","locations":[{"start":{"line":51,"column":6},"end":{"line":51,"column":48}},{"start":{},"end":{}}]},"5":{"loc":{"start":{"line":51,"column":10},"end":{"line":51,"column":39}},"type":"binary-expr","locations":[{"start":{"line":51,"column":10},"end":{"line":51,"column":19}},{"start":{"line":51,"column":23},"end":{"line":51,"column":39}}]}},"s":{"0":0,"1":0,"2":0,"3":0,"4":0,"5":0,"6":0,"7":0,"8":0,"9":0,"10":0,"11":0,"12":0,"13":0,"14":0,"15":0,"16":0,"17":0,"18":0,"19":0,"20":0,"21":0,"22":0,"23":0,"24":0,"25":0,"26":0,"27":0,"28":0,"29":0,"30":0,"31":0,"32":0,"33":0},"f":{"0":0,"1":0,"2":0,"3":0,"4":0,"5":0},"b":{"0":[0,0],"1":[0,0],"2":[0,0],"3":[0,0],"4":[0,0],"5":[0,0]}}
,"/Users/kevin/Desktop/Projets/CineConnect_Project/backend/src/controllers/films-controller.ts": {"path":"/Users/kevin/Desktop/Projets/CineConnect_Project/backend/src/controllers/films-controller.ts","statementMap":{"0":{"start":{"line":14,"column":0},"end":{"line":14,"column":7}},"1":{"start":{"line":38,"column":0},"end":{"line":38,"column":7}},"2":{"start":{"line":53,"column":0},"end":{"line":53,"column":7}},"3":{"start":{"line":68,"column":0},"end":{"line":68,"column":7}},"4":{"start":{"line":83,"column":0},"end":{"line":83,"column":7}},"5":{"start":{"line":3,"column":0},"end":{"line":3,"column":null}},"6":{"start":{"line":9,"column":0},"end":{"line":9,"column":null}},"7":{"start":{"line":15,"column":16},"end":{"line":15,"column":37}},"8":{"start":{"line":16,"column":15},"end":{"line":16,"column":58}},"9":{"start":{"line":18,"column":2},"end":{"line":24,"column":3}},"10":{"start":{"line":19,"column":4},"end":{"line":22,"column":7}},"11":{"start":{"line":23,"column":4},"end":{"line":23,"column":11}},"12":{"start":{"line":26,"column":2},"end":{"line":35,"column":3}},"13":{"start":{"line":27,"column":17},"end":{"line":27,"column":54}},"14":{"start":{"line":28,"column":4},"end":{"line":28,"column":19}},"15":{"start":{"line":30,"column":4},"end":{"line":30,"column":41}},"16":{"start":{"line":31,"column":4},"end":{"line":34,"column":7}},"17":{"start":{"line":39,"column":16},"end":{"line":39,"column":61}},"18":{"start":{"line":41,"column":2},"end":{"line":50,"column":3}},"19":{"start":{"line":42,"column":17},"end":{"line":42,"column":45}},"20":{"start":{"line":43,"column":4},"end":{"line":43,"column":19}},"21":{"start":{"line":45,"column":4},"end":{"line":45,"column":43}},"22":{"start":{"line":46,"column":4},"end":{"line":49,"column":7}},"23":{"start":{"line":54,"column":16},"end":{"line":54,"column":61}},"24":{"start":{"line":56,"column":2},"end":{"line":65,"column":3}},"25":{"start":{"line":57,"column":17},"end":{"line":57,"column":46}},"26":{"start":{"line":58,"column":4},"end":{"line":58,"column":19}},"27":{"start":{"line":60,"column":4},"end":{"line":60,"column":44}},"28":{"start":{"line":61,"column":4},"end":{"line":64,"column":7}},"29":{"start":{"line":69,"column":16},"end":{"line":69,"column":67}},"30":{"start":{"line":71,"column":2},"end":{"line":80,"column":3}},"31":{"start":{"line":72,"column":17},"end":{"line":72,"column":55}},"32":{"start":{"line":73,"column":4},"end":{"line":73,"column":19}},"33":{"start":{"line":75,"column":4},"end":{"line":75,"column":52}},"34":{"start":{"line":76,"column":4},"end":{"line":79,"column":7}},"35":{"start":{"line":84,"column":17},"end":{"line":84,"column":42}},"36":{"start":{"line":85,"column":17},"end":{"line":85,"column":67}},"37":{"start":{"line":87,"column":2},"end":{"line":114,"column":3}},"38":{"start":{"line":88,"column":17},"end":{"line":88,"column":44}},"39":{"start":{"line":89,"column":4},"end":{"line":95,"column":5}},"40":{"start":{"line":90,"column":6},"end":{"line":93,"column":9}},"41":{"start":{"line":94,"column":6},"end":{"line":94,"column":13}},"42":{"start":{"line":97,"column":26},"end":{"line":100,"column":6}},"43":{"start":{"line":102,"column":4},"end":{"line":107,"column":7}},"44":{"start":{"line":109,"column":4},"end":{"line":109,"column":42}},"45":{"start":{"line":110,"column":4},"end":{"line":113,"column":7}}},"fnMap":{"0":{"name":"search","decl":{"start":{"line":14,"column":22},"end":{"line":14,"column":28}},"loc":{"start":{"line":14,"column":56},"end":{"line":36,"column":1}}},"1":{"name":"getByGenre","decl":{"start":{"line":38,"column":22},"end":{"line":38,"column":32}},"loc":{"start":{"line":38,"column":60},"end":{"line":51,"column":1}}},"2":{"name":"getTopRated","decl":{"start":{"line":53,"column":22},"end":{"line":53,"column":33}},"loc":{"start":{"line":53,"column":61},"end":{"line":66,"column":1}}},"3":{"name":"getCommunityReviews","decl":{"start":{"line":68,"column":22},"end":{"line":68,"column":41}},"loc":{"start":{"line":68,"column":69},"end":{"line":81,"column":1}}},"4":{"name":"getByOmdbId","decl":{"start":{"line":83,"column":22},"end":{"line":83,"column":33}},"loc":{"start":{"line":83,"column":72},"end":{"line":115,"column":1}}}},"branchMap":{"0":{"loc":{"start":{"line":16,"column":15},"end":{"line":16,"column":58}},"type":"binary-expr","locations":[{"start":{"line":16,"column":15},"end":{"line":16,"column":53}},{"start":{"line":16,"column":57},"end":{"line":16,"column":58}}]},"1":{"loc":{"start":{"line":18,"column":2},"end":{"line":24,"column":3}},"type":"if","locations":[{"start":{"line":18,"column":2},"end":{"line":24,"column":3}},{"start":{},"end":{}}]},"2":{"loc":{"start":{"line":18,"column":6},"end":{"line":18,"column":39}},"type":"binary-expr","locations":[{"start":{"line":18,"column":6},"end":{"line":18,"column":12}},{"start":{"line":18,"column":16},"end":{"line":18,"column":39}}]},"3":{"loc":{"start":{"line":39,"column":16},"end":{"line":39,"column":61}},"type":"binary-expr","locations":[{"start":{"line":39,"column":16},"end":{"line":39,"column":55}},{"start":{"line":39,"column":59},"end":{"line":39,"column":61}}]},"4":{"loc":{"start":{"line":54,"column":16},"end":{"line":54,"column":61}},"type":"binary-expr","locations":[{"start":{"line":54,"column":16},"end":{"line":54,"column":55}},{"start":{"line":54,"column":59},"end":{"line":54,"column":61}}]},"5":{"loc":{"start":{"line":69,"column":16},"end":{"line":69,"column":67}},"type":"binary-expr","locations":[{"start":{"line":69,"column":16},"end":{"line":69,"column":62}},{"start":{"line":69,"column":66},"end":{"line":69,"column":67}}]},"6":{"loc":{"start":{"line":89,"column":4},"end":{"line":95,"column":5}},"type":"if","locations":[{"start":{"line":89,"column":4},"end":{"line":95,"column":5}},{"start":{},"end":{}}]},"7":{"loc":{"start":{"line":99,"column":14},"end":{"line":99,"column":55}},"type":"cond-expr","locations":[{"start":{"line":99,"column":37},"end":{"line":99,"column":46}},{"start":{"line":99,"column":49},"end":{"line":99,"column":55}}]}},"s":{"0":0,"1":0,"2":0,"3":0,"4":0,"5":0,"6":0,"7":0,"8":0,"9":0,"10":0,"11":0,"12":0,"13":0,"14":0,"15":0,"16":0,"17":0,"18":0,"19":0,"20":0,"21":0,"22":0,"23":0,"24":0,"25":0,"26":0,"27":0,"28":0,"29":0,"30":0,"31":0,"32":0,"33":0,"34":0,"35":0,"36":0,"37":0,"38":0,"39":0,"40":0,"41":0,"42":0,"43":0,"44":0,"45":0},"f":{"0":0,"1":0,"2":0,"3":0,"4":0},"b":{"0":[0,0],"1":[0,0],"2":[0,0],"3":[0,0],"4":[0,0],"5":[0,0],"6":[0,0],"7":[0,0]}}
,"/Users/kevin/Desktop/Projets/CineConnect_Project/backend/src/controllers/friends-controller.ts": {"path":"/Users/kevin/Desktop/Projets/CineConnect_Project/backend/src/controllers/friends-controller.ts","statementMap":{"0":{"start":{"line":5,"column":0},"end":{"line":5,"column":7}},"1":{"start":{"line":15,"column":0},"end":{"line":15,"column":7}},"2":{"start":{"line":28,"column":0},"end":{"line":28,"column":7}},"3":{"start":{"line":60,"column":0},"end":{"line":60,"column":7}},"4":{"start":{"line":84,"column":0},"end":{"line":84,"column":7}},"5":{"start":{"line":108,"column":0},"end":{"line":108,"column":7}},"6":{"start":{"line":3,"column":0},"end":{"line":3,"column":64}},"7":{"start":{"line":6,"column":2},"end":{"line":12,"column":3}},"8":{"start":{"line":7,"column":19},"end":{"line":7,"column":53}},"9":{"start":{"line":8,"column":17},"end":{"line":8,"column":56}},"10":{"start":{"line":9,"column":4},"end":{"line":9,"column":19}},"11":{"start":{"line":11,"column":4},"end":{"line":11,"column":54}},"12":{"start":{"line":19,"column":2},"end":{"line":25,"column":3}},"13":{"start":{"line":20,"column":19},"end":{"line":20,"column":53}},"14":{"start":{"line":21,"column":17},"end":{"line":21,"column":64}},"15":{"start":{"line":22,"column":4},"end":{"line":22,"column":19}},"16":{"start":{"line":24,"column":4},"end":{"line":24,"column":54}},"17":{"start":{"line":32,"column":16},"end":{"line":32,"column":36}},"18":{"start":{"line":33,"column":17},"end":{"line":33,"column":44}},"19":{"start":{"line":34,"column":27},"end":{"line":34,"column":64}},"20":{"start":{"line":36,"column":2},"end":{"line":39,"column":3}},"21":{"start":{"line":37,"column":4},"end":{"line":37,"column":73}},"22":{"start":{"line":38,"column":4},"end":{"line":38,"column":11}},"23":{"start":{"line":42,"column":4},"end":{"line":44,"column":42}},"24":{"start":{"line":46,"column":2},"end":{"line":49,"column":3}},"25":{"start":{"line":47,"column":4},"end":{"line":47,"column":73}},"26":{"start":{"line":48,"column":4},"end":{"line":48,"column":11}},"27":{"start":{"line":51,"column":2},"end":{"line":57,"column":3}},"28":{"start":{"line":52,"column":19},"end":{"line":52,"column":75}},"29":{"start":{"line":53,"column":4},"end":{"line":53,"column":33}},"30":{"start":{"line":55,"column":20},"end":{"line":55,"column":73}},"31":{"start":{"line":56,"column":4},"end":{"line":56,"column":45}},"32":{"start":{"line":64,"column":2},"end":{"line":81,"column":3}},"33":{"start":{"line":65,"column":19},"end":{"line":65,"column":53}},"34":{"start":{"line":66,"column":29},"end":{"line":66,"column":65}},"35":{"start":{"line":68,"column":4},"end":{"line":71,"column":5}},"36":{"start":{"line":69,"column":6},"end":{"line":69,"column":61}},"37":{"start":{"line":70,"column":6},"end":{"line":70,"column":13}},"38":{"start":{"line":73,"column":19},"end":{"line":75,"column":null}},"39":{"start":{"line":77,"column":4},"end":{"line":77,"column":21}},"40":{"start":{"line":79,"column":20},"end":{"line":79,"column":73}},"41":{"start":{"line":80,"column":4},"end":{"line":80,"column":45}},"42":{"start":{"line":88,"column":2},"end":{"line":105,"column":3}},"43":{"start":{"line":89,"column":19},"end":{"line":89,"column":53}},"44":{"start":{"line":90,"column":29},"end":{"line":90,"column":65}},"45":{"start":{"line":92,"column":4},"end":{"line":95,"column":5}},"46":{"start":{"line":93,"column":6},"end":{"line":93,"column":61}},"47":{"start":{"line":94,"column":6},"end":{"line":94,"column":13}},"48":{"start":{"line":97,"column":19},"end":{"line":99,"column":null}},"49":{"start":{"line":101,"column":4},"end":{"line":101,"column":21}},"50":{"start":{"line":103,"column":20},"end":{"line":103,"column":73}},"51":{"start":{"line":104,"column":4},"end":{"line":104,"column":45}},"52":{"start":{"line":109,"column":2},"end":{"line":116,"column":3}},"53":{"start":{"line":110,"column":19},"end":{"line":110,"column":53}},"54":{"start":{"line":111,"column":25},"end":{"line":111,"column":70}},"55":{"start":{"line":112,"column":4},"end":{"line":112,"column":60}},"56":{"start":{"line":113,"column":4},"end":{"line":113,"column":27}},"57":{"start":{"line":115,"column":4},"end":{"line":115,"column":54}}},"fnMap":{"0":{"name":"getFriends","decl":{"start":{"line":5,"column":22},"end":{"line":5,"column":32}},"loc":{"start":{"line":5,"column":71},"end":{"line":13,"column":1}}},"1":{"name":"getPendingRequests","decl":{"start":{"line":15,"column":22},"end":{"line":15,"column":40}},"loc":{"start":{"line":17,"column":15},"end":{"line":26,"column":1}}},"2":{"name":"sendFriendRequest","decl":{"start":{"line":28,"column":22},"end":{"line":28,"column":39}},"loc":{"start":{"line":30,"column":15},"end":{"line":58,"column":1}}},"3":{"name":"acceptFriendRequest","decl":{"start":{"line":60,"column":22},"end":{"line":60,"column":41}},"loc":{"start":{"line":62,"column":15},"end":{"line":82,"column":1}}},"4":{"name":"rejectFriendRequest","decl":{"start":{"line":84,"column":22},"end":{"line":84,"column":41}},"loc":{"start":{"line":86,"column":15},"end":{"line":106,"column":1}}},"5":{"name":"removeFriend","decl":{"start":{"line":108,"column":22},"end":{"line":108,"column":34}},"loc":{"start":{"line":108,"column":73},"end":{"line":117,"column":1}}}},"branchMap":{"0":{"loc":{"start":{"line":36,"column":2},"end":{"line":39,"column":3}},"type":"if","locations":[{"start":{"line":36,"column":2},"end":{"line":39,"column":3}},{"start":{},"end":{}}]},"1":{"loc":{"start":{"line":42,"column":4},"end":{"line":44,"column":42}},"type":"cond-expr","locations":[{"start":{"line":43,"column":8},"end":{"line":43,"column":20}},{"start":{"line":44,"column":8},"end":{"line":44,"column":42}}]},"2":{"loc":{"start":{"line":46,"column":2},"end":{"line":49,"column":3}},"type":"if","locations":[{"start":{"line":46,"column":2},"end":{"line":49,"column":3}},{"start":{},"end":{}}]},"3":{"loc":{"start":{"line":46,"column":6},"end":{"line":46,"column":41}},"type":"binary-expr","locations":[{"start":{"line":46,"column":6},"end":{"line":46,"column":15}},{"start":{"line":46,"column":19},"end":{"line":46,"column":41}}]},"4":{"loc":{"start":{"line":55,"column":20},"end":{"line":55,"column":73}},"type":"cond-expr","locations":[{"start":{"line":55,"column":43},"end":{"line":55,"column":54}},{"start":{"line":55,"column":57},"end":{"line":55,"column":73}}]},"5":{"loc":{"start":{"line":68,"column":4},"end":{"line":71,"column":5}},"type":"if","locations":[{"start":{"line":68,"column":4},"end":{"line":71,"column":5}},{"start":{},"end":{}}]},"6":{"loc":{"start":{"line":79,"column":20},"end":{"line":79,"column":73}},"type":"cond-expr","locations":[{"start":{"line":79,"column":43},"end":{"line":79,"column":54}},{"start":{"line":79,"column":57},"end":{"line":79,"column":73}}]},"7":{"loc":{"start":{"line":92,"column":4},"end":{"line":95,"column":5}},"type":"if","locations":[{"start":{"line":92,"column":4},"end":{"line":95,"column":5}},{"start":{},"end":{}}]},"8":{"loc":{"start":{"line":103,"column":20},"end":{"line":103,"column":73}},"type":"cond-expr","locations":[{"start":{"line":103,"column":43},"end":{"line":103,"column":54}},{"start":{"line":103,"column":57},"end":{"line":103,"column":73}}]}},"s":{"0":0,"1":0,"2":0,"3":0,"4":0,"5":0,"6":0,"7":0,"8":0,"9":0,"10":0,"11":0,"12":0,"13":0,"14":0,"15":0,"16":0,"17":0,"18":0,"19":0,"20":0,"21":0,"22":0,"23":0,"24":0,"25":0,"26":0,"27":0,"28":0,"29":0,"30":0,"31":0,"32":0,"33":0,"34":0,"35":0,"36":0,"37":0,"38":0,"39":0,"40":0,"41":0,"42":0,"43":0,"44":0,"45":0,"46":0,"47":0,"48":0,"49":0,"50":0,"51":0,"52":0,"53":0,"54":0,"55":0,"56":0,"57":0},"f":{"0":0,"1":0,"2":0,"3":0,"4":0,"5":0},"b":{"0":[0,0],"1":[0,0],"2":[0,0],"3":[0,0],"4":[0,0],"5":[0,0],"6":[0,0],"7":[0,0],"8":[0,0]}}
,"/Users/kevin/Desktop/Projets/CineConnect_Project/backend/src/controllers/messages-controller.ts": {"path":"/Users/kevin/Desktop/Projets/CineConnect_Project/backend/src/controllers/messages-controller.ts","statementMap":{"0":{"start":{"line":5,"column":0},"end":{"line":5,"column":7}},"1":{"start":{"line":24,"column":0},"end":{"line":24,"column":7}},"2":{"start":{"line":37,"column":0},"end":{"line":37,"column":7}},"3":{"start":{"line":51,"column":0},"end":{"line":51,"column":7}},"4":{"start":{"line":3,"column":0},"end":{"line":3,"column":66}},"5":{"start":{"line":6,"column":2},"end":{"line":21,"column":3}},"6":{"start":{"line":7,"column":17},"end":{"line":7,"column":51}},"7":{"start":{"line":8,"column":20},"end":{"line":8,"column":59}},"8":{"start":{"line":9,"column":17},"end":{"line":9,"column":64}},"9":{"start":{"line":10,"column":18},"end":{"line":10,"column":67}},"10":{"start":{"line":12,"column":17},"end":{"line":16,"column":null}},"11":{"start":{"line":18,"column":4},"end":{"line":18,"column":19}},"12":{"start":{"line":20,"column":4},"end":{"line":20,"column":54}},"13":{"start":{"line":28,"column":2},"end":{"line":34,"column":3}},"14":{"start":{"line":29,"column":17},"end":{"line":29,"column":51}},"15":{"start":{"line":30,"column":17},"end":{"line":30,"column":67}},"16":{"start":{"line":31,"column":4},"end":{"line":31,"column":19}},"17":{"start":{"line":33,"column":4},"end":{"line":33,"column":54}},"18":{"start":{"line":41,"column":2},"end":{"line":48,"column":3}},"19":{"start":{"line":42,"column":17},"end":{"line":42,"column":51}},"20":{"start":{"line":43,"column":18},"end":{"line":43,"column":67}},"21":{"start":{"line":44,"column":17},"end":{"line":44,"column":71}},"22":{"start":{"line":45,"column":4},"end":{"line":45,"column":19}},"23":{"start":{"line":47,"column":4},"end":{"line":47,"column":54}},"24":{"start":{"line":52,"column":2},"end":{"line":72,"column":3}},"25":{"start":{"line":53,"column":21},"end":{"line":53,"column":55}},"26":{"start":{"line":54,"column":36},"end":{"line":54,"column":null}},"27":{"start":{"line":59,"column":4},"end":{"line":62,"column":5}},"28":{"start":{"line":60,"column":6},"end":{"line":60,"column":70}},"29":{"start":{"line":61,"column":6},"end":{"line":61,"column":13}},"30":{"start":{"line":64,"column":20},"end":{"line":67,"column":null}},"31":{"start":{"line":69,"column":4},"end":{"line":69,"column":34}},"32":{"start":{"line":71,"column":4},"end":{"line":71,"column":54}}},"fnMap":{"0":{"name":"getConversation","decl":{"start":{"line":5,"column":22},"end":{"line":5,"column":37}},"loc":{"start":{"line":5,"column":76},"end":{"line":22,"column":1}}},"1":{"name":"getRecentConversations","decl":{"start":{"line":24,"column":22},"end":{"line":24,"column":44}},"loc":{"start":{"line":26,"column":15},"end":{"line":35,"column":1}}},"2":{"name":"getIncomingMessages","decl":{"start":{"line":37,"column":22},"end":{"line":37,"column":41}},"loc":{"start":{"line":39,"column":15},"end":{"line":49,"column":1}}},"3":{"name":"createMessage","decl":{"start":{"line":51,"column":22},"end":{"line":51,"column":35}},"loc":{"start":{"line":51,"column":74},"end":{"line":73,"column":1}}}},"branchMap":{"0":{"loc":{"start":{"line":9,"column":27},"end":{"line":9,"column":59}},"type":"binary-expr","locations":[{"start":{"line":9,"column":27},"end":{"line":9,"column":52}},{"start":{"line":9,"column":56},"end":{"line":9,"column":59}}]},"1":{"loc":{"start":{"line":10,"column":28},"end":{"line":10,"column":62}},"type":"binary-expr","locations":[{"start":{"line":10,"column":28},"end":{"line":10,"column":54}},{"start":{"line":10,"column":58},"end":{"line":10,"column":62}}]},"2":{"loc":{"start":{"line":43,"column":28},"end":{"line":43,"column":62}},"type":"binary-expr","locations":[{"start":{"line":43,"column":28},"end":{"line":43,"column":54}},{"start":{"line":43,"column":58},"end":{"line":43,"column":62}}]},"3":{"loc":{"start":{"line":59,"column":4},"end":{"line":62,"column":5}},"type":"if","locations":[{"start":{"line":59,"column":4},"end":{"line":62,"column":5}},{"start":{},"end":{}}]},"4":{"loc":{"start":{"line":59,"column":8},"end":{"line":59,"column":39}},"type":"binary-expr","locations":[{"start":{"line":59,"column":8},"end":{"line":59,"column":19}},{"start":{"line":59,"column":23},"end":{"line":59,"column":39}}]}},"s":{"0":0,"1":0,"2":0,"3":0,"4":0,"5":0,"6":0,"7":0,"8":0,"9":0,"10":0,"11":0,"12":0,"13":0,"14":0,"15":0,"16":0,"17":0,"18":0,"19":0,"20":0,"21":0,"22":0,"23":0,"24":0,"25":0,"26":0,"27":0,"28":0,"29":0,"30":0,"31":0,"32":0},"f":{"0":0,"1":0,"2":0,"3":0},"b":{"0":[0,0],"1":[0,0],"2":[0,0],"3":[0,0],"4":[0,0]}}
,"/Users/kevin/Desktop/Projets/CineConnect_Project/backend/src/controllers/reviews-controller.ts": {"path":"/Users/kevin/Desktop/Projets/CineConnect_Project/backend/src/controllers/reviews-controller.ts","statementMap":{"0":{"start":{"line":25,"column":0},"end":{"line":25,"column":7}},"1":{"start":{"line":44,"column":0},"end":{"line":44,"column":7}},"2":{"start":{"line":73,"column":0},"end":{"line":73,"column":7}},"3":{"start":{"line":105,"column":0},"end":{"line":105,"column":7}},"4":{"start":{"line":144,"column":0},"end":{"line":144,"column":7}},"5":{"start":{"line":189,"column":0},"end":{"line":189,"column":7}},"6":{"start":{"line":229,"column":0},"end":{"line":229,"column":7}},"7":{"start":{"line":3,"column":0},"end":{"line":3,"column":null}},"8":{"start":{"line":18,"column":2},"end":{"line":18,"column":42}},"9":{"start":{"line":22,"column":2},"end":{"line":22,"column":44}},"10":{"start":{"line":26,"column":17},"end":{"line":26,"column":31}},"11":{"start":{"line":27,"column":2},"end":{"line":30,"column":3}},"12":{"start":{"line":28,"column":4},"end":{"line":28,"column":55}},"13":{"start":{"line":29,"column":4},"end":{"line":29,"column":11}},"14":{"start":{"line":32,"column":2},"end":{"line":41,"column":3}},"15":{"start":{"line":33,"column":21},"end":{"line":33,"column":50}},"16":{"start":{"line":34,"column":4},"end":{"line":34,"column":23}},"17":{"start":{"line":36,"column":4},"end":{"line":39,"column":5}},"18":{"start":{"line":37,"column":6},"end":{"line":37,"column":53}},"19":{"start":{"line":38,"column":6},"end":{"line":38,"column":13}},"20":{"start":{"line":40,"column":4},"end":{"line":40,"column":54}},"21":{"start":{"line":45,"column":17},"end":{"line":45,"column":31}},"22":{"start":{"line":46,"column":2},"end":{"line":49,"column":3}},"23":{"start":{"line":47,"column":4},"end":{"line":47,"column":55}},"24":{"start":{"line":48,"column":4},"end":{"line":48,"column":11}},"25":{"start":{"line":51,"column":17},"end":{"line":51,"column":67}},"26":{"start":{"line":53,"column":2},"end":{"line":70,"column":3}},"27":{"start":{"line":59,"column":4},"end":{"line":59,"column":22}},"28":{"start":{"line":61,"column":4},"end":{"line":64,"column":5}},"29":{"start":{"line":62,"column":6},"end":{"line":62,"column":53}},"30":{"start":{"line":63,"column":6},"end":{"line":63,"column":13}},"31":{"start":{"line":65,"column":4},"end":{"line":68,"column":5}},"32":{"start":{"line":66,"column":6},"end":{"line":66,"column":53}},"33":{"start":{"line":67,"column":6},"end":{"line":67,"column":13}},"34":{"start":{"line":69,"column":4},"end":{"line":69,"column":54}},"35":{"start":{"line":74,"column":17},"end":{"line":74,"column":31}},"36":{"start":{"line":75,"column":2},"end":{"line":78,"column":3}},"37":{"start":{"line":76,"column":4},"end":{"line":76,"column":55}},"38":{"start":{"line":77,"column":4},"end":{"line":77,"column":11}},"39":{"start":{"line":80,"column":17},"end":{"line":80,"column":58}},"40":{"start":{"line":81,"column":21},"end":{"line":81,"column":52}},"41":{"start":{"line":83,"column":2},"end":{"line":86,"column":3}},"42":{"start":{"line":84,"column":4},"end":{"line":84,"column":66}},"43":{"start":{"line":85,"column":4},"end":{"line":85,"column":11}},"44":{"start":{"line":88,"column":2},"end":{"line":102,"column":3}},"45":{"start":{"line":89,"column":4},"end":{"line":89,"column":55}},"46":{"start":{"line":90,"column":20},"end":{"line":90,"column":66}},"47":{"start":{"line":91,"column":4},"end":{"line":91,"column":22}},"48":{"start":{"line":93,"column":4},"end":{"line":96,"column":5}},"49":{"start":{"line":94,"column":6},"end":{"line":94,"column":53}},"50":{"start":{"line":95,"column":6},"end":{"line":95,"column":13}},"51":{"start":{"line":97,"column":4},"end":{"line":100,"column":5}},"52":{"start":{"line":98,"column":6},"end":{"line":98,"column":53}},"53":{"start":{"line":99,"column":6},"end":{"line":99,"column":13}},"54":{"start":{"line":101,"column":4},"end":{"line":101,"column":54}},"55":{"start":{"line":106,"column":17},"end":{"line":106,"column":31}},"56":{"start":{"line":107,"column":2},"end":{"line":110,"column":3}},"57":{"start":{"line":108,"column":4},"end":{"line":108,"column":55}},"58":{"start":{"line":109,"column":4},"end":{"line":109,"column":11}},"59":{"start":{"line":112,"column":17},"end":{"line":112,"column":51}},"60":{"start":{"line":113,"column":30},"end":{"line":113,"column":null}},"61":{"start":{"line":118,"column":2},"end":{"line":121,"column":3}},"62":{"start":{"line":119,"column":4},"end":{"line":119,"column":67}},"63":{"start":{"line":120,"column":4},"end":{"line":120,"column":11}},"64":{"start":{"line":123,"column":2},"end":{"line":141,"column":3}},"65":{"start":{"line":124,"column":20},"end":{"line":129,"column":6}},"66":{"start":{"line":130,"column":4},"end":{"line":130,"column":34}},"67":{"start":{"line":132,"column":4},"end":{"line":135,"column":5}},"68":{"start":{"line":133,"column":6},"end":{"line":133,"column":53}},"69":{"start":{"line":134,"column":6},"end":{"line":134,"column":13}},"70":{"start":{"line":136,"column":4},"end":{"line":139,"column":5}},"71":{"start":{"line":137,"column":6},"end":{"line":137,"column":53}},"72":{"start":{"line":138,"column":6},"end":{"line":138,"column":13}},"73":{"start":{"line":140,"column":4},"end":{"line":140,"column":54}},"74":{"start":{"line":145,"column":17},"end":{"line":145,"column":31}},"75":{"start":{"line":146,"column":19},"end":{"line":146,"column":54}},"76":{"start":{"line":148,"column":2},"end":{"line":151,"column":3}},"77":{"start":{"line":149,"column":4},"end":{"line":149,"column":60}},"78":{"start":{"line":150,"column":4},"end":{"line":150,"column":11}},"79":{"start":{"line":153,"column":17},"end":{"line":153,"column":51}},"80":{"start":{"line":154,"column":22},"end":{"line":154,"column":54}},"81":{"start":{"line":156,"column":2},"end":{"line":159,"column":3}},"82":{"start":{"line":157,"column":4},"end":{"line":157,"column":67}},"83":{"start":{"line":158,"column":4},"end":{"line":158,"column":11}},"84":{"start":{"line":161,"column":2},"end":{"line":186,"column":3}},"85":{"start":{"line":162,"column":20},"end":{"line":167,"column":6}},"86":{"start":{"line":168,"column":4},"end":{"line":168,"column":34}},"87":{"start":{"line":170,"column":4},"end":{"line":176,"column":5}},"88":{"start":{"line":174,"column":6},"end":{"line":174,"column":53}},"89":{"start":{"line":175,"column":6},"end":{"line":175,"column":13}},"90":{"start":{"line":177,"column":4},"end":{"line":180,"column":5}},"91":{"start":{"line":178,"column":6},"end":{"line":178,"column":53}},"92":{"start":{"line":179,"column":6},"end":{"line":179,"column":13}},"93":{"start":{"line":181,"column":4},"end":{"line":184,"column":5}},"94":{"start":{"line":182,"column":6},"end":{"line":182,"column":53}},"95":{"start":{"line":183,"column":6},"end":{"line":183,"column":13}},"96":{"start":{"line":185,"column":4},"end":{"line":185,"column":54}},"97":{"start":{"line":190,"column":17},"end":{"line":190,"column":31}},"98":{"start":{"line":191,"column":19},"end":{"line":191,"column":54}},"99":{"start":{"line":193,"column":2},"end":{"line":196,"column":3}},"100":{"start":{"line":194,"column":4},"end":{"line":194,"column":60}},"101":{"start":{"line":195,"column":4},"end":{"line":195,"column":11}},"102":{"start":{"line":198,"column":17},"end":{"line":198,"column":51}},"103":{"start":{"line":199,"column":22},"end":{"line":199,"column":54}},"104":{"start":{"line":201,"column":2},"end":{"line":204,"column":3}},"105":{"start":{"line":202,"column":4},"end":{"line":202,"column":67}},"106":{"start":{"line":203,"column":4},"end":{"line":203,"column":11}},"107":{"start":{"line":206,"column":2},"end":{"line":226,"column":3}},"108":{"start":{"line":207,"column":4},"end":{"line":207,"column":69}},"109":{"start":{"line":208,"column":4},"end":{"line":208,"column":27}},"110":{"start":{"line":210,"column":4},"end":{"line":216,"column":5}},"111":{"start":{"line":214,"column":6},"end":{"line":214,"column":53}},"112":{"start":{"line":215,"column":6},"end":{"line":215,"column":13}},"113":{"start":{"line":217,"column":4},"end":{"line":220,"column":5}},"114":{"start":{"line":218,"column":6},"end":{"line":218,"column":53}},"115":{"start":{"line":219,"column":6},"end":{"line":219,"column":13}},"116":{"start":{"line":221,"column":4},"end":{"line":224,"column":5}},"117":{"start":{"line":222,"column":6},"end":{"line":222,"column":53}},"118":{"start":{"line":223,"column":6},"end":{"line":223,"column":13}},"119":{"start":{"line":225,"column":4},"end":{"line":225,"column":54}},"120":{"start":{"line":230,"column":17},"end":{"line":230,"column":31}},"121":{"start":{"line":231,"column":19},"end":{"line":231,"column":54}},"122":{"start":{"line":233,"column":2},"end":{"line":236,"column":3}},"123":{"start":{"line":234,"column":4},"end":{"line":234,"column":60}},"124":{"start":{"line":235,"column":4},"end":{"line":235,"column":11}},"125":{"start":{"line":238,"column":17},"end":{"line":238,"column":51}},"126":{"start":{"line":240,"column":2},"end":{"line":256,"column":3}},"127":{"start":{"line":241,"column":4},"end":{"line":241,"column":60}},"128":{"start":{"line":242,"column":4},"end":{"line":242,"column":27}},"129":{"start":{"line":244,"column":4},"end":{"line":250,"column":5}},"130":{"start":{"line":248,"column":6},"end":{"line":248,"column":53}},"131":{"start":{"line":249,"column":6},"end":{"line":249,"column":13}},"132":{"start":{"line":251,"column":4},"end":{"line":254,"column":5}},"133":{"start":{"line":252,"column":6},"end":{"line":252,"column":53}},"134":{"start":{"line":253,"column":6},"end":{"line":253,"column":13}},"135":{"start":{"line":255,"column":4},"end":{"line":255,"column":54}}},"fnMap":{"0":{"name":"getOmdbId","decl":{"start":{"line":17,"column":9},"end":{"line":17,"column":18}},"loc":{"start":{"line":17,"column":42},"end":{"line":19,"column":1}}},"1":{"name":"getNumberParam","decl":{"start":{"line":21,"column":9},"end":{"line":21,"column":23}},"loc":{"start":{"line":21,"column":60},"end":{"line":23,"column":1}}},"2":{"name":"getComments","decl":{"start":{"line":25,"column":22},"end":{"line":25,"column":33}},"loc":{"start":{"line":25,"column":72},"end":{"line":42,"column":1}}},"3":{"name":"getRatingSummary","decl":{"start":{"line":44,"column":22},"end":{"line":44,"column":38}},"loc":{"start":{"line":44,"column":77},"end":{"line":71,"column":1}}},"4":{"name":"setRating","decl":{"start":{"line":73,"column":22},"end":{"line":73,"column":31}},"loc":{"start":{"line":73,"column":70},"end":{"line":103,"column":1}}},"5":{"name":"createComment","decl":{"start":{"line":105,"column":22},"end":{"line":105,"column":35}},"loc":{"start":{"line":105,"column":74},"end":{"line":142,"column":1}}},"6":{"name":"createReply","decl":{"start":{"line":144,"column":22},"end":{"line":144,"column":33}},"loc":{"start":{"line":144,"column":72},"end":{"line":187,"column":1}}},"7":{"name":"patchComment","decl":{"start":{"line":189,"column":22},"end":{"line":189,"column":34}},"loc":{"start":{"line":189,"column":73},"end":{"line":227,"column":1}}},"8":{"name":"removeComment","decl":{"start":{"line":229,"column":22},"end":{"line":229,"column":35}},"loc":{"start":{"line":229,"column":74},"end":{"line":257,"column":1}}}},"branchMap":{"0":{"loc":{"start":{"line":27,"column":2},"end":{"line":30,"column":3}},"type":"if","locations":[{"start":{"line":27,"column":2},"end":{"line":30,"column":3}},{"start":{},"end":{}}]},"1":{"loc":{"start":{"line":36,"column":4},"end":{"line":39,"column":5}},"type":"if","locations":[{"start":{"line":36,"column":4},"end":{"line":39,"column":5}},{"start":{},"end":{}}]},"2":{"loc":{"start":{"line":46,"column":2},"end":{"line":49,"column":3}},"type":"if","locations":[{"start":{"line":46,"column":2},"end":{"line":49,"column":3}},{"start":{},"end":{}}]},"3":{"loc":{"start":{"line":61,"column":4},"end":{"line":64,"column":5}},"type":"if","locations":[{"start":{"line":61,"column":4},"end":{"line":64,"column":5}},{"start":{},"end":{}}]},"4":{"loc":{"start":{"line":65,"column":4},"end":{"line":68,"column":5}},"type":"if","locations":[{"start":{"line":65,"column":4},"end":{"line":68,"column":5}},{"start":{},"end":{}}]},"5":{"loc":{"start":{"line":75,"column":2},"end":{"line":78,"column":3}},"type":"if","locations":[{"start":{"line":75,"column":2},"end":{"line":78,"column":3}},{"start":{},"end":{}}]},"6":{"loc":{"start":{"line":83,"column":2},"end":{"line":86,"column":3}},"type":"if","locations":[{"start":{"line":83,"column":2},"end":{"line":86,"column":3}},{"start":{},"end":{}}]},"7":{"loc":{"start":{"line":93,"column":4},"end":{"line":96,"column":5}},"type":"if","locations":[{"start":{"line":93,"column":4},"end":{"line":96,"column":5}},{"start":{},"end":{}}]},"8":{"loc":{"start":{"line":97,"column":4},"end":{"line":100,"column":5}},"type":"if","locations":[{"start":{"line":97,"column":4},"end":{"line":100,"column":5}},{"start":{},"end":{}}]},"9":{"loc":{"start":{"line":107,"column":2},"end":{"line":110,"column":3}},"type":"if","locations":[{"start":{"line":107,"column":2},"end":{"line":110,"column":3}},{"start":{},"end":{}}]},"10":{"loc":{"start":{"line":118,"column":2},"end":{"line":121,"column":3}},"type":"if","locations":[{"start":{"line":118,"column":2},"end":{"line":121,"column":3}},{"start":{},"end":{}}]},"11":{"loc":{"start":{"line":132,"column":4},"end":{"line":135,"column":5}},"type":"if","locations":[{"start":{"line":132,"column":4},"end":{"line":135,"column":5}},{"start":{},"end":{}}]},"12":{"loc":{"start":{"line":136,"column":4},"end":{"line":139,"column":5}},"type":"if","locations":[{"start":{"line":136,"column":4},"end":{"line":139,"column":5}},{"start":{},"end":{}}]},"13":{"loc":{"start":{"line":148,"column":2},"end":{"line":151,"column":3}},"type":"if","locations":[{"start":{"line":148,"column":2},"end":{"line":151,"column":3}},{"start":{},"end":{}}]},"14":{"loc":{"start":{"line":148,"column":6},"end":{"line":148,"column":39}},"type":"binary-expr","locations":[{"start":{"line":148,"column":6},"end":{"line":148,"column":13}},{"start":{"line":148,"column":17},"end":{"line":148,"column":39}}]},"15":{"loc":{"start":{"line":156,"column":2},"end":{"line":159,"column":3}},"type":"if","locations":[{"start":{"line":156,"column":2},"end":{"line":159,"column":3}},{"start":{},"end":{}}]},"16":{"loc":{"start":{"line":170,"column":4},"end":{"line":176,"column":5}},"type":"if","locations":[{"start":{"line":170,"column":4},"end":{"line":176,"column":5}},{"start":{},"end":{}}]},"17":{"loc":{"start":{"line":171,"column":6},"end":{"line":172,"column":42}},"type":"binary-expr","locations":[{"start":{"line":171,"column":6},"end":{"line":171,"column":40}},{"start":{"line":172,"column":6},"end":{"line":172,"column":42}}]},"18":{"loc":{"start":{"line":177,"column":4},"end":{"line":180,"column":5}},"type":"if","locations":[{"start":{"line":177,"column":4},"end":{"line":180,"column":5}},{"start":{},"end":{}}]},"19":{"loc":{"start":{"line":181,"column":4},"end":{"line":184,"column":5}},"type":"if","locations":[{"start":{"line":181,"column":4},"end":{"line":184,"column":5}},{"start":{},"end":{}}]},"20":{"loc":{"start":{"line":193,"column":2},"end":{"line":196,"column":3}},"type":"if","locations":[{"start":{"line":193,"column":2},"end":{"line":196,"column":3}},{"start":{},"end":{}}]},"21":{"loc":{"start":{"line":193,"column":6},"end":{"line":193,"column":39}},"type":"binary-expr","locations":[{"start":{"line":193,"column":6},"end":{"line":193,"column":13}},{"start":{"line":193,"column":17},"end":{"line":193,"column":39}}]},"22":{"loc":{"start":{"line":201,"column":2},"end":{"line":204,"column":3}},"type":"if","locations":[{"start":{"line":201,"column":2},"end":{"line":204,"column":3}},{"start":{},"end":{}}]},"23":{"loc":{"start":{"line":210,"column":4},"end":{"line":216,"column":5}},"type":"if","locations":[{"start":{"line":210,"column":4},"end":{"line":216,"column":5}},{"start":{},"end":{}}]},"24":{"loc":{"start":{"line":211,"column":6},"end":{"line":212,"column":42}},"type":"binary-expr","locations":[{"start":{"line":211,"column":6},"end":{"line":211,"column":40}},{"start":{"line":212,"column":6},"end":{"line":212,"column":42}}]},"25":{"loc":{"start":{"line":217,"column":4},"end":{"line":220,"column":5}},"type":"if","locations":[{"start":{"line":217,"column":4},"end":{"line":220,"column":5}},{"start":{},"end":{}}]},"26":{"loc":{"start":{"line":221,"column":4},"end":{"line":224,"column":5}},"type":"if","locations":[{"start":{"line":221,"column":4},"end":{"line":224,"column":5}},{"start":{},"end":{}}]},"27":{"loc":{"start":{"line":233,"column":2},"end":{"line":236,"column":3}},"type":"if","locations":[{"start":{"line":233,"column":2},"end":{"line":236,"column":3}},{"start":{},"end":{}}]},"28":{"loc":{"start":{"line":233,"column":6},"end":{"line":233,"column":39}},"type":"binary-expr","locations":[{"start":{"line":233,"column":6},"end":{"line":233,"column":13}},{"start":{"line":233,"column":17},"end":{"line":233,"column":39}}]},"29":{"loc":{"start":{"line":244,"column":4},"end":{"line":250,"column":5}},"type":"if","locations":[{"start":{"line":244,"column":4},"end":{"line":250,"column":5}},{"start":{},"end":{}}]},"30":{"loc":{"start":{"line":245,"column":6},"end":{"line":246,"column":42}},"type":"binary-expr","locations":[{"start":{"line":245,"column":6},"end":{"line":245,"column":40}},{"start":{"line":246,"column":6},"end":{"line":246,"column":42}}]},"31":{"loc":{"start":{"line":251,"column":4},"end":{"line":254,"column":5}},"type":"if","locations":[{"start":{"line":251,"column":4},"end":{"line":254,"column":5}},{"start":{},"end":{}}]}},"s":{"0":0,"1":0,"2":0,"3":0,"4":0,"5":0,"6":0,"7":0,"8":0,"9":0,"10":0,"11":0,"12":0,"13":0,"14":0,"15":0,"16":0,"17":0,"18":0,"19":0,"20":0,"21":0,"22":0,"23":0,"24":0,"25":0,"26":0,"27":0,"28":0,"29":0,"30":0,"31":0,"32":0,"33":0,"34":0,"35":0,"36":0,"37":0,"38":0,"39":0,"40":0,"41":0,"42":0,"43":0,"44":0,"45":0,"46":0,"47":0,"48":0,"49":0,"50":0,"51":0,"52":0,"53":0,"54":0,"55":0,"56":0,"57":0,"58":0,"59":0,"60":0,"61":0,"62":0,"63":0,"64":0,"65":0,"66":0,"67":0,"68":0,"69":0,"70":0,"71":0,"72":0,"73":0,"74":0,"75":0,"76":0,"77":0,"78":0,"79":0,"80":0,"81":0,"82":0,"83":0,"84":0,"85":0,"86":0,"87":0,"88":0,"89":0,"90":0,"91":0,"92":0,"93":0,"94":0,"95":0,"96":0,"97":0,"98":0,"99":0,"100":0,"101":0,"102":0,"103":0,"104":0,"105":0,"106":0,"107":0,"108":0,"109":0,"110":0,"111":0,"112":0,"113":0,"114":0,"115":0,"116":0,"117":0,"118":0,"119":0,"120":0,"121":0,"122":0,"123":0,"124":0,"125":0,"126":0,"127":0,"128":0,"129":0,"130":0,"131":0,"132":0,"133":0,"134":0,"135":0},"f":{"0":0,"1":0,"2":0,"3":0,"4":0,"5":0,"6":0,"7":0,"8":0},"b":{"0":[0,0],"1":[0,0],"2":[0,0],"3":[0,0],"4":[0,0],"5":[0,0],"6":[0,0],"7":[0,0],"8":[0,0],"9":[0,0],"10":[0,0],"11":[0,0],"12":[0,0],"13":[0,0],"14":[0,0],"15":[0,0],"16":[0,0],"17":[0,0],"18":[0,0],"19":[0,0],"20":[0,0],"21":[0,0],"22":[0,0],"23":[0,0],"24":[0,0],"25":[0,0],"26":[0,0],"27":[0,0],"28":[0,0],"29":[0,0],"30":[0,0],"31":[0,0]}}
,"/Users/kevin/Desktop/Projets/CineConnect_Project/backend/src/controllers/users-controller.ts": {"path":"/Users/kevin/Desktop/Projets/CineConnect_Project/backend/src/controllers/users-controller.ts","statementMap":{"0":{"start":{"line":8,"column":0},"end":{"line":8,"column":7}},"1":{"start":{"line":50,"column":0},"end":{"line":50,"column":7}},"2":{"start":{"line":96,"column":0},"end":{"line":96,"column":7}},"3":{"start":{"line":114,"column":0},"end":{"line":114,"column":7}},"4":{"start":{"line":2,"column":0},"end":{"line":2,"column":36}},"5":{"start":{"line":3,"column":0},"end":{"line":3,"column":64}},"6":{"start":{"line":4,"column":0},"end":{"line":4,"column":77}},"7":{"start":{"line":5,"column":0},"end":{"line":5,"column":81}},"8":{"start":{"line":9,"column":2},"end":{"line":47,"column":3}},"9":{"start":{"line":10,"column":17},"end":{"line":10,"column":59}},"10":{"start":{"line":12,"column":17},"end":{"line":32,"column":15}},"11":{"start":{"line":34,"column":4},"end":{"line":44,"column":6}},"12":{"start":{"line":35,"column":25},"end":{"line":43,"column":8}},"13":{"start":{"line":46,"column":4},"end":{"line":46,"column":54}},"14":{"start":{"line":54,"column":2},"end":{"line":93,"column":3}},"15":{"start":{"line":55,"column":17},"end":{"line":55,"column":59}},"16":{"start":{"line":57,"column":17},"end":{"line":77,"column":15}},"17":{"start":{"line":79,"column":4},"end":{"line":90,"column":6}},"18":{"start":{"line":80,"column":25},"end":{"line":89,"column":8}},"19":{"start":{"line":92,"column":4},"end":{"line":92,"column":54}},"20":{"start":{"line":100,"column":2},"end":{"line":111,"column":3}},"21":{"start":{"line":101,"column":17},"end":{"line":101,"column":59}},"22":{"start":{"line":102,"column":18},"end":{"line":102,"column":67}},"23":{"start":{"line":104,"column":17},"end":{"line":107,"column":6}},"24":{"start":{"line":108,"column":4},"end":{"line":108,"column":19}},"25":{"start":{"line":110,"column":4},"end":{"line":110,"column":54}},"26":{"start":{"line":115,"column":2},"end":{"line":175,"column":3}},"27":{"start":{"line":116,"column":17},"end":{"line":116,"column":59}},"28":{"start":{"line":117,"column":19},"end":{"line":117,"column":62}},"29":{"start":{"line":119,"column":4},"end":{"line":122,"column":5}},"30":{"start":{"line":120,"column":6},"end":{"line":120,"column":19}},"31":{"start":{"line":121,"column":6},"end":{"line":121,"column":13}},"32":{"start":{"line":124,"column":20},"end":{"line":135,"column":16}},"33":{"start":{"line":137,"column":19},"end":{"line":137,"column":55}},"34":{"start":{"line":137,"column":41},"end":{"line":137,"column":54}},"35":{"start":{"line":138,"column":4},"end":{"line":141,"column":5}},"36":{"start":{"line":139,"column":6},"end":{"line":139,"column":19}},"37":{"start":{"line":140,"column":6},"end":{"line":140,"column":13}},"38":{"start":{"line":143,"column":21},"end":{"line":143,"column":44}},"39":{"start":{"line":143,"column":39},"end":{"line":143,"column":43}},"40":{"start":{"line":144,"column":22},"end":{"line":158,"column":null}},"41":{"start":{"line":161,"column":22},"end":{"line":161,"column":47}},"42":{"start":{"line":162,"column":4},"end":{"line":165,"column":5}},"43":{"start":{"line":163,"column":22},"end":{"line":163,"column":77}},"44":{"start":{"line":164,"column":6},"end":{"line":164,"column":54}},"45":{"start":{"line":167,"column":4},"end":{"line":172,"column":6}},"46":{"start":{"line":168,"column":25},"end":{"line":171,"column":8}},"47":{"start":{"line":174,"column":4},"end":{"line":174,"column":54}}},"fnMap":{"0":{"name":"getLatestRatings","decl":{"start":{"line":8,"column":22},"end":{"line":8,"column":38}},"loc":{"start":{"line":8,"column":77},"end":{"line":48,"column":1}}},"1":{"name":"(anonymous_1)","decl":{"start":{"line":35,"column":15},"end":{"line":35,"column":16}},"loc":{"start":{"line":35,"column":25},"end":{"line":43,"column":8}}},"2":{"name":"getLatestComments","decl":{"start":{"line":50,"column":22},"end":{"line":50,"column":39}},"loc":{"start":{"line":52,"column":15},"end":{"line":94,"column":1}}},"3":{"name":"(anonymous_3)","decl":{"start":{"line":80,"column":15},"end":{"line":80,"column":16}},"loc":{"start":{"line":80,"column":25},"end":{"line":89,"column":8}}},"4":{"name":"getCommentReplies","decl":{"start":{"line":96,"column":22},"end":{"line":96,"column":39}},"loc":{"start":{"line":98,"column":15},"end":{"line":112,"column":1}}},"5":{"name":"searchUsers","decl":{"start":{"line":114,"column":22},"end":{"line":114,"column":33}},"loc":{"start":{"line":114,"column":72},"end":{"line":176,"column":1}}},"6":{"name":"(anonymous_6)","decl":{"start":{"line":137,"column":34},"end":{"line":137,"column":35}},"loc":{"start":{"line":137,"column":41},"end":{"line":137,"column":54}}},"7":{"name":"(anonymous_7)","decl":{"start":{"line":143,"column":32},"end":{"line":143,"column":33}},"loc":{"start":{"line":143,"column":39},"end":{"line":143,"column":43}}},"8":{"name":"(anonymous_8)","decl":{"start":{"line":168,"column":17},"end":{"line":168,"column":18}},"loc":{"start":{"line":168,"column":25},"end":{"line":171,"column":8}}}},"branchMap":{"0":{"loc":{"start":{"line":42,"column":19},"end":{"line":42,"column":69}},"type":"cond-expr","locations":[{"start":{"line":42,"column":35},"end":{"line":42,"column":62}},{"start":{"line":42,"column":65},"end":{"line":42,"column":69}}]},"1":{"loc":{"start":{"line":86,"column":17},"end":{"line":86,"column":34}},"type":"binary-expr","locations":[{"start":{"line":86,"column":17},"end":{"line":86,"column":28}},{"start":{"line":86,"column":32},"end":{"line":86,"column":34}}]},"2":{"loc":{"start":{"line":88,"column":19},"end":{"line":88,"column":69}},"type":"cond-expr","locations":[{"start":{"line":88,"column":35},"end":{"line":88,"column":62}},{"start":{"line":88,"column":65},"end":{"line":88,"column":69}}]},"3":{"loc":{"start":{"line":102,"column":28},"end":{"line":102,"column":62}},"type":"binary-expr","locations":[{"start":{"line":102,"column":28},"end":{"line":102,"column":54}},{"start":{"line":102,"column":58},"end":{"line":102,"column":62}}]},"4":{"loc":{"start":{"line":117,"column":21},"end":{"line":117,"column":54}},"type":"binary-expr","locations":[{"start":{"line":117,"column":21},"end":{"line":117,"column":48}},{"start":{"line":117,"column":52},"end":{"line":117,"column":54}}]},"5":{"loc":{"start":{"line":119,"column":4},"end":{"line":122,"column":5}},"type":"if","locations":[{"start":{"line":119,"column":4},"end":{"line":122,"column":5}},{"start":{},"end":{}}]},"6":{"loc":{"start":{"line":138,"column":4},"end":{"line":141,"column":5}},"type":"if","locations":[{"start":{"line":138,"column":4},"end":{"line":141,"column":5}},{"start":{},"end":{}}]},"7":{"loc":{"start":{"line":163,"column":22},"end":{"line":163,"column":77}},"type":"cond-expr","locations":[{"start":{"line":163,"column":45},"end":{"line":163,"column":63}},{"start":{"line":163,"column":66},"end":{"line":163,"column":77}}]},"8":{"loc":{"start":{"line":164,"column":29},"end":{"line":164,"column":52}},"type":"binary-expr","locations":[{"start":{"line":164,"column":29},"end":{"line":164,"column":39}},{"start":{"line":164,"column":43},"end":{"line":164,"column":52}}]},"9":{"loc":{"start":{"line":170,"column":24},"end":{"line":170,"column":51}},"type":"binary-expr","locations":[{"start":{"line":170,"column":24},"end":{"line":170,"column":43}},{"start":{"line":170,"column":47},"end":{"line":170,"column":51}}]}},"s":{"0":0,"1":0,"2":0,"3":0,"4":0,"5":0,"6":0,"7":0,"8":0,"9":0,"10":0,"11":0,"12":0,"13":0,"14":0,"15":0,"16":0,"17":0,"18":0,"19":0,"20":0,"21":0,"22":0,"23":0,"24":0,"25":0,"26":0,"27":0,"28":0,"29":0,"30":0,"31":0,"32":0,"33":0,"34":0,"35":0,"36":0,"37":0,"38":0,"39":0,"40":0,"41":0,"42":0,"43":0,"44":0,"45":0,"46":0,"47":0},"f":{"0":0,"1":0,"2":0,"3":0,"4":0,"5":0,"6":0,"7":0,"8":0},"b":{"0":[0,0],"1":[0,0],"2":[0,0],"3":[0,0],"4":[0,0],"5":[0,0],"6":[0,0],"7":[0,0],"8":[0,0],"9":[0,0]}}
,"/Users/kevin/Desktop/Projets/CineConnect_Project/backend/src/db/index.ts": {"path":"/Users/kevin/Desktop/Projets/CineConnect_Project/backend/src/db/index.ts","statementMap":{"0":{"start":{"line":1,"column":0},"end":{"line":1,"column":52}},"1":{"start":{"line":2,"column":0},"end":{"line":2,"column":26}},"2":{"start":{"line":3,"column":0},"end":{"line":3,"column":35}},"3":{"start":{"line":4,"column":0},"end":{"line":4,"column":33}},"4":{"start":{"line":7,"column":0},"end":{"line":7,"column":16}},"5":{"start":{"line":10,"column":23},"end":{"line":12,"column":2}},"6":{"start":{"line":15,"column":13},"end":{"line":15,"column":54}}},"fnMap":{},"branchMap":{},"s":{"0":0,"1":0,"2":0,"3":0,"4":0,"5":0,"6":0},"f":{},"b":{}}
,"/Users/kevin/Desktop/Projets/CineConnect_Project/backend/src/middlewares/authMiddleware.ts": {"path":"/Users/kevin/Desktop/Projets/CineConnect_Project/backend/src/middlewares/authMiddleware.ts","statementMap":{"0":{"start":{"line":29,"column":0},"end":{"line":29,"column":7}},"1":{"start":{"line":53,"column":0},"end":{"line":53,"column":16}},"2":{"start":{"line":2,"column":0},"end":{"line":2,"column":34}},"3":{"start":{"line":17,"column":18},"end":{"line":17,"column":31}},"4":{"start":{"line":18,"column":2},"end":{"line":21,"column":3}},"5":{"start":{"line":19,"column":4},"end":{"line":20,"column":58}},"6":{"start":{"line":20,"column":6},"end":{"line":20,"column":58}},"7":{"start":{"line":22,"column":2},"end":{"line":22,"column":17}},"8":{"start":{"line":34,"column":2},"end":{"line":46,"column":3}},"9":{"start":{"line":35,"column":16},"end":{"line":35,"column":78}},"10":{"start":{"line":36,"column":4},"end":{"line":39,"column":5}},"11":{"start":{"line":37,"column":6},"end":{"line":37,"column":25}},"12":{"start":{"line":38,"column":6},"end":{"line":38,"column":20}},"13":{"start":{"line":40,"column":4},"end":{"line":43,"column":6}},"14":{"start":{"line":45,"column":4},"end":{"line":45,"column":23}},"15":{"start":{"line":47,"column":2},"end":{"line":47,"column":9}},"16":{"start":{"line":58,"column":2},"end":{"line":61,"column":3}},"17":{"start":{"line":59,"column":4},"end":{"line":59,"column":55}},"18":{"start":{"line":60,"column":4},"end":{"line":60,"column":11}},"19":{"start":{"line":62,"column":2},"end":{"line":62,"column":9}}},"fnMap":{"0":{"name":"toHeaders","decl":{"start":{"line":14,"column":9},"end":{"line":14,"column":18}},"loc":{"start":{"line":15,"column":23},"end":{"line":23,"column":1}}},"1":{"name":"attachSession","decl":{"start":{"line":29,"column":22},"end":{"line":29,"column":35}},"loc":{"start":{"line":32,"column":20},"end":{"line":48,"column":1}}},"2":{"name":"requireAuth","decl":{"start":{"line":53,"column":16},"end":{"line":53,"column":27}},"loc":{"start":{"line":56,"column":20},"end":{"line":63,"column":1}}}},"branchMap":{"0":{"loc":{"start":{"line":19,"column":4},"end":{"line":20,"column":58}},"type":"if","locations":[{"start":{"line":19,"column":4},"end":{"line":20,"column":58}},{"start":{},"end":{}}]},"1":{"loc":{"start":{"line":20,"column":21},"end":{"line":20,"column":56}},"type":"cond-expr","locations":[{"start":{"line":20,"column":40},"end":{"line":20,"column":52}},{"start":{"line":20,"column":55},"end":{"line":20,"column":56}}]},"2":{"loc":{"start":{"line":36,"column":4},"end":{"line":39,"column":5}},"type":"if","locations":[{"start":{"line":36,"column":4},"end":{"line":39,"column":5}},{"start":{},"end":{}}]},"3":{"loc":{"start":{"line":41,"column":34},"end":{"line":41,"column":56}},"type":"binary-expr","locations":[{"start":{"line":41,"column":34},"end":{"line":41,"column":48}},{"start":{"line":41,"column":52},"end":{"line":41,"column":56}}]},"4":{"loc":{"start":{"line":58,"column":2},"end":{"line":61,"column":3}},"type":"if","locations":[{"start":{"line":58,"column":2},"end":{"line":61,"column":3}},{"start":{},"end":{}}]}},"s":{"0":0,"1":0,"2":0,"3":0,"4":0,"5":0,"6":0,"7":0,"8":0,"9":0,"10":0,"11":0,"12":0,"13":0,"14":0,"15":0,"16":0,"17":0,"18":0,"19":0},"f":{"0":0,"1":0,"2":0},"b":{"0":[0,0],"1":[0,0],"2":[0,0],"3":[0,0],"4":[0,0]}}
,"/Users/kevin/Desktop/Projets/CineConnect_Project/backend/src/routes/films.ts": {"path":"/Users/kevin/Desktop/Projets/CineConnect_Project/backend/src/routes/films.ts","statementMap":{"0":{"start":{"line":1,"column":0},"end":{"line":1,"column":33}},"1":{"start":{"line":2,"column":0},"end":{"line":2,"column":65}},"2":{"start":{"line":3,"column":0},"end":{"line":3,"column":null}},"3":{"start":{"line":10,"column":0},"end":{"line":10,"column":41}},"4":{"start":{"line":12,"column":15},"end":{"line":12,"column":23}},"5":{"start":{"line":17,"column":0},"end":{"line":17,"column":30}},"6":{"start":{"line":22,"column":0},"end":{"line":22,"column":36}},"7":{"start":{"line":27,"column":0},"end":{"line":27,"column":38}},"8":{"start":{"line":29,"column":0},"end":{"line":29,"column":54}},"9":{"start":{"line":31,"column":0},"end":{"line":31,"column":46}},"10":{"start":{"line":37,"column":0},"end":{"line":37,"column":51}},"11":{"start":{"line":39,"column":0},"end":{"line":39,"column":22}}},"fnMap":{},"branchMap":{},"s":{"0":0,"1":0,"2":0,"3":0,"4":0,"5":0,"6":0,"7":0,"8":0,"9":0,"10":0,"11":0},"f":{},"b":{}}
,"/Users/kevin/Desktop/Projets/CineConnect_Project/backend/src/routes/friends.ts": {"path":"/Users/kevin/Desktop/Projets/CineConnect_Project/backend/src/routes/friends.ts","statementMap":{"0":{"start":{"line":1,"column":0},"end":{"line":1,"column":33}},"1":{"start":{"line":2,"column":0},"end":{"line":2,"column":78}},"2":{"start":{"line":3,"column":0},"end":{"line":3,"column":null}},"3":{"start":{"line":12,"column":15},"end":{"line":12,"column":23}},"4":{"start":{"line":14,"column":0},"end":{"line":14,"column":39}},"5":{"start":{"line":17,"column":0},"end":{"line":17,"column":28}},"6":{"start":{"line":20,"column":0},"end":{"line":20,"column":43}},"7":{"start":{"line":23,"column":0},"end":{"line":23,"column":43}},"8":{"start":{"line":26,"column":0},"end":{"line":26,"column":44}},"9":{"start":{"line":29,"column":0},"end":{"line":29,"column":44}},"10":{"start":{"line":32,"column":0},"end":{"line":32,"column":46}},"11":{"start":{"line":34,"column":0},"end":{"line":34,"column":22}}},"fnMap":{},"branchMap":{},"s":{"0":0,"1":0,"2":0,"3":0,"4":0,"5":0,"6":0,"7":0,"8":0,"9":0,"10":0,"11":0},"f":{},"b":{}}
,"/Users/kevin/Desktop/Projets/CineConnect_Project/backend/src/routes/messages.ts": {"path":"/Users/kevin/Desktop/Projets/CineConnect_Project/backend/src/routes/messages.ts","statementMap":{"0":{"start":{"line":1,"column":0},"end":{"line":1,"column":33}},"1":{"start":{"line":2,"column":0},"end":{"line":2,"column":78}},"2":{"start":{"line":3,"column":0},"end":{"line":3,"column":null}},"3":{"start":{"line":10,"column":15},"end":{"line":10,"column":23}},"4":{"start":{"line":12,"column":0},"end":{"line":12,"column":39}},"5":{"start":{"line":15,"column":0},"end":{"line":15,"column":45}},"6":{"start":{"line":18,"column":0},"end":{"line":18,"column":53}},"7":{"start":{"line":21,"column":0},"end":{"line":21,"column":45}},"8":{"start":{"line":24,"column":0},"end":{"line":24,"column":32}},"9":{"start":{"line":26,"column":0},"end":{"line":26,"column":22}}},"fnMap":{},"branchMap":{},"s":{"0":0,"1":0,"2":0,"3":0,"4":0,"5":0,"6":0,"7":0,"8":0,"9":0},"f":{},"b":{}}
,"/Users/kevin/Desktop/Projets/CineConnect_Project/backend/src/routes/reviews.ts": {"path":"/Users/kevin/Desktop/Projets/CineConnect_Project/backend/src/routes/reviews.ts","statementMap":{"0":{"start":{"line":1,"column":0},"end":{"line":1,"column":33}},"1":{"start":{"line":2,"column":0},"end":{"line":2,"column":78}},"2":{"start":{"line":3,"column":0},"end":{"line":3,"column":null}},"3":{"start":{"line":13,"column":15},"end":{"line":13,"column":44}},"4":{"start":{"line":14,"column":0},"end":{"line":14,"column":29}},"5":{"start":{"line":16,"column":0},"end":{"line":16,"column":63}},"6":{"start":{"line":18,"column":0},"end":{"line":18,"column":62}},"7":{"start":{"line":20,"column":0},"end":{"line":20,"column":60}},"8":{"start":{"line":22,"column":0},"end":{"line":22,"column":75}},"9":{"start":{"line":24,"column":0},"end":{"line":24,"column":69}},"10":{"start":{"line":26,"column":0},"end":{"line":26,"column":71}},"11":{"start":{"line":28,"column":0},"end":{"line":28,"column":22}}},"fnMap":{},"branchMap":{},"s":{"0":0,"1":0,"2":0,"3":0,"4":0,"5":0,"6":0,"7":0,"8":0,"9":0,"10":0,"11":0},"f":{},"b":{}}
,"/Users/kevin/Desktop/Projets/CineConnect_Project/backend/src/routes/users.ts": {"path":"/Users/kevin/Desktop/Projets/CineConnect_Project/backend/src/routes/users.ts","statementMap":{"0":{"start":{"line":1,"column":0},"end":{"line":1,"column":33}},"1":{"start":{"line":2,"column":0},"end":{"line":2,"column":78}},"2":{"start":{"line":3,"column":0},"end":{"line":3,"column":null}},"3":{"start":{"line":10,"column":15},"end":{"line":10,"column":23}},"4":{"start":{"line":12,"column":0},"end":{"line":12,"column":39}},"5":{"start":{"line":15,"column":0},"end":{"line":15,"column":51}},"6":{"start":{"line":18,"column":0},"end":{"line":18,"column":53}},"7":{"start":{"line":21,"column":0},"end":{"line":21,"column":53}},"8":{"start":{"line":24,"column":0},"end":{"line":24,"column":29}},"9":{"start":{"line":26,"column":0},"end":{"line":26,"column":22}}},"fnMap":{},"branchMap":{},"s":{"0":0,"1":0,"2":0,"3":0,"4":0,"5":0,"6":0,"7":0,"8":0,"9":0},"f":{},"b":{}}
,"/Users/kevin/Desktop/Projets/CineConnect_Project/backend/src/services/filmsService.ts": {"path":"/Users/kevin/Desktop/Projets/CineConnect_Project/backend/src/services/filmsService.ts","statementMap":{"0":{"start":{"line":171,"column":0},"end":{"line":171,"column":7}},"1":{"start":{"line":223,"column":0},"end":{"line":223,"column":7}},"2":{"start":{"line":241,"column":0},"end":{"line":241,"column":7}},"3":{"start":{"line":347,"column":0},"end":{"line":347,"column":7}},"4":{"start":{"line":1,"column":0},"end":{"line":1,"column":36}},"5":{"start":{"line":2,"column":0},"end":{"line":2,"column":49}},"6":{"start":{"line":3,"column":0},"end":{"line":3,"column":null}},"7":{"start":{"line":20,"column":21},"end":{"line":20,"column":45}},"8":{"start":{"line":21,"column":22},"end":{"line":21,"column":47}},"9":{"start":{"line":60,"column":2},"end":{"line":60,"column":71}},"10":{"start":{"line":60,"column":59},"end":{"line":60,"column":71}},"11":{"start":{"line":61,"column":2},"end":{"line":61,"column":16}},"12":{"start":{"line":65,"column":2},"end":{"line":65,"column":43}},"13":{"start":{"line":65,"column":31},"end":{"line":65,"column":43}},"14":{"start":{"line":67,"column":17},"end":{"line":67,"column":47}},"15":{"start":{"line":68,"column":2},"end":{"line":68,"column":39}},"16":{"start":{"line":72,"column":2},"end":{"line":72,"column":36}},"17":{"start":{"line":72,"column":24},"end":{"line":72,"column":36}},"18":{"start":{"line":73,"column":2},"end":{"line":73,"column":14}},"19":{"start":{"line":81,"column":2},"end":{"line":81,"column":73}},"20":{"start":{"line":81,"column":21},"end":{"line":81,"column":73}},"21":{"start":{"line":83,"column":14},"end":{"line":83,"column":111}},"22":{"start":{"line":84,"column":14},"end":{"line":84,"column":30}},"23":{"start":{"line":85,"column":2},"end":{"line":85,"column":65}},"24":{"start":{"line":85,"column":15},"end":{"line":85,"column":65}},"25":{"start":{"line":86,"column":2},"end":{"line":86,"column":26}},"26":{"start":{"line":90,"column":2},"end":{"line":90,"column":73}},"27":{"start":{"line":90,"column":21},"end":{"line":90,"column":73}},"28":{"start":{"line":92,"column":14},"end":{"line":92,"column":78}},"29":{"start":{"line":93,"column":14},"end":{"line":93,"column":30}},"30":{"start":{"line":94,"column":2},"end":{"line":94,"column":65}},"31":{"start":{"line":94,"column":15},"end":{"line":94,"column":65}},"32":{"start":{"line":95,"column":2},"end":{"line":95,"column":26}},"33":{"start":{"line":100,"column":17},"end":{"line":112,"column":4}},"34":{"start":{"line":114,"column":17},"end":{"line":121,"column":16}},"35":{"start":{"line":123,"column":2},"end":{"line":123,"column":33}},"36":{"start":{"line":127,"column":2},"end":{"line":127,"column":39}},"37":{"start":{"line":127,"column":26},"end":{"line":127,"column":39}},"38":{"start":{"line":129,"column":18},"end":{"line":129,"column":51}},"39":{"start":{"line":129,"column":38},"end":{"line":129,"column":50}},"40":{"start":{"line":131,"column":21},"end":{"line":145,"column":29}},"41":{"start":{"line":147,"column":23},"end":{"line":147,"column":78}},"42":{"start":{"line":147,"column":56},"end":{"line":147,"column":76}},"43":{"start":{"line":149,"column":2},"end":{"line":167,"column":5}},"44":{"start":{"line":150,"column":22},"end":{"line":150,"column":52}},"45":{"start":{"line":151,"column":4},"end":{"line":157,"column":5}},"46":{"start":{"line":152,"column":6},"end":{"line":156,"column":8}},"47":{"start":{"line":159,"column":4},"end":{"line":166,"column":6}},"48":{"start":{"line":175,"column":21},"end":{"line":175,"column":55}},"49":{"start":{"line":177,"column":2},"end":{"line":179,"column":3}},"50":{"start":{"line":178,"column":4},"end":{"line":178,"column":50}},"51":{"start":{"line":181,"column":23},"end":{"line":181,"column":65}},"52":{"start":{"line":182,"column":18},"end":{"line":182,"column":62}},"53":{"start":{"line":182,"column":50},"end":{"line":182,"column":61}},"54":{"start":{"line":185,"column":24},"end":{"line":188,"column":43}},"55":{"start":{"line":190,"column":22},"end":{"line":190,"column":66}},"56":{"start":{"line":190,"column":55},"end":{"line":190,"column":64}},"57":{"start":{"line":192,"column":21},"end":{"line":192,"column":65}},"58":{"start":{"line":192,"column":44},"end":{"line":192,"column":64}},"59":{"start":{"line":194,"column":27},"end":{"line":201,"column":56}},"60":{"start":{"line":196,"column":21},"end":{"line":196,"column":50}},"61":{"start":{"line":197,"column":6},"end":{"line":197,"column":51}},"62":{"start":{"line":197,"column":39},"end":{"line":197,"column":51}},"63":{"start":{"line":198,"column":6},"end":{"line":198,"column":58}},"64":{"start":{"line":198,"column":46},"end":{"line":198,"column":58}},"65":{"start":{"line":199,"column":6},"end":{"line":199,"column":46}},"66":{"start":{"line":201,"column":22},"end":{"line":201,"column":55}},"67":{"start":{"line":203,"column":19},"end":{"line":203,"column":71}},"68":{"start":{"line":204,"column":18},"end":{"line":204,"column":62}},"69":{"start":{"line":204,"column":46},"end":{"line":204,"column":60}},"70":{"start":{"line":206,"column":38},"end":{"line":218,"column":42}},"71":{"start":{"line":208,"column":19},"end":{"line":208,"column":34}},"72":{"start":{"line":209,"column":6},"end":{"line":209,"column":29}},"73":{"start":{"line":209,"column":17},"end":{"line":209,"column":29}},"74":{"start":{"line":210,"column":6},"end":{"line":216,"column":35}},"75":{"start":{"line":220,"column":2},"end":{"line":220,"column":41}},"76":{"start":{"line":224,"column":21},"end":{"line":228,"column":13}},"77":{"start":{"line":230,"column":2},"end":{"line":232,"column":3}},"78":{"start":{"line":231,"column":4},"end":{"line":231,"column":76}},"79":{"start":{"line":234,"column":17},"end":{"line":234,"column":46}},"80":{"start":{"line":235,"column":2},"end":{"line":235,"column":47}},"81":{"start":{"line":235,"column":35},"end":{"line":235,"column":47}},"82":{"start":{"line":236,"column":2},"end":{"line":236,"column":54}},"83":{"start":{"line":236,"column":42},"end":{"line":236,"column":54}},"84":{"start":{"line":238,"column":2},"end":{"line":238,"column":42}},"85":{"start":{"line":242,"column":20},"end":{"line":242,"column":80}},"86":{"start":{"line":244,"column":20},"end":{"line":262,"column":21}},"87":{"start":{"line":264,"column":19},"end":{"line":264,"column":54}},"88":{"start":{"line":264,"column":42},"end":{"line":264,"column":53}},"89":{"start":{"line":266,"column":29},"end":{"line":266,"column":31}},"90":{"start":{"line":267,"column":2},"end":{"line":280,"column":3}},"91":{"start":{"line":268,"column":23},"end":{"line":271,"column":46}},"92":{"start":{"line":273,"column":22},"end":{"line":274,"column":null}},"93":{"start":{"line":274,"column":54},"end":{"line":274,"column":74}},"94":{"start":{"line":277,"column":4},"end":{"line":279,"column":33}},"95":{"start":{"line":278,"column":23},"end":{"line":278,"column":44}},"96":{"start":{"line":282,"column":20},"end":{"line":282,"column":51}},"97":{"start":{"line":283,"column":2},"end":{"line":319,"column":3}},"98":{"start":{"line":284,"column":24},"end":{"line":299,"column":23}},"99":{"start":{"line":301,"column":23},"end":{"line":301,"column":60}},"100":{"start":{"line":301,"column":48},"end":{"line":301,"column":59}},"101":{"start":{"line":303,"column":4},"end":{"line":318,"column":5}},"102":{"start":{"line":304,"column":27},"end":{"line":307,"column":50}},"103":{"start":{"line":309,"column":26},"end":{"line":310,"column":null}},"104":{"start":{"line":310,"column":58},"end":{"line":310,"column":78}},"105":{"start":{"line":313,"column":29},"end":{"line":315,"column":34}},"106":{"start":{"line":314,"column":25},"end":{"line":314,"column":48}},"107":{"start":{"line":317,"column":6},"end":{"line":317,"column":58}},"108":{"start":{"line":321,"column":2},"end":{"line":321,"column":44}},"109":{"start":{"line":328,"column":19},"end":{"line":341,"column":11}},"110":{"start":{"line":350,"column":35},"end":{"line":350,"column":37}},"111":{"start":{"line":352,"column":2},"end":{"line":369,"column":3}},"112":{"start":{"line":353,"column":19},"end":{"line":358,"column":27}},"113":{"start":{"line":360,"column":4},"end":{"line":368,"column":5}},"114":{"start":{"line":361,"column":31},"end":{"line":362,"column":null}},"115":{"start":{"line":364,"column":6},"end":{"line":367,"column":9}},"116":{"start":{"line":371,"column":2},"end":{"line":371,"column":18}}},"fnMap":{"0":{"name":"cleanPoster","decl":{"start":{"line":59,"column":9},"end":{"line":59,"column":20}},"loc":{"start":{"line":59,"column":47},"end":{"line":62,"column":1}}},"1":{"name":"parseYear","decl":{"start":{"line":64,"column":9},"end":{"line":64,"column":18}},"loc":{"start":{"line":64,"column":43},"end":{"line":69,"column":1}}},"2":{"name":"parseType","decl":{"start":{"line":71,"column":9},"end":{"line":71,"column":18}},"loc":{"start":{"line":71,"column":43},"end":{"line":74,"column":1}}},"3":{"name":"fetchOmdbSearch","decl":{"start":{"line":77,"column":15},"end":{"line":77,"column":30}},"loc":{"start":{"line":79,"column":14},"end":{"line":87,"column":1}}},"4":{"name":"fetchOmdbDetail","decl":{"start":{"line":89,"column":15},"end":{"line":89,"column":30}},"loc":{"start":{"line":89,"column":45},"end":{"line":96,"column":1}}},"5":{"name":"upsertFilmFromOmdbDetail","decl":{"start":{"line":99,"column":15},"end":{"line":99,"column":39}},"loc":{"start":{"line":99,"column":62},"end":{"line":124,"column":1}}},"6":{"name":"withCommunityRatings","decl":{"start":{"line":126,"column":15},"end":{"line":126,"column":35}},"loc":{"start":{"line":126,"column":49},"end":{"line":168,"column":1}}},"7":{"name":"(anonymous_7)","decl":{"start":{"line":129,"column":28},"end":{"line":129,"column":29}},"loc":{"start":{"line":129,"column":38},"end":{"line":129,"column":50}}},"8":{"name":"(anonymous_8)","decl":{"start":{"line":147,"column":46},"end":{"line":147,"column":47}},"loc":{"start":{"line":147,"column":56},"end":{"line":147,"column":76}}},"9":{"name":"(anonymous_9)","decl":{"start":{"line":149,"column":19},"end":{"line":149,"column":20}},"loc":{"start":{"line":149,"column":28},"end":{"line":167,"column":3}}},"10":{"name":"searchFilms","decl":{"start":{"line":171,"column":22},"end":{"line":171,"column":33}},"loc":{"start":{"line":173,"column":10},"end":{"line":221,"column":1}}},"11":{"name":"(anonymous_11)","decl":{"start":{"line":182,"column":40},"end":{"line":182,"column":41}},"loc":{"start":{"line":182,"column":50},"end":{"line":182,"column":61}}},"12":{"name":"(anonymous_12)","decl":{"start":{"line":190,"column":48},"end":{"line":190,"column":49}},"loc":{"start":{"line":190,"column":55},"end":{"line":190,"column":64}}},"13":{"name":"(anonymous_13)","decl":{"start":{"line":192,"column":36},"end":{"line":192,"column":37}},"loc":{"start":{"line":192,"column":44},"end":{"line":192,"column":64}}},"14":{"name":"(anonymous_14)","decl":{"start":{"line":195,"column":19},"end":{"line":195,"column":24}},"loc":{"start":{"line":195,"column":36},"end":{"line":200,"column":5}}},"15":{"name":"(anonymous_15)","decl":{"start":{"line":201,"column":9},"end":{"line":201,"column":10}},"loc":{"start":{"line":201,"column":22},"end":{"line":201,"column":55}}},"16":{"name":"(anonymous_16)","decl":{"start":{"line":204,"column":39},"end":{"line":204,"column":40}},"loc":{"start":{"line":204,"column":46},"end":{"line":204,"column":60}}},"17":{"name":"(anonymous_17)","decl":{"start":{"line":207,"column":9},"end":{"line":207,"column":10}},"loc":{"start":{"line":207,"column":16},"end":{"line":217,"column":5}}},"18":{"name":"getFilmDetail","decl":{"start":{"line":223,"column":22},"end":{"line":223,"column":35}},"loc":{"start":{"line":223,"column":50},"end":{"line":239,"column":1}}},"19":{"name":"getTopRatedFilms","decl":{"start":{"line":241,"column":22},"end":{"line":241,"column":38}},"loc":{"start":{"line":241,"column":49},"end
[...]
tart":{"line":495,"column":19},"end":{"line":507,"column":6}},"97":{"start":{"line":516,"column":17},"end":{"line":516,"column":54}},"98":{"start":{"line":518,"column":17},"end":{"line":518,"column":59}},"99":{"start":{"line":519,"column":2},"end":{"line":521,"column":3}},"100":{"start":{"line":520,"column":4},"end":{"line":520,"column":68}},"101":{"start":{"line":523,"column":2},"end":{"line":525,"column":3}},"102":{"start":{"line":524,"column":4},"end":{"line":524,"column":78}},"103":{"start":{"line":527,"column":18},"end":{"line":527,"column":39}},"104":{"start":{"line":528,"column":2},"end":{"line":528,"column":68}},"105":{"start":{"line":528,"column":16},"end":{"line":528,"column":68}},"106":{"start":{"line":530,"column":21},"end":{"line":539,"column":48}},"107":{"start":{"line":541,"column":20},"end":{"line":557,"column":13}},"108":{"start":{"line":559,"column":17},"end":{"line":559,"column":53}},"109":{"start":{"line":560,"column":2},"end":{"line":563,"column":4}},"110":{"start":{"line":572,"column":17},"end":{"line":572,"column":54}},"111":{"start":{"line":574,"column":19},"end":{"line":574,"column":55}},"112":{"start":{"line":575,"column":2},"end":{"line":577,"column":3}},"113":{"start":{"line":576,"column":4},"end":{"line":576,"column":61}},"114":{"start":{"line":579,"column":2},"end":{"line":581,"column":3}},"115":{"start":{"line":580,"column":4},"end":{"line":580,"column":65}},"116":{"start":{"line":583,"column":18},"end":{"line":583,"column":39}},"117":{"start":{"line":584,"column":2},"end":{"line":584,"column":72}},"118":{"start":{"line":584,"column":16},"end":{"line":584,"column":72}},"119":{"start":{"line":586,"column":2},"end":{"line":594,"column":6}},"120":{"start":{"line":602,"column":17},"end":{"line":602,"column":54}},"121":{"start":{"line":604,"column":19},"end":{"line":604,"column":55}},"122":{"start":{"line":605,"column":2},"end":{"line":607,"column":3}},"123":{"start":{"line":606,"column":4},"end":{"line":606,"column":61}},"124":{"start":{"line":609,"column":2},"end":{"line":611,"column":3}},"125":{"start":{"line":610,"column":4},"end":{"line":610,"column":65}},"126":{"start":{"line":613,"column":2},"end":{"line":617,"column":6}}},"fnMap":{"0":{"name":"normalizeRating","decl":{"start":{"line":91,"column":9},"end":{"line":91,"column":24}},"loc":{"start":{"line":91,"column":38},"end":{"line":97,"column":1}}},"1":{"name":"normalizeOptionalRating","decl":{"start":{"line":99,"column":9},"end":{"line":99,"column":32}},"loc":{"start":{"line":99,"column":58},"end":{"line":102,"column":1}}},"2":{"name":"getFilmIdByOmdbId","decl":{"start":{"line":104,"column":15},"end":{"line":104,"column":32}},"loc":{"start":{"line":104,"column":47},"end":{"line":112,"column":1}}},"3":{"name":"mapReviewRow","decl":{"start":{"line":114,"column":9},"end":{"line":114,"column":21}},"loc":{"start":{"line":114,"column":38},"end":{"line":129,"column":1}}},"4":{"name":"getReviewById","decl":{"start":{"line":131,"column":15},"end":{"line":131,"column":28}},"loc":{"start":{"line":131,"column":45},"end":{"line":146,"column":1}}},"5":{"name":"getParentReviewByUserAndFilm","decl":{"start":{"line":148,"column":15},"end":{"line":148,"column":43}},"loc":{"start":{"line":151,"column":1},"end":{"line":172,"column":1}}},"6":{"name":"getReviewWithAuthorById","decl":{"start":{"line":174,"column":15},"end":{"line":174,"column":38}},"loc":{"start":{"line":174,"column":55},"end":{"line":194,"column":1}}},"7":{"name":"ensureFilmExists","decl":{"start":{"line":196,"column":15},"end":{"line":196,"column":31}},"loc":{"start":{"line":196,"column":46},"end":{"line":200,"column":1}}},"8":{"name":"getFilmComments","decl":{"start":{"line":202,"column":22},"end":{"line":202,"column":37}},"loc":{"start":{"line":203,"column":16},"end":{"line":272,"column":1}}},"9":{"name":"(anonymous_9)","decl":{"start":{"line":226,"column":4},"end":{"line":226,"column":5}},"loc":{"start":{"line":227,"column":6},"end":{"line":227,"column":74}}},"10":{"name":"(anonymous_10)","decl":{"start":{"line":229,"column":32},"end":{"line":229,"column":33}},"loc":{"start":{"line":229,"column":41},"end":{"line":229,"column":54}}},"11":{"name":"(anonymous_11)","decl":{"start":{"line":267,"column":40},"end":{"line":267,"column":41}},"loc":{"start":{"line":267,"column":50},"end":{"line":271,"column":4}}},"12":{"name":"createFilmComment","decl":{"start":{"line":274,"column":22},"end":{"line":274,"column":39}},"loc":{"start":{"line":279,"column":1},"end":{"line":327,"column":1}}},"13":{"name":"upsertFilmRating","decl":{"start":{"line":329,"column":22},"end":{"line":329,"column":38}},"loc":{"start":{"line":333,"column":1},"end":{"line":360,"column":1}}},"14":{"name":"getFilmRatingSummary","decl":{"start":{"line":362,"column":22},"end":{"line":362,"column":42}},"loc":{"start":{"line":365,"column":1},"end":{"line":400,"column":1}}},"15":{"name":"getLatestCommunityReviews","decl":{"start":{"line":402,"column":22},"end":{"line":402,"column":47}},"loc":{"start":{"line":403,"column":11},"end":{"line":447,"column":1}}},"16":{"name":"(anonymous_16)","decl":{"start":{"line":432,"column":18},"end":{"line":432,"column":19}},"loc":{"start":{"line":432,"column":28},"end":{"line":446,"column":4}}},"17":{"name":"getUserCommentReplyNotifications","decl":{"start":{"line":449,"column":22},"end":{"line":449,"column":54}},"loc":{"start":{"line":452,"column":1},"end":{"line":508,"column":1}}},"18":{"name":"(anonymous_18)","decl":{"start":{"line":465,"column":35},"end":{"line":465,"column":36}},"loc":{"start":{"line":465,"column":44},"end":{"line":465,"column":57}}},"19":{"name":"(anonymous_19)","decl":{"start":{"line":494,"column":12},"end":{"line":494,"column":13}},"loc":{"start":{"line":494,"column":21},"end":{"line":494,"column":50}}},"20":{"name":"(anonymous_20)","decl":{"start":{"line":495,"column":9},"end":{"line":495,"column":10}},"loc":{"start":{"line":495,"column":19},"end":{"line":507,"column":6}}},"21":{"name":"createReviewReply","decl":{"start":{"line":510,"column":22},"end":{"line":510,"column":39}},"loc":{"start":{"line":515,"column":1},"end":{"line":564,"column":1}}},"22":{"name":"updateReviewComment","decl":{"start":{"line":566,"column":22},"end":{"line":566,"column":41}},"loc":{"start":{"line":571,"column":1},"end":{"line":595,"column":1}}},"23":{"name":"deleteReviewComment","decl":{"start":{"line":597,"column":22},"end":{"line":597,"column":41}},"loc":{"start":{"line":601,"column":1},"end":{"line":618,"column":1}}}},"branchMap":{"0":{"loc":{"start":{"line":93,"column":2},"end":{"line":95,"column":3}},"type":"if","locations":[{"start":{"line":93,"column":2},"end":{"line":95,"column":3}},{"start":{},"end":{}}]},"1":{"loc":{"start":{"line":93,"column":6},"end":{"line":93,"column":54}},"type":"binary-expr","locations":[{"start":{"line":93,"column":6},"end":{"line":93,"column":26}},{"start":{"line":93,"column":30},"end":{"line":93,"column":40}},{"start":{"line":93,"column":44},"end":{"line":93,"column":54}}]},"2":{"loc":{"start":{"line":100,"column":2},"end":{"line":100,"column":45}},"type":"if","locations":[{"start":{"line":100,"column":2},"end":{"line":100,"column":45}},{"start":{},"end":{}}]},"3":{"loc":{"start":{"line":111,"column":9},"end":{"line":111,"column":30}},"type":"binary-expr","locations":[{"start":{"line":111,"column":9},"end":{"line":111,"column":22}},{"start":{"line":111,"column":26},"end":{"line":111,"column":30}}]},"4":{"loc":{"start":{"line":120,"column":13},"end":{"line":120,"column":30}},"type":"binary-expr","locations":[{"start":{"line":120,"column":13},"end":{"line":120,"column":24}},{"start":{"line":120,"column":28},"end":{"line":120,"column":30}}]},"5":{"loc":{"start":{"line":121,"column":15},"end":{"line":121,"column":67}},"type":"cond-expr","locations":[{"start":{"line":121,"column":32},"end":{"line":121,"column":60}},{"start":{"line":121,"column":63},"end":{"line":121,"column":67}}]},"6":{"loc":{"start":{"line":122,"column":15},"end":{"line":122,"column":67}},"type":"cond-expr","locations":[{"start":{"line":122,"column":32},"end":{"line":122,"column":60}},{"start":{"line":122,"column":63},"end":{"line":122,"column":67}}]},"7":{"loc":{"start":{"line":125,"column":12},"end":{"line":125,"column":42}},"type":"binary-expr","locations":[{"start":{"line":125,"column":12},"end":{"line":125,"column":25}},{"start":{"line":125,"column":29},"end":{"line":125,"column":42}}]},"8":{"loc":{"start":{"line":145,"column":9},"end":{"line":145,"column":25}},"type":"binary-expr","locations":[{"start":{"line":145,"column":9},"end":{"line":145,"column":17}},{"start":{"line":145,"column":21},"end":{"line":145,"column":25}}]},"9":{"loc":{"start":{"line":171,"column":9},"end":{"line":171,"column":25}},"type":"binary-expr","locations":[{"start":{"line":171,"column":9},"end":{"line":171,"column":17}},{"start":{"line":171,"column":21},"end":{"line":171,"column":25}}]},"10":{"loc":{"start":{"line":198,"column":2},"end":{"line":198,"column":73}},"type":"if","locations":[{"start":{"line":198,"column":2},"end":{"line":198,"column":73}},{"start":{},"end":{}}]},"11":{"loc":{"start":{"line":227,"column":6},"end":{"line":227,"column":74}},"type":"binary-expr","locations":[{"start":{"line":227,"column":6},"end":{"line":227,"column":35}},{"start":{"line":227,"column":39},"end":{"line":227,"column":74}}]},"12":{"loc":{"start":{"line":227,"column":48},"end":{"line":227,"column":65}},"type":"binary-expr","locations":[{"start":{"line":227,"column":48},"end":{"line":227,"column":59}},{"start":{"line":227,"column":63},"end":{"line":227,"column":65}}]},"13":{"loc":{"start":{"line":232,"column":4},"end":{"line":250,"column":43}},"type":"cond-expr","locations":[{"start":{"line":233,"column":8},"end":{"line":233,"column":10}},{"start":{"line":234,"column":8},"end":{"line":250,"column":43}}]},"14":{"loc":{"start":{"line":255,"column":4},"end":{"line":255,"column":50}},"type":"if","locations":[{"start":{"line":255,"column":4},"end":{"line":255,"column":50}},{"start":{},"end":{}}]},"15":{"loc":{"start":{"line":262,"column":21},"end":{"line":262,"column":70}},"type":"binary-expr","locations":[{"start":{"line":262,"column":21},"end":{"line":262,"column":64}},{"start":{"line":262,"column":68},"end":{"line":262,"column":70}}]},"16":{"loc":{"start":{"line":270,"column":13},"end":{"line":270,"column":53}},"type":"binary-expr","locations":[{"start":{"line":270,"column":13},"end":{"line":270,"column":47}},{"start":{"line":270,"column":51},"end":{"line":270,"column":53}}]},"17":{"loc":{"start":{"line":283,"column":2},"end":{"line":283,"column":72}},"type":"if","locations":[{"start":{"line":283,"column":2},"end":{"line":283,"column":72}},{"start":{},"end":{}}]},"18":{"loc":{"start":{"line":293,"column":2},"end":{"line":318,"column":3}},"type":"if","locations":[{"start":{"line":293,"column":2},"end":{"line":318,"column":3}},{"start":{"line":305,"column":9},"end":{"line":318,"column":3}}]},"19":{"loc":{"start":{"line":299,"column":10},"end":{"line":299,"column":74}},"type":"cond-expr","locations":[{"start":{"line":299,"column":36},"end":{"line":299,"column":50}},{"start":{"line":299,"column":53},"end":{"line":299,"column":74}}]},"20":{"loc":{"start":{"line":312,"column":16},"end":{"line":312,"column":35}},"type":"binary-expr","locations":[{"start":{"line":312,"column":16},"end":{"line":312,"column":30}},{"start":{"line":312,"column":34},"end":{"line":312,"column":35}}]},"21":{"loc":{"start":{"line":321,"column":2},"end":{"line":323,"column":3}},"type":"if","locations":[{"start":{"line":321,"column":2},"end":{"line":323,"column":3}},{"start":{},"end":{}}]},"22":{"loc":{"start":{"line":342,"column":2},"end":{"line":351,"column":3}},"type":"if","locations":[{"start":{"line":342,"column":2},"end":{"line":351,"column":3}},{"start":{},"end":{}}]},"23":{"loc":{"start":{"line":383,"column":2},"end":{"line":389,"column":3}},"type":"if","locations":[{"start":{"line":383,"column":2},"end":{"line":389,"column":3}},{"start":{},"end":{}}]},"24":{"loc":{"start":{"line":388,"column":17},"end":{"line":388,"column":79}},"type":"cond-expr","locations":[{"start":{"line":388,"column":55},"end":{"line":388,"column":72}},{"start":{"line":388,"column":75},"end":{"line":388,"column":79}}]},"25":{"loc":{"start":{"line":388,"column":17},"end":{"line":388,"column":52}},"type":"binary-expr","locations":[{"start":{"line":388,"column":17},"end":{"line":388,"column":27}},{"start":{"line":388,"column":31},"end":{"line":388,"column":52}}]},"26":{"loc":{"start":{"line":393,"column":6},"end":{"line":396,"column":41}},"type":"cond-expr","locations":[{"start":{"line":395,"column":10},"end":{"line":395,"column":14}},{"start":{"line":396,"column":10},"end":{"line":396,"column":41}}]},"27":{"loc":{"start":{"line":393,"column":6},"end":{"line":394,"column":44}},"type":"binary-expr","locations":[{"start":{"line":393,"column":6},"end":{"line":393,"column":39}},{"start":{"line":394,"column":6},"end":{"line":394,"column":44}}]},"28":{"loc":{"start":{"line":397,"column":25},"end":{"line":397,"column":53}},"type":"binary-expr","locations":[{"start":{"line":397,"column":25},"end":{"line":397,"column":48}},{"start":{"line":397,"column":52},"end":{"line":397,"column":53}}]},"29":{"loc":{"start":{"line":403,"column":2},"end":{"line":403,"column":11}},"type":"default-arg","locations":[{"start":{"line":403,"column":10},"end":{"line":403,"column":11}}]},"30":{"loc":{"start":{"line":435,"column":13},"end":{"line":435,"column":30}},"type":"binary-expr","locations":[{"start":{"line":435,"column":13},"end":{"line":435,"column":24}},{"start":{"line":435,"column":28},"end":{"line":435,"column":30}}]},"31":{"loc":{"start":{"line":436,"column":15},"end":{"line":436,"column":67}},"type":"cond-expr","locations":[{"start":{"line":436,"column":32},"end":{"line":436,"column":60}},{"start":{"line":436,"column":63},"end":{"line":436,"column":67}}]},"32":{"loc":{"start":{"line":439,"column":12},"end":{"line":439,"column":42}},"type":"binary-expr","locations":[{"start":{"line":439,"column":12},"end":{"line":439,"column":25}},{"start":{"line":439,"column":29},"end":{"line":439,"column":42}}]},"33":{"loc":{"start":{"line":443,"column":14},"end":{"line":443,"column":36}},"type":"binary-expr","locations":[{"start":{"line":443,"column":14},"end":{"line":443,"column":30}},{"start":{"line":443,"column":34},"end":{"line":443,"column":36}}]},"34":{"loc":{"start":{"line":454,"column":24},"end":{"line":454,"column":42}},"type":"binary-expr","locations":[{"start":{"line":454,"column":24},"end":{"line":454,"column":36}},{"start":{"line":454,"column":40},"end":{"line":454,"column":42}}]},"35":{"loc":{"start":{"line":466,"column":2},"end":{"line":466,"column":40}},"type":"if","locations":[{"start":{"line":466,"column":2},"end":{"line":466,"column":40}},{"start":{},"end":{}}]},"36":{"loc":{"start":{"line":498,"column":14},"end":{"line":498,"column":36}},"type":"binary-expr","locations":[{"start":{"line":498,"column":14},"end":{"line":498,"column":30}},{"start":{"line":498,"column":34},"end":{"line":498,"column":36}}]},"37":{"loc":{"start":{"line":502,"column":14},"end":{"line":502,"column":47}},"type":"binary-expr","locations":[{"start":{"line":502,"column":14},"end":{"line":502,"column":30}},{"start":{"line":502,"column":34},"end":{"line":502,"column":47}}]},"38":{"loc":{"start":{"line":505,"column":15},"end":{"line":505,"column":32}},"type":"binary-expr","locations":[{"start":{"line":505,"column":15},"end":{"line":505,"column":26}},{"start":{"line":505,"column":30},"end":{"line":505,"column":32}}]},"39":{"loc":{"start":{"line":506,"column":17},"end":{"line":506,"column":69}},"type":"cond-expr","locations":[{"start":{"line":506,"column":34},"end":{"line":506,"column":62}},{"start":{"line":506,"column":65},"end":{"line":506,"column":69}}]},"40":{"loc":{"start":{"line":519,"column":2},"end":{"line":521,"column":3}},"type":"if","locations":[{"start":{"line":519,"column":2},"end":{"line":521,"column":3}},{"start":{},"end":{}}]},"41":{"loc":{"start":{"line":519,"column":6},"end":{"line":519,"column":42}},"type":"binary-expr","locations":[{"start":{"line":519,"column":6},"end":{"line":519,"column":13}},{"start":{"line":519,"column":17},"end":{"line":519,"column":42}}]},"42":{"loc":{"start":{"line":523,"column":2},"end":{"line":525,"column":3}},"type":"if","locations":[{"start":{"line":523,"column":2},"end":{"line":525,"column":3}},{"start":{},"end":{}}]},"43":{"loc":{"start":{"line":528,"column":2},"end":{"line":528,"column":68}},"type":"if","locations":[{"start":{"line":528,"column":2},"end":{"line":528,"column":68}},{"start":{},"end":{}}]},"44":{"loc":{"start":{"line":575,"column":2},"end":{"line":577,"column":3}},"type":"if","locations":[{"start":{"line":575,"column":2},"end":{"line":577,"column":3}},{"start":{},"end":{}}]},"45":{"loc":{"start":{"line":575,"column":6},"end":{"line":575,"column":46}},"type":"binary-expr","locations":[{"start":{"line":575,"column":6},"end":{"line":575,"column":15}},{"start":{"line":575,"column":19},"end":{"line":575,"column":46}}]},"46":{"loc":{"start":{"line":579,"column":2},"end":{"line":581,"column":3}},"type":"if","locations":[{"start":{"line":579,"column":2},"end":{"line":581,"column":3}},{"start":{},"end":{}}]},"47":{"loc":{"start":{"line":584,"column":2},"end":{"line":584,"column":72}},"type":"if","locations":[{"start":{"line":584,"column":2},"end":{"line":584,"column":72}},{"start":{},"end":{}}]},"48":{"loc":{"start":{"line":605,"column":2},"end":{"line":607,"column":3}},"type":"if","locations":[{"start":{"line":605,"column":2},"end":{"line":607,"column":3}},{"start":{},"end":{}}]},"49":{"loc":{"start":{"line":605,"column":6},"end":{"line":605,"column":46}},"type":"binary-expr","locations":[{"start":{"line":605,"column":6},"end":{"line":605,"column":15}},{"start":{"line":605,"column":19},"end":{"line":605,"column":46}}]},"50":{"loc":{"start":{"line":609,"column":2},"end":{"line":611,"column":3}},"type":"if","locations":[{"start":{"line":609,"column":2},"end":{"line":611,"column":3}},{"start":{},"end":{}}]}},"s":{"0":0,"1":0,"2":0,"3":0,"4":0,"5":0,"6":0,"7":0,"8":0,"9":0,"10":0,"11":0,"12":0,"13":0,"14":0,"15":0,"16":0,"17":0,"18":0,"19":0,"20":0,"21":0,"22":0,"23":0,"24":0,"25":0,"26":0,"27":0,"28":0,"29":0,"30":0,"31":0,"32":0,"33":0,"34":0,"35":0,"36":0,"37":0,"38":0,"39":0,"40":0,"41":0,"42":0,"43":0,"44":0,"45":0,"46":0,"47":0,"48":0,"49":0,"50":0,"51":0,"52":0,"53":0,"54":0,"55":0,"56":0,"57":0,"58":0,"59":0,"60":0,"61":0,"62":0,"63":0,"64":0,"65":0,"66":0,"67":0,"68":0,"69":0,"70":0,"71":0,"72":0,"73":0,"74":0,"75":0,"76":0,"77":0,"78":0,"79":0,"80":0,"81":0,"82":0,"83":0,"84":0,"85":0,"86":0,"87":0,"88":0,"89":0,"90":0,"91":0,"92":0,"93":0,"94":0,"95":0,"96":0,"97":0,"98":0,"99":0,"100":0,"101":0,"102":0,"103":0,"104":0,"105":0,"106":0,"107":0,"108":0,"109":0,"110":0,"111":0,"112":0,"113":0,"114":0,"115":0,"116":0,"117":0,"118":0,"119":0,"120":0,"121":0,"122":0,"123":0,"124":0,"125":0,"126":0},"f":{"0":0,"1":0,"2":0,"3":0,"4":0,"5":0,"6":0,"7":0,"8":0,"9":0,"10":0,"11":0,"12":0,"13":0,"14":0,"15":0,"16":0,"17":0,"18":0,"19":0,"20":0,"21":0,"22":0,"23":0},"b":{"0":[0,0],"1":[0,0,0],"2":[0,0],"3":[0,0],"4":[0,0],"5":[0,0],"6":[0,0],"7":[0,0],"8":[0,0],"9":[0,0],"10":[0,0],"11":[0,0],"12":[0,0],"13":[0,0],"14":[0,0],"15":[0,0],"16":[0,0],"17":[0,0],"18":[0,0],"19":[0,0],"20":[0,0],"21":[0,0],"22":[0,0],"23":[0,0],"24":[0,0],"25":[0,0],"26":[0,0],"27":[0,0],"28":[0,0],"29":[0],"30":[0,0],"31":[0,0],"32":[0,0],"33":[0,0],"34":[0,0],"35":[0,0],"36":[0,0],"37":[0,0],"38":[0,0],"39":[0,0],"40":[0,0],"41":[0,0],"42":[0,0],"43":[0,0],"44":[0,0],"45":[0,0],"46":[0,0],"47":[0,0],"48":[0,0],"49":[0,0],"50":[0,0]}}
,"/Users/kevin/Desktop/Projets/CineConnect_Project/backend/src/types/index.ts": {"path":"/Users/kevin/Desktop/Projets/CineConnect_Project/backend/src/types/index.ts","statementMap":{"0":{"start":{"line":1,"column":0},"end":{"line":1,"column":26}},"1":{"start":{"line":2,"column":0},"end":{"line":2,"column":25}}},"fnMap":{},"branchMap":{},"s":{"0":0,"1":0},"f":{},"b":{}}
}
