TN:
SF:src/app.ts
FN:12,createApp
FN:25,wrapAuthHandler
FN:30,(anonymous_3)
FN:45,(anonymous_4)
FN:57,createHttpServer
FNF:5
FNH:5
FNDA:6,createApp
FNDA:3,wrapAuthHandler
FNDA:3,(anonymous_3)
FNDA:1,(anonymous_4)
FNDA:1,createHttpServer
DA:1,1
DA:2,1
DA:3,1
DA:4,1
DA:5,1
DA:6,1
DA:7,1
DA:8,1
DA:9,1
DA:10,1
DA:12,1
DA:13,6
DA:14,6
DA:16,6
DA:23,6
DA:30,3
DA:31,3
DA:32,3
DA:33,3
DA:34,2
DA:40,6
DA:41,6
DA:43,6
DA:45,6
DA:46,1
DA:49,6
DA:50,6
DA:51,6
DA:52,6
DA:54,6
DA:57,1
DA:58,1
DA:59,1
DA:60,1
LF:34
LH:34
BRDA:14,0,0,6
BRDA:14,0,1,6
BRDA:32,1,0,2
BRDA:32,1,1,1
BRDA:33,2,0,2
BRDA:33,2,1,1
BRF:6
BRH:6
end_of_record
TN:
SF:src/auth.ts
FNF:0
FNH:0
DA:1,4
DA:2,4
DA:3,4
DA:4,4
DA:5,4
DA:7,4
DA:9,4
DA:10,4
DA:12,4
DA:13,2
DA:22,4
LF:11
LH:11
BRDA:9,0,0,4
BRDA:9,0,1,1
BRDA:12,1,0,2
BRDA:12,1,1,2
BRDA:12,2,0,4
BRDA:12,2,1,3
BRDA:24,3,0,4
BRDA:24,3,1,1
BRF:8
BRH:8
end_of_record
TN:
SF:src/index.ts
FN:6,startServer
FN:11,(anonymous_10)
FNF:2
FNH:2
FNDA:3,startServer
FNDA:3,(anonymous_10)
DA:1,4
DA:2,4
DA:4,4
DA:6,4
DA:7,3
DA:8,3
DA:9,3
DA:11,3
DA:12,3
DA:15,3
DA:18,4
DA:19,1
LF:12
LH:12
BRDA:9,0,0,3
BRDA:9,0,1,1
BRDA:18,1,0,1
BRDA:18,1,1,3
BRF:4
BRH:4
end_of_record
TN:
SF:src/socket.ts
FN:11,initSocket
FN:23,(anonymous_10)
FN:41,(anonymous_11)
FN:48,(anonymous_12)
FN:67,(anonymous_13)
FN:71,(anonymous_14)
FNF:6
FNH:6
FNDA:8,initSocket
FNDA:4,(anonymous_10)
FNDA:4,(anonymous_11)
FNDA:4,(anonymous_12)
FNDA:1,(anonymous_13)
FNDA:1,(anonymous_14)
DA:2,1
DA:3,1
DA:4,1
DA:11,1
DA:12,8
DA:23,8
DA:24,4
DA:25,4
DA:26,4
DA:27,4
DA:29,3
DA:30,1
DA:33,2
DA:34,2
DA:35,2
DA:37,1
DA:41,8
DA:42,4
DA:45,4
DA:48,4
DA:49,4
DA:51,4
DA:53,2
DA:54,2
DA:57,1
DA:60,1
DA:62,1
DA:67,4
DA:68,1
DA:71,4
DA:72,1
DA:76,4
DA:79,8
LF:33
LH:33
BRDA:15,0,0,8
BRDA:15,0,1,8
BRDA:25,1,0,4
BRDA:25,1,1,2
BRDA:29,2,0,1
BRDA:29,2,1,2
BRDA:34,3,0,2
BRDA:34,3,1,1
BRDA:51,4,0,2
BRDA:51,4,1,2
BRDA:51,5,0,4
BRDA:51,5,1,3
BRF:12
BRH:12
end_of_record
TN:
SF:src/middlewares/authMiddleware.ts
FN:14,toHeaders
FN:29,attachSession
FN:53,requireAuth
FNF:3
FNH:3
FNDA:3,toHeaders
FNDA:3,attachSession
FNDA:2,requireAuth
DA:2,1
DA:17,3
DA:18,3
DA:19,3
DA:20,2
DA:22,3
DA:29,1
DA:34,3
DA:35,3
DA:36,2
DA:37,1
DA:38,1
DA:40,1
DA:45,1
DA:47,2
DA:53,1
DA:58,2
DA:59,1
DA:60,1
DA:62,1
LF:20
LH:20
BRDA:19,0,0,2
BRDA:19,0,1,1
BRDA:20,1,0,1
BRDA:20,1,1,1
BRDA:36,2,0,1
BRDA:36,2,1,1
BRDA:41,3,0,1
BRDA:41,3,1,1
BRDA:58,4,0,1
BRDA:58,4,1,1
BRF:10
BRH:10
end_of_record
TN:
SF:src/services/friendsService.ts
FN:5,getFriends
FN:24,(anonymous_1)
FN:33,(anonymous_2)
FN:35,(anonymous_3)
FN:41,getPendingRequests
FN:57,(anonymous_5)
FN:63,(anonymous_6)
FN:65,(anonymous_7)
FN:68,sendFriendRequest
FN:91,acceptFriendRequest
FN:108,rejectFriendRequest
FN:125,removeFriend
FNF:12
FNH:12
FNDA:3,getFriends
FNDA:2,(anonymous_1)
FNDA:1,(anonymous_2)
FNDA:2,(anonymous_3)
FNDA:3,getPendingRequests
FNDA:2,(anonymous_5)
FNDA:1,(anonymous_6)
FNDA:2,(anonymous_7)
FNDA:3,sendFriendRequest
FNDA:2,acceptFriendRequest
FNDA:2,rejectFriendRequest
FNDA:1,removeFriend
DA:1,1
DA:2,1
DA:3,1
DA:5,1
DA:6,3
DA:22,3
DA:24,2
DA:25,2
DA:28,2
DA:33,2
DA:35,2
DA:36,2
DA:37,2
DA:41,1
DA:42,3
DA:55,3
DA:57,2
DA:58,2
DA:63,2
DA:65,2
DA:68,1
DA:69,3
DA:71,2
DA:81,2
DA:83,1
DA:88,1
DA:91,1
DA:92,2
DA:104,2
DA:105,1
DA:108,1
DA:109,2
DA:121,2
DA:122,1
DA:125,1
DA:126,1
LF:36
LH:36
BRDA:22,0,0,1
BRDA:22,0,1,2
BRDA:25,1,0,1
BRDA:25,1,1,1
BRDA:36,2,0,1
BRDA:36,2,1,1
BRDA:37,3,0,2
BRDA:37,3,1,1
BRDA:55,4,0,1
BRDA:55,4,1,2
BRDA:65,5,0,2
BRDA:65,5,1,1
BRDA:69,6,0,1
BRDA:69,6,1,2
BRDA:81,7,0,1
BRDA:81,7,1,1
BRDA:104,8,0,1
BRDA:104,8,1,1
BRDA:121,9,0,1
BRDA:121,9,1,1
BRF:20
BRH:20
end_of_record
TN:
SF:src/services/messagesService.ts
FN:14,getConversation
FN:48,createMessage
FN:61,getRecentConversations
FN:89,getIncomingMessages
FNF:4
FNH:4
FNDA:2,getConversation
FNDA:1,createMessage
FNDA:1,getRecentConversations
FNDA:4,getIncomingMessages
DA:1,1
DA:2,1
DA:3,1
DA:14,1
DA:20,2
DA:22,2
DA:48,1
DA:53,1
DA:58,1
DA:61,1
DA:63,1
DA:76,1
DA:77,1
DA:78,1
DA:79,3
DA:80,3
DA:81,2
DA:82,2
DA:86,1
DA:89,1
DA:93,4
DA:95,4
LF:22
LH:22
BRDA:17,0,0,1
BRDA:18,1,0,1
BRDA:79,2,0,1
BRDA:79,2,1,2
BRDA:80,3,0,2
BRDA:80,3,1,1
BRDA:91,4,0,1
BRF:7
BRH:7
end_of_record
