TN:
SF:src/app.ts
FN:12,createApp
FN:25,wrapAuthHandler
FN:30,(anonymous_3)
FN:45,(anonymous_4)
FN:57,createHttpServer
FNF:5
FNH:5
FNDA:6,createApp
FNDA:3,wrapAuthHandler
FNDA:3,(anonymous_3)
FNDA:1,(anonymous_4)
FNDA:1,createHttpServer
DA:1,1
DA:2,1
DA:3,1
DA:4,1
DA:5,1
DA:6,1
DA:7,1
DA:8,1
DA:9,1
DA:10,1
DA:12,1
DA:13,6
DA:14,6
DA:16,6
DA:23,6
DA:30,3
DA:31,3
DA:32,3
DA:33,3
DA:34,2
DA:40,6
DA:41,6
DA:43,6
DA:45,6
DA:46,1
DA:49,6
DA:50,6
DA:51,6
DA:52,6
DA:54,6
DA:57,1
DA:58,1
DA:59,1
DA:60,1
LF:34
LH:34
BRDA:14,0,0,6
BRDA:14,0,1,6
BRDA:32,1,0,2
BRDA:32,1,1,1
BRDA:33,2,0,2
BRDA:33,2,1,1
BRF:6
BRH:6
end_of_record
TN:
SF:src/auth.ts
FNF:0
FNH:0
DA:1,4
DA:2,4
DA:3,4
DA:4,4
DA:5,4
DA:7,4
DA:9,4
DA:10,4
DA:12,4
DA:13,2
DA:22,4
LF:11
LH:11
BRDA:9,0,0,4
BRDA:9,0,1,1
BRDA:12,1,0,2
BRDA:12,1,1,2
BRDA:12,2,0,4
BRDA:12,2,1,3
BRDA:24,3,0,4
BRDA:24,3,1,1
BRF:8
BRH:8
end_of_record
TN:
SF:src/index.ts
FN:6,startServer
FN:11,(anonymous_10)
FNF:2
FNH:2
FNDA:3,startServer
FNDA:3,(anonymous_10)
DA:1,4
DA:2,4
DA:4,4
DA:6,4
DA:7,3
DA:8,3
DA:9,3
DA:11,3
DA:12,3
DA:15,3
DA:18,4
DA:19,1
LF:12
LH:12
BRDA:9,0,0,3
BRDA:9,0,1,1
BRDA:18,1,0,1
BRDA:18,1,1,3
BRF:4
BRH:4
end_of_record
TN:
SF:src/socket.ts
FN:11,initSocket
FN:23,(anonymous_10)
FN:41,(anonymous_11)
FN:48,(anonymous_12)
FN:67,(anonymous_13)
FN:71,(anonymous_14)
FNF:6
FNH:6
FNDA:8,initSocket
FNDA:4,(anonymous_10)
FNDA:4,(anonymous_11)
FNDA:4,(anonymous_12)
FNDA:1,(anonymous_13)
FNDA:1,(anonymous_14)
DA:2,1
DA:3,1
DA:4,1
DA:11,1
DA:12,8
DA:23,8
DA:24,4
DA:25,4
DA:26,4
DA:27,4
DA:29,3
DA:30,1
DA:33,2
DA:34,2
DA:35,2
DA:37,1
DA:41,8
DA:42,4
DA:45,4
DA:48,4
DA:49,4
DA:51,4
DA:53,2
DA:54,2
DA:57,1
DA:60,1
DA:62,1
DA:67,4
DA:68,1
DA:71,4
DA:72,1
DA:76,4
DA:79,8
LF:33
LH:33
BRDA:15,0,0,8
BRDA:15,0,1,8
BRDA:25,1,0,4
BRDA:25,1,1,2
BRDA:29,2,0,1
BRDA:29,2,1,2
BRDA:34,3,0,2
BRDA:34,3,1,1
BRDA:51,4,0,2
BRDA:51,4,1,2
BRDA:51,5,0,4
BRDA:51,5,1,3
BRF:12
BRH:12
end_of_record
TN:
SF:src/db/index.ts
FNF:0
FNH:0
DA:1,1
DA:2,1
DA:3,1
DA:4,1
DA:7,1
DA:10,1
DA:15,1
LF:7
LH:7
BRF:0
BRH:0
end_of_record
TN:
SF:src/middlewares/authMiddleware.ts
FN:14,toHeaders
FN:29,attachSession
FN:53,requireAuth
FNF:3
FNH:3
FNDA:3,toHeaders
FNDA:3,attachSession
FNDA:2,requireAuth
DA:2,1
DA:17,3
DA:18,3
DA:19,3
DA:20,2
DA:22,3
DA:29,1
DA:34,3
DA:35,3
DA:36,2
DA:37,1
DA:38,1
DA:40,1
DA:45,1
DA:47,2
DA:53,1
DA:58,2
DA:59,1
DA:60,1
DA:62,1
LF:20
LH:20
BRDA:19,0,0,2
BRDA:19,0,1,1
BRDA:20,1,0,1
BRDA:20,1,1,1
BRDA:36,2,0,1
BRDA:36,2,1,1
BRDA:41,3,0,1
BRDA:41,3,1,1
BRDA:58,4,0,1
BRDA:58,4,1,1
BRF:10
BRH:10
end_of_record
TN:
SF:src/routes/films.ts
FN:23,(anonymous_1)
FN:50,(anonymous_2)
FN:68,(anonymous_3)
FN:83,(anonymous_4)
FN:107,(anonymous_5)
FNF:5
FNH:5
FNDA:3,(anonymous_1)
FNDA:2,(anonymous_2)
FNDA:2,(anonymous_3)
FNDA:2,(anonymous_4)
FNDA:5,(anonymous_5)
DA:1,1
DA:2,1
DA:8,1
DA:12,1
DA:16,1
DA:18,1
DA:23,1
DA:24,3
DA:25,3
DA:27,3
DA:28,1
DA:32,1
DA:35,2
DA:36,2
DA:37,1
DA:39,1
DA:40,1
DA:50,1
DA:51,2
DA:53,2
DA:54,2
DA:55,1
DA:57,1
DA:58,1
DA:68,1
DA:69,2
DA:71,2
DA:72,2
DA:73,1
DA:75,1
DA:76,1
DA:83,1
DA:84,2
DA:86,2
DA:87,2
DA:88,1
DA:90,1
DA:91,1
DA:98,1
DA:104,1
DA:108,5
DA:109,5
DA:111,5
DA:112,5
DA:113,4
DA:114,1
DA:118,1
DA:121,3
DA:126,3
DA:133,1
DA:134,1
DA:142,1
LF:52
LH:52
BRDA:25,0,0,3
BRDA:25,0,1,2
BRDA:27,1,0,1
BRDA:27,1,1,2
BRDA:27,2,0,3
BRDA:27,2,1,3
BRDA:51,3,0,2
BRDA:51,3,1,1
BRDA:69,4,0,2
BRDA:69,4,1,1
BRDA:84,5,0,2
BRDA:84,5,1,1
BRDA:109,6,0,5
BRDA:109,6,1,1
BRDA:113,7,0,1
BRDA:113,7,1,3
BRDA:123,8,0,2
BRDA:123,8,1,1
BRF:18
BRH:18
end_of_record
TN:
SF:src/routes/friends.ts
FN:14,(anonymous_9)
FN:25,(anonymous_10)
FN:36,(anonymous_11)
FN:66,(anonymous_12)
FN:86,(anonymous_13)
FN:106,(anonymous_14)
FNF:6
FNH:6
FNDA:2,(anonymous_9)
FNDA:2,(anonymous_10)
FNDA:5,(anonymous_11)
FNDA:4,(anonymous_12)
FNDA:4,(anonymous_13)
FNDA:2,(anonymous_14)
DA:1,1
DA:2,1
DA:7,1
DA:9,1
DA:11,1
DA:14,1
DA:15,2
DA:16,2
DA:17,2
DA:18,1
DA:20,1
DA:25,1
DA:26,2
DA:27,2
DA:28,2
DA:29,1
DA:31,1
DA:36,1
DA:37,5
DA:38,5
DA:39,5
DA:41,5
DA:42,1
DA:43,1
DA:47,4
DA:51,4
DA:52,1
DA:53,1
DA:56,3
DA:57,3
DA:58,1
DA:60,2
DA:61,2
DA:66,1
DA:67,4
DA:68,4
DA:69,4
DA:70,4
DA:71,1
DA:72,1
DA:74,3
DA:78,1
DA:80,2
DA:81,2
DA:86,1
DA:87,4
DA:88,4
DA:89,4
DA:90,4
DA:91,1
DA:92,1
DA:94,3
DA:98,1
DA:100,2
DA:101,2
DA:106,1
DA:107,2
DA:108,2
DA:109,2
DA:110,2
DA:111,1
DA:113,1
DA:117,1
LF:63
LH:63
BRDA:41,0,0,1
BRDA:41,0,1,4
BRDA:47,1,0,3
BRDA:47,1,1,1
BRDA:51,2,0,1
BRDA:51,2,1,3
BRDA:51,3,0,4
BRDA:51,3,1,3
BRDA:60,4,0,1
BRDA:60,4,1,1
BRDA:70,5,0,1
BRDA:70,5,1,3
BRDA:80,6,0,1
BRDA:80,6,1,1
BRDA:90,7,0,1
BRDA:90,7,1,3
BRDA:100,8,0,1
BRDA:100,8,1,1
BRF:18
BRH:18
end_of_record
TN:
SF:src/routes/messages.ts
FN:14,(anonymous_9)
FN:34,(anonymous_10)
FN:45,(anonymous_11)
FN:57,(anonymous_12)
FNF:4
FNH:4
FNDA:2,(anonymous_9)
FNDA:2,(anonymous_10)
FNDA:2,(anonymous_11)
FNDA:3,(anonymous_12)
DA:1,1
DA:2,1
DA:7,1
DA:9,1
DA:11,1
DA:14,1
DA:15,2
DA:16,2
DA:17,2
DA:18,2
DA:19,2
DA:21,2
DA:27,1
DA:29,1
DA:34,1
DA:35,2
DA:36,2
DA:37,2
DA:38,1
DA:40,1
DA:45,1
DA:46,2
DA:47,2
DA:48,2
DA:49,2
DA:50,1
DA:52,1
DA:57,1
DA:58,3
DA:59,3
DA:60,3
DA:65,3
DA:66,1
DA:67,1
DA:70,2
DA:75,1
DA:77,1
DA:81,1
LF:38
LH:38
BRDA:18,0,0,2
BRDA:18,0,1,1
BRDA:19,1,0,2
BRDA:19,1,1,1
BRDA:48,2,0,2
BRDA:48,2,1,1
BRDA:65,3,0,1
BRDA:65,3,1,2
BRDA:65,4,0,3
BRDA:65,4,1,2
BRF:10
BRH:10
end_of_record
TN:
SF:src/routes/reviews.ts
FN:23,getOmdbId
FN:27,getNumberParam
FN:31,(anonymous_2)
FN:53,(anonymous_3)
FN:87,(anonymous_4)
FN:124,(anonymous_5)
FN:168,(anonymous_6)
FN:218,(anonymous_7)
FN:263,(anonymous_8)
FNF:9
FNH:9
FNDA:40,getOmdbId
FNDA:19,getNumberParam
FNDA:4,(anonymous_2)
FNDA:5,(anonymous_3)
FNDA:6,(anonymous_4)
FNDA:6,(anonymous_5)
FNDA:7,(anonymous_6)
FNDA:7,(anonymous_7)
FNDA:5,(anonymous_8)
DA:1,1
DA:2,1
DA:7,1
DA:21,1
DA:24,40
DA:28,19
DA:31,1
DA:32,4
DA:33,4
DA:34,1
DA:35,1
DA:38,3
DA:39,3
DA:40,1
DA:42,2
DA:43,1
DA:44,1
DA:46,1
DA:50,1
DA:54,5
DA:55,5
DA:56,1
DA:57,1
DA:60,4
DA:61,4
DA:63,4
DA:64,4
DA:68,1
DA:70,3
DA:71,1
DA:72,1
DA:74,2
DA:75,1
DA:76,1
DA:78,1
DA:83,1
DA:88,6
DA:89,6
DA:90,1
DA:91,1
DA:94,5
DA:95,5
DA:97,5
DA:98,1
DA:99,1
DA:102,4
DA:103,4
DA:104,1
DA:105,1
DA:107,3
DA:108,1
DA:109,1
DA:111,2
DA:112,1
DA:113,1
DA:115,1
DA:120,1
DA:125,6
DA:126,6
DA:127,1
DA:128,1
DA:131,5
DA:132,5
DA:137,5
DA:138,1
DA:139,1
DA:142,4
DA:143,4
DA:149,1
DA:151,3
DA:152,1
DA:153,1
DA:155,2
DA:156,1
DA:157,1
DA:159,1
DA:164,1
DA:169,7
DA:170,7
DA:172,7
DA:173,1
DA:174,1
DA:177,6
DA:178,6
DA:180,6
DA:181,1
DA:182,1
DA:185,5
DA:186,5
DA:192,1
DA:194,4
DA:198,1
DA:199,1
DA:201,3
DA:202,1
DA:203,1
DA:205,2
DA:206,1
DA:207,1
DA:209,1
DA:214,1
DA:219,7
DA:220,7
DA:222,7
DA:223,1
DA:224,1
DA:227,6
DA:228,6
DA:230,6
DA:231,1
DA:232,1
DA:235,5
DA:236,5
DA:237,1
DA:239,4
DA:243,1
DA:244,1
DA:246,3
DA:247,1
DA:248,1
DA:250,2
DA:251,1
DA:252,1
DA:254,1
DA:259,1
DA:264,5
DA:265,5
DA:267,5
DA:268,1
DA:269,1
DA:272,4
DA:274,4
DA:275,4
DA:276,1
DA:278,3
DA:282,1
DA:283,1
DA:285,2
DA:286,1
DA:287,1
DA:289,1
DA:294,1
LF:142
LH:142
BRDA:24,0,0,40
BRDA:24,0,1,0
BRDA:28,1,0,19
BRDA:28,1,1,0
BRDA:33,2,0,1
BRDA:33,2,1,3
BRDA:42,3,0,1
BRDA:42,3,1,1
BRDA:55,4,0,1
BRDA:55,4,1,4
BRDA:61,5,0,4
BRDA:61,5,1,0
BRDA:66,6,0,0
BRDA:66,6,1,4
BRDA:70,7,0,1
BRDA:70,7,1,2
BRDA:74,8,0,1
BRDA:74,8,1,1
BRDA:89,9,0,1
BRDA:89,9,1,5
BRDA:97,10,0,1
BRDA:97,10,1,4
BRDA:107,11,0,1
BRDA:107,11,1,2
BRDA:111,12,0,1
BRDA:111,12,1,1
BRDA:126,13,0,1
BRDA:126,13,1,5
BRDA:137,14,0,1
BRDA:137,14,1,4
BRDA:151,15,0,1
BRDA:151,15,1,2
BRDA:155,16,0,1
BRDA:155,16,1,1
BRDA:172,17,0,1
BRDA:172,17,1,6
BRDA:172,18,0,7
BRDA:172,18,1,7
BRDA:180,19,0,1
BRDA:180,19,1,5
BRDA:194,20,0,1
BRDA:194,20,1,3
BRDA:195,21,0,4
BRDA:195,21,1,4
BRDA:201,22,0,1
BRDA:201,22,1,2
BRDA:205,23,0,1
BRDA:205,23,1,1
BRDA:222,24,0,1
BRDA:222,24,1,6
BRDA:222,25,0,7
BRDA:222,25,1,7
BRDA:230,26,0,1
BRDA:230,26,1,5
BRDA:239,27,0,1
BRDA:239,27,1,3
BRDA:240,28,0,4
BRDA:240,28,1,4
BRDA:246,29,0,1
BRDA:246,29,1,2
BRDA:250,30,0,1
BRDA:250,30,1,1
BRDA:267,31,0,1
BRDA:267,31,1,4
BRDA:267,32,0,5
BRDA:267,32,1,5
BRDA:278,33,0,1
BRDA:278,33,1,2
BRDA:279,34,0,3
BRDA:279,34,1,3
BRDA:285,35,0,1
BRDA:285,35,1,1
BRF:72
BRH:68
end_of_record
TN:
SF:src/routes/users.ts
FN:17,(anonymous_0)
FN:44,(anonymous_1)
FN:60,(anonymous_2)
FN:87,(anonymous_3)
FN:104,(anonymous_4)
FN:121,(anonymous_5)
FN:144,(anonymous_6)
FN:151,(anonymous_7)
FN:177,(anonymous_8)
FNF:9
FNH:9
FNDA:3,(anonymous_0)
FNDA:2,(anonymous_1)
FNDA:3,(anonymous_2)
FNDA:2,(anonymous_3)
FNDA:2,(anonymous_4)
FNDA:6,(anonymous_5)
FNDA:6,(anonymous_6)
FNDA:3,(anonymous_7)
FNDA:3,(anonymous_8)
DA:1,1
DA:2,1
DA:7,1
DA:8,1
DA:9,1
DA:10,1
DA:12,1
DA:14,1
DA:17,1
DA:18,3
DA:19,3
DA:21,3
DA:43,2
DA:44,2
DA:55,1
DA:60,1
DA:61,3
DA:62,3
DA:64,3
DA:86,2
DA:87,2
DA:99,1
DA:104,1
DA:105,2
DA:106,2
DA:107,2
DA:109,2
DA:114,1
DA:116,1
DA:121,1
DA:122,6
DA:123,6
DA:124,6
DA:126,6
DA:127,2
DA:128,2
DA:131,4
DA:144,6
DA:145,3
DA:146,1
DA:147,1
DA:151,3
DA:152,2
DA:170,2
DA:171,2
DA:172,2
DA:173,2
DA:176,2
DA:177,3
DA:183,1
DA:187,1
LF:51
LH:51
BRDA:51,0,0,1
BRDA:51,0,1,1
BRDA:93,1,0,2
BRDA:93,1,1,1
BRDA:95,2,0,1
BRDA:95,2,1,1
BRDA:107,3,0,2
BRDA:107,3,1,1
BRDA:124,4,0,6
BRDA:124,4,1,1
BRDA:126,5,0,2
BRDA:126,5,1,4
BRDA:145,6,0,1
BRDA:145,6,1,2
BRDA:172,7,0,1
BRDA:172,7,1,1
BRDA:173,8,0,2
BRDA:173,8,1,1
BRDA:179,9,0,3
BRDA:179,9,1,1
BRF:20
BRH:20
end_of_record
TN:
SF:src/services/filmsService.ts
FN:59,cleanPoster
FN:64,parseYear
FN:71,parseType
FN:79,fetchOmdbSearch
FN:91,fetchOmdbDetail
FN:101,upsertFilmFromOmdbDetail
FN:128,withCommunityRatings
FN:131,(anonymous_7)
FN:149,(anonymous_8)
FN:151,(anonymous_9)
FN:173,searchFilms
FN:184,(anonymous_11)
FN:192,(anonymous_12)
FN:194,(anonymous_13)
FN:197,(anonymous_14)
FN:203,(anonymous_15)
FN:206,(anonymous_16)
FN:209,(anonymous_17)
FN:225,getFilmDetail
FN:243,getTopRatedFilms
FN:277,getFilmsByGenre
FNF:21
FNH:21
FNDA:4,cleanPoster
FNDA:4,parseYear
FNDA:10,parseType
FNDA:7,fetchOmdbSearch
FNDA:10,fetchOmdbDetail
FNDA:4,upsertFilmFromOmdbDetail
FNDA:4,withCommunityRatings
FNDA:3,(anonymous_7)
FNDA:2,(anonymous_8)
FNDA:3,(anonymous_9)
FNDA:7,searchFilms
FNDA:4,(anonymous_11)
FNDA:1,(anonymous_12)
FNDA:4,(anonymous_13)
FNDA:3,(anonymous_14)
FNDA:3,(anonymous_15)
FNDA:2,(anonymous_16)
FNDA:4,(anonymous_17)
FNDA:9,getFilmDetail
FNDA:3,getTopRatedFilms
FNDA:2,getFilmsByGenre
DA:1,3
DA:2,3
DA:3,3
DA:20,3
DA:21,3
DA:60,4
DA:61,2
DA:65,4
DA:67,3
DA:68,3
DA:74,10
DA:75,2
DA:83,7
DA:85,6
DA:86,6
DA:87,6
DA:88,5
DA:92,10
DA:94,9
DA:95,9
DA:96,9
DA:97,8
DA:102,4
DA:116,4
DA:125,4
DA:129,4
DA:131,3
DA:133,3
DA:149,3
DA:151,3
DA:152,3
DA:153,3
DA:154,1
DA:161,2
DA:173,3
DA:177,7
DA:179,5
DA:180,2
DA:183,3
DA:184,4
DA:187,3
DA:192,3
DA:194,4
DA:196,3
DA:198,3
DA:199,3
DA:200,2
DA:201,1
DA:203,3
DA:205,3
DA:206,3
DA:208,3
DA:210,4
DA:211,4
DA:212,2
DA:222,3
DA:225,3
DA:226,9
DA:232,9
DA:233,2
DA:236,7
DA:237,5
DA:238,4
DA:240,3
DA:243,3
DA:244,3
DA:251,3
DA:258,3
DA:277,3
DA:280,2
DA:282,2
DA:283,24
DA:290,24
DA:291,1
DA:294,1
DA:301,2
LF:76
LH:76
BRDA:60,0,0,2
BRDA:60,0,1,2
BRDA:60,1,0,4
BRDA:60,1,1,4
BRDA:60,1,2,2
BRDA:65,2,0,1
BRDA:65,2,1,3
BRDA:65,3,0,4
BRDA:65,3,1,4
BRDA:68,4,0,1
BRDA:68,4,1,2
BRDA:74,5,0,8
BRDA:74,5,1,2
BRDA:83,6,0,1
BRDA:83,6,1,6
BRDA:87,7,0,1
BRDA:87,7,1,5
BRDA:92,8,0,1
BRDA:92,8,1,9
BRDA:96,9,0,1
BRDA:96,9,1,8
BRDA:107,10,0,2
BRDA:107,10,1,2
BRDA:109,11,0,3
BRDA:109,11,1,1
BRDA:110,12,0,2
BRDA:110,12,1,2
BRDA:111,13,0,2
BRDA:111,13,1,2
BRDA:112,14,0,2
BRDA:112,14,1,2
BRDA:113,15,0,2
BRDA:113,15,1,2
BRDA:129,16,0,1
BRDA:129,16,1,3
BRDA:153,17,0,1
BRDA:153,17,1,2
BRDA:164,18,0,1
BRDA:164,18,1,1
BRDA:175,19,0,2
BRDA:179,20,0,2
BRDA:179,20,1,3
BRDA:179,21,0,5
BRDA:179,21,1,3
BRDA:183,22,0,3
BRDA:183,22,1,1
BRDA:199,23,0,1
BRDA:199,23,1,2
BRDA:200,24,0,1
BRDA:200,24,1,1
BRDA:211,25,0,2
BRDA:211,25,1,2
BRDA:232,26,0,2
BRDA:232,26,1,7
BRDA:233,27,0,1
BRDA:233,27,1,1
BRDA:237,28,0,1
BRDA:237,28,1,4
BRDA:238,29,0,1
BRDA:238,29,1,3
BRDA:243,30,0,1
BRDA:278,31,0,1
BRDA:290,32,0,1
BRDA:290,32,1,23
BRF:64
BRH:64
end_of_record
TN:
SF:src/services/friendsService.ts
FN:5,getFriends
FN:24,(anonymous_1)
FN:33,(anonymous_2)
FN:35,(anonymous_3)
FN:41,getPendingRequests
FN:57,(anonymous_5)
FN:63,(anonymous_6)
FN:65,(anonymous_7)
FN:68,sendFriendRequest
FN:91,acceptFriendRequest
FN:108,rejectFriendRequest
FN:125,removeFriend
FNF:12
FNH:12
FNDA:3,getFriends
FNDA:2,(anonymous_1)
FNDA:1,(anonymous_2)
FNDA:2,(anonymous_3)
FNDA:3,getPendingRequests
FNDA:2,(anonymous_5)
FNDA:1,(anonymous_6)
FNDA:2,(anonymous_7)
FNDA:3,sendFriendRequest
FNDA:2,acceptFriendRequest
FNDA:2,rejectFriendRequest
FNDA:1,removeFriend
DA:1,1
DA:2,1
DA:3,1
DA:5,1
DA:6,3
DA:22,3
DA:24,2
DA:25,2
DA:28,2
DA:33,2
DA:35,2
DA:36,2
DA:37,2
DA:41,1
DA:42,3
DA:55,3
DA:57,2
DA:58,2
DA:63,2
DA:65,2
DA:68,1
DA:69,3
DA:71,2
DA:81,2
DA:83,1
DA:88,1
DA:91,1
DA:92,2
DA:104,2
DA:105,1
DA:108,1
DA:109,2
DA:121,2
DA:122,1
DA:125,1
DA:126,1
LF:36
LH:36
BRDA:22,0,0,1
BRDA:22,0,1,2
BRDA:25,1,0,1
BRDA:25,1,1,1
BRDA:36,2,0,1
BRDA:36,2,1,1
BRDA:37,3,0,2
BRDA:37,3,1,1
BRDA:55,4,0,1
BRDA:55,4,1,2
BRDA:65,5,0,2
BRDA:65,5,1,1
BRDA:69,6,0,1
BRDA:69,6,1,2
BRDA:81,7,0,1
BRDA:81,7,1,1
BRDA:104,8,0,1
BRDA:104,8,1,1
BRDA:121,9,0,1
BRDA:121,9,1,1
BRF:20
BRH:20
end_of_record
TN:
SF:src/services/messagesService.ts
FN:14,getConversation
FN:48,createMessage
FN:61,getRecentConversations
FN:89,getIncomingMessages
FNF:4
FNH:4
FNDA:2,getConversation
FNDA:1,createMessage
FNDA:1,getRecentConversations
FNDA:4,getIncomingMessages
DA:1,1
DA:2,1
DA:3,1
DA:14,1
DA:20,2
DA:22,2
DA:48,1
DA:53,1
DA:58,1
DA:61,1
DA:63,1
DA:76,1
DA:77,1
DA:78,1
DA:79,3
DA:80,3
DA:81,2
DA:82,2
DA:86,1
DA:89,1
DA:93,4
DA:95,4
LF:22
LH:22
BRDA:17,0,0,1
BRDA:18,1,0,1
BRDA:79,2,0,1
BRDA:79,2,1,2
BRDA:80,3,0,2
BRDA:80,3,1,1
BRDA:91,4,0,1
BRF:7
BRH:7
end_of_record
TN:
SF:src/services/reviewsService.ts
FN:91,normalizeRating
FN:99,normalizeOptionalRating
FN:104,getFilmIdByOmdbId
FN:114,mapReviewRow
FN:131,getReviewById
FN:148,getParentReviewByUserAndFilm
FN:174,getReviewWithAuthorById
FN:196,ensureFilmExists
FN:202,getFilmComments
FN:226,(anonymous_9)
FN:229,(anonymous_10)
FN:267,(anonymous_11)
FN:274,createFilmComment
FN:329,upsertFilmRating
FN:362,getFilmRatingSummary
FN:402,getLatestCommunityReviews
FN:432,(anonymous_16)
FN:449,getUserCommentReplyNotifications
FN:465,(anonymous_18)
FN:494,(anonymous_19)
FN:495,(anonymous_20)
FN:510,createReviewReply
FN:566,updateReviewComment
FN:597,deleteReviewComment
FNF:24
FNH:24
FNDA:4,normalizeRating
FNDA:4,normalizeOptionalRating
FNDA:28,getFilmIdByOmdbId
FNDA:7,mapReviewRow
FNDA:11,getReviewById
FNDA:8,getParentReviewByUserAndFilm
FNDA:4,getReviewWithAuthorById
FNDA:28,ensureFilmExists
FNDA:5,getFilmComments
FNDA:5,(anonymous_9)
FNDA:2,(anonymous_10)
FNDA:2,(anonymous_11)
FNDA:5,createFilmComment
FNDA:3,upsertFilmRating
FNDA:4,getFilmRatingSummary
FNDA:2,getLatestCommunityReviews
FNDA:2,(anonymous_16)
FNDA:3,getUserCommentReplyNotifications
FNDA:2,(anonymous_18)
FNDA:3,(anonymous_19)
FNDA:2,(anonymous_20)
FNDA:4,createReviewReply
FNDA:4,updateReviewComment
FNDA:3,deleteReviewComment
DA:1,1
DA:2,1
DA:3,1
DA:58,1
DA:59,1
DA:60,1
DA:61,1
DA:92,4
DA:93,4
DA:94,1
DA:96,3
DA:100,4
DA:101,1
DA:105,28
DA:111,28
DA:115,7
DA:132,11
DA:145,11
DA:152,8
DA:171,8
DA:175,4
DA:193,4
DA:197,28
DA:198,28
DA:199,27
DA:202,1
DA:205,5
DA:207,4
DA:225,4
DA:227,5
DA:229,4
DA:232,4
DA:252,4
DA:254,4
DA:255,2
DA:257,1
DA:262,1
DA:263,1
DA:264,1
DA:267,4
DA:274,1
DA:280,5
DA:282,5
DA:283,5
DA:285,4
DA:286,4
DA:293,4
DA:294,2
DA:304,2
DA:306,2
DA:317,2
DA:320,4
DA:321,4
DA:322,1
DA:325,3
DA:326,3
DA:329,1
DA:334,3
DA:335,3
DA:337,2
DA:342,2
DA:343,1
DA:350,1
DA:353,1
DA:362,1
DA:366,4
DA:368,4
DA:382,4
DA:383,4
DA:384,2
DA:388,2
DA:391,4
DA:402,1
DA:405,2
DA:407,2
DA:432,2
DA:449,1
DA:453,3
DA:458,3
DA:465,3
DA:466,3
DA:468,2
DA:493,2
DA:494,3
DA:495,2
DA:510,1
DA:516,4
DA:518,4
DA:519,4
DA:520,1
DA:523,3
DA:524,1
DA:527,2
DA:528,2
DA:530,1
DA:541,1
DA:559,1
DA:560,1
DA:566,1
DA:572,4
DA:574,4
DA:575,4
DA:576,1
DA:579,3
DA:580,1
DA:583,2
DA:584,2
DA:586,1
DA:597,1
DA:602,3
DA:604,3
DA:605,3
DA:606,1
DA:609,2
DA:610,1
DA:613,1
LF:116
LH:116
BRDA:93,0,0,1
BRDA:93,0,1,3
BRDA:93,1,0,4
BRDA:93,1,1,4
BRDA:93,1,2,4
BRDA:100,2,0,3
BRDA:100,2,1,1
BRDA:111,3,0,28
BRDA:111,3,1,1
BRDA:120,4,0,7
BRDA:120,4,1,1
BRDA:121,5,0,6
BRDA:121,5,1,1
BRDA:122,6,0,6
BRDA:122,6,1,1
BRDA:125,7,0,7
BRDA:125,7,1,2
BRDA:145,8,0,11
BRDA:145,8,1,3
BRDA:171,9,0,8
BRDA:171,9,1,3
BRDA:198,10,0,1
BRDA:198,10,1,27
BRDA:227,11,0,5
BRDA:227,11,1,5
BRDA:227,12,0,5
BRDA:227,12,1,1
BRDA:232,13,0,2
BRDA:232,13,1,2
BRDA:255,14,0,1
BRDA:255,14,1,1
BRDA:262,15,0,1
BRDA:262,15,1,1
BRDA:270,16,0,2
BRDA:270,16,1,1
BRDA:283,17,0,1
BRDA:283,17,1,4
BRDA:293,18,0,2
BRDA:293,18,1,2
BRDA:299,19,0,1
BRDA:299,19,1,1
BRDA:312,20,0,2
BRDA:312,20,1,2
BRDA:321,21,0,1
BRDA:321,21,1,3
BRDA:342,22,0,1
BRDA:342,22,1,1
BRDA:383,23,0,2
BRDA:383,23,1,2
BRDA:388,24,0,1
BRDA:388,24,1,1
BRDA:388,25,0,2
BRDA:388,25,1,2
BRDA:393,26,0,2
BRDA:393,26,1,2
BRDA:393,27,0,4
BRDA:393,27,1,3
BRDA:397,28,0,4
BRDA:397,28,1,1
BRDA:403,29,0,1
BRDA:435,30,0,2
BRDA:435,30,1,1
BRDA:436,31,0,1
BRDA:436,31,1,1
BRDA:439,32,0,2
BRDA:439,32,1,1
BRDA:443,33,0,2
BRDA:443,33,1,1
BRDA:454,34,0,3
BRDA:454,34,1,1
BRDA:466,35,0,1
BRDA:466,35,1,2
BRDA:498,36,0,2
BRDA:498,36,1,1
BRDA:502,37,0,2
BRDA:502,37,1,1
BRDA:505,38,0,2
BRDA:505,38,1,1
BRDA:506,39,0,1
BRDA:506,39,1,1
BRDA:519,40,0,1
BRDA:519,40,1,3
BRDA:519,41,0,4
BRDA:519,41,1,3
BRDA:523,42,0,1
BRDA:523,42,1,2
BRDA:528,43,0,1
BRDA:528,43,1,1
BRDA:575,44,0,1
BRDA:575,44,1,3
BRDA:575,45,0,4
BRDA:575,45,1,3
BRDA:579,46,0,1
BRDA:579,46,1,2
BRDA:584,47,0,1
BRDA:584,47,1,1
BRDA:605,48,0,1
BRDA:605,48,1,2
BRDA:605,49,0,3
BRDA:605,49,1,2
BRDA:609,50,0,1
BRDA:609,50,1,1
BRF:102
BRH:102
end_of_record
